#
# A fatal error has been detected by the Java Runtime Environment:
#
#  SIGSEGV (0xb) at pc=0x0000000123b90173, pid=4323, tid=1811
#
# JRE version: Java(TM) SE Runtime Environment (8.0-b132) (build 1.8.0-b132)
# Java VM: Java HotSpot(TM) 64-Bit Server VM (25.0-b70 mixed mode bsd-amd64 compressed oops)
# Problematic frame:
# C  [libglass.dylib+0x1b173]  GlassScreenDidChangeScreenParameters+0x53
#
# Failed to write core dump. Core dumps have been disabled. To enable core dumping, try "ulimit -c unlimited" before starting Java again
#
# If you would like to submit a bug report, please visit:
#   http://bugreport.sun.com/bugreport/crash.jsp
#

---------------  T H R E A D  ---------------

Current thread is native thread

siginfo:si_signo=SIGSEGV: si_errno=0, si_code=1 (SEGV_MAPERR), si_addr=0x0000000000000000

Registers:
RAX=0x00007fb432641878, RBX=0x0000000000000000, RCX=0x0000000123bc2910, RDX=0x00007fff7a55a1f8
RSP=0x00007fff5c7870b0, RBP=0x00007fff5c7870c0, RSI=0x00007fb43272e7e8, RDI=0x0000000000000000
R8 =0x00007fff5c786f60, R9 =0x00007fff7bb72300, R10=0x0000000000000000, R11=0x0000000000000246
R12=0x00007fb432423730, R13=0x00000000000f4268, R14=0x00007fb434062080, R15=0x00007fff5c787200
RIP=0x0000000123b90173, EFLAGS=0x0000000000010206, ERR=0x0000000000000004
  TRAPNO=0x000000000000000e

Top of Stack: (sp=0x00007fff5c7870b0)
0x00007fff5c7870b0:   00007fff5c7870c0 00007fff5c787290
0x00007fff5c7870c0:   00007fff5c7870d0 00007fff96821cbc
0x00007fff5c7870d0:   00007fff5c787430 00007fff967131b4
0x00007fff5c7870e0:   00007fb432998600 0000000000003c00
0x00007fff5c7870f0:   0000000103490000 00007fb4327fc080
0x00007fff5c787100:   0000000000001006 0000000000000900
0x00007fff5c787110:   0000000000000004 00007fb434062080
0x00007fff5c787120:   0000000000000000 00007fff5c787200
0x00007fff5c787130:   0000000000000000 00007fb434062040
0x00007fff5c787140:   00007fff5c787280 0000000000000060
0x00007fff5c787150:   00000000000f4314 00007fb4324830e0
0x00007fff5c787160:   00007fb432733040 00007fb432423730
0x00007fff5c787170:   0000000000000001 00000000000f4268
0x00007fff5c787180:   00007fb432423720 00007fff9537aacb
0x00007fff5c787190:   0000000000000001 0000000000000001
0x00007fff5c7871a0:   0000000000000030 0000000000000001
0x00007fff5c7871b0:   00007fff5c7871d0 00007fff95380231
0x00007fff5c7871c0:   00007fff7b828dd0 0000000000000000
0x00007fff5c7871d0:   00007fff5c7871f0 0000000000000022
0x00007fff5c7871e0:   0002b10300000000 00007fb432423754
0x00007fff5c7871f0:   0000000000000000 00007fff96708c8f
0x00007fff5c787200:   00007fb434062080 00007fff7b828dd0
0x00007fff5c787210:   00007fff5c787290 00007fff967117bf
0x00007fff5c787220:   00007fff5c78729c 00007fff5c7872a0
0x00007fff5c787230:   0000000103493a00 0000000000000002
0x00007fff5c787240:   0000000103490000 00007fb432446902
0x00007fff5c787250:   0000000000000003 0000000103497600
0x00007fff5c787260:   00007fff5c787350 00007fff953792a2
0x00007fff5c787270:   00007fb432732c90 00007fff5c787438
0x00007fff5c787280:   0000000000000017 0000000000000000
0x00007fff5c787290:   00000000000f4268 00007fff96708f83
0x00007fff5c7872a0:   00007fff00000000 00007fb43263e630 

Instructions: (pc=0x0000000123b90173)
0x0000000123b90153:   50 01 00 48 89 df ff 90 88 03 00 00 48 8d 0d a2
0x0000000123b90163:   28 03 00 48 89 01 48 8d 0d a0 27 03 00 48 8b 31
0x0000000123b90173:   48 8b 0b 48 89 df 48 89 c2 30 c0 ff 91 68 04 00
0x0000000123b90183:   00 48 83 c4 08 5b 5d c3 0f 1f 44 00 00 55 48 89 

Register to memory mapping:

RAX=0x00007fb432641878 is an unknown value
RBX=0x0000000000000000 is an unknown value
RCX=0x0000000123bc2910: jScreenClass+0 in /Library/Java/JavaVirtualMachines/jdk1.8.0.jdk/Contents/Home/jre/lib/libglass.dylib at 0x0000000123b75000
RDX=0x00007fff7a55a1f8: __sFX+0x1c8 in /usr/lib/system/libsystem_c.dylib at 0x00007fff8e8de000
RSP=0x00007fff5c7870b0 is an unknown value
RBP=0x00007fff5c7870c0 is an unknown value
RSI=0x00007fb43272e7e8 is a global jni handle
RDI=0x0000000000000000 is an unknown value
R8 =0x00007fff5c786f60 is an unknown value
R9 =0x00007fff7bb72300: _thread+0 in /usr/lib/system/libsystem_pthread.dylib at 0x00007fff97de7000
R10=0x0000000000000000 is an unknown value
R11=0x0000000000000246 is an unknown value
R12=0x00007fb432423730 is an unknown value
R13=0x00000000000f4268 is an unknown value
R14=0x00007fb434062080 is an unknown value
R15=0x00007fff5c787200 is an unknown value


Stack: [0x00007fff5bf8a000,0x00007fff5c78a000],  sp=0x00007fff5c7870b0,  free space=8180k
Native frames: (J=compiled Java code, j=interpreted, Vv=VM code, C=native code)
C  [libglass.dylib+0x1b173]  GlassScreenDidChangeScreenParameters+0x53
C  [CoreFoundation+0x11ecbc]  __CFNOTIFICATIONCENTER_IS_CALLING_OUT_TO_AN_OBSERVER__+0xc
C  [CoreFoundation+0x101b4]  _CFXNotificationPost+0xc44
C  [Foundation+0x2ea1]  -[NSNotificationCenter postNotificationName:object:userInfo:]+0x42
C  [AppKit+0x362dee]  -[NSApplication _reactToScreenInvalidationImmediately:]+0x17b
C  [AppKit+0x362c2d]  __44-[NSApplication _reactToScreenInvalidation:]_block_invoke+0x4b
C  [CoreFoundation+0x8054c]  __CFRUNLOOP_IS_CALLING_OUT_TO_A_BLOCK__+0xc
C  [CoreFoundation+0x72655]  __CFRunLoopDoBlocks+0x155
C  [CoreFoundation+0x72196]  __CFRunLoopRun+0x716
C  [CoreFoundation+0x71838]  CFRunLoopRunSpecific+0x128
C  [java+0x56db]  CreateExecutionEnvironment+0x367
C  [java+0x167c]  JLI_Launch+0x7a0
C  [java+0x7699]  main+0x65
C  [java+0xed4]  start+0x34


---------------  P R O C E S S  ---------------

VM state:not at safepoint (normal execution)

VM Mutex/Monitor currently owned by a thread: None

Heap:
 PSYoungGen      total 13312K, used 5953K [0x000000076ab00000, 0x000000076ba80000, 0x00000007c0000000)
  eden space 10752K, 39% used [0x000000076ab00000,0x000000076af1afd0,0x000000076b580000)
  from space 2560K, 68% used [0x000000076b800000,0x000000076b9b5510,0x000000076ba80000)
  to   space 2560K, 0% used [0x000000076b580000,0x000000076b580000,0x000000076b800000)
 ParOldGen       total 260608K, used 3190K [0x00000006c0000000, 0x00000006cfe80000, 0x000000076ab00000)
  object space 260608K, 1% used [0x00000006c0000000,0x00000006c031d9e8,0x00000006cfe80000)
 Metaspace       used 14858K, capacity 15050K, committed 15360K, reserved 1062912K
  class space    used 2231K, capacity 2265K, committed 2304K, reserved 1048576K

Card table byte_map: [0x0000000114982000,0x0000000115183000] byte_map_base: 0x0000000111382000

Marking Bits: (ParMarkBitMap*) 0x0000000104e660a0
 Begin Bits: [0x0000000115ef1000, 0x0000000119ef1000)
 End Bits:   [0x0000000119ef1000, 0x000000011def1000)

Polling page: 0x00000001035cd000

CodeCache: size=245760Kb used=3834Kb max_used=3847Kb free=241925Kb
 bounds [0x00000001055c2000, 0x0000000105992000, 0x00000001145c2000]
 total_blobs=1722 nmethods=1115 adapters=522
 compilation: enabled

Compilation events (10 events):
Event: 11.554 Thread 0x00007fb433812000 1111       3       com.sun.glass.ui.Application::GetApplication (4 bytes)
Event: 11.555 Thread 0x00007fb433812000 nmethod 1111 0x0000000105980b90 code [0x0000000105980ce0, 0x0000000105980e10]
Event: 11.555 Thread 0x00007fb433812000 1113       3       com.sun.javafx.event.CompositeEventHandler::dispatchCapturingEvent (40 bytes)
Event: 11.555 Thread 0x00007fb433812000 nmethod 1113 0x0000000105980e90 code [0x0000000105981020, 0x0000000105981448]
Event: 11.555 Thread 0x00007fb433812000 1112       3       sun.util.logging.PlatformLogger$DefaultLoggerProxy::isLoggable (29 bytes)
Event: 11.555 Thread 0x00007fb433812000 nmethod 1112 0x0000000105981590 code [0x0000000105981720, 0x0000000105981c30]
Event: 11.571 Thread 0x00007fb433812000 1114       1       com.sun.javafx.geom.transform.Identity::isTranslateOrIdentity (2 bytes)
Event: 11.571 Thread 0x00007fb433812000 nmethod 1114 0x0000000105981e10 code [0x0000000105981f60, 0x0000000105982070]
Event: 12.066 Thread 0x00007fb433809000 1115   !   4       java.util.zip.ZipFile$ZipFileInputStream::close (110 bytes)
Event: 12.072 Thread 0x00007fb433809000 nmethod 1115 0x0000000105985590 code [0x0000000105985720, 0x0000000105985fe8]

GC Heap History (10 events):
Event: 4.337 GC heap before
{Heap before GC invocations=6 (full 0):
 PSYoungGen      total 2560K, used 2544K [0x000000076ab00000, 0x000000076b100000, 0x00000007c0000000)
  eden space 2048K, 100% used [0x000000076ab00000,0x000000076ad00000,0x000000076ad00000)
  from space 512K, 96% used [0x000000076ad00000,0x000000076ad7c030,0x000000076ad80000)
  to   space 1024K, 0% used [0x000000076b000000,0x000000076b000000,0x000000076b100000)
 ParOldGen       total 260608K, used 630K [0x00000006c0000000, 0x00000006cfe80000, 0x000000076ab00000)
  object space 260608K, 0% used [0x00000006c0000000,0x00000006c009d938,0x00000006cfe80000)
 Metaspace       used 6368K, capacity 6830K, committed 7040K, reserved 1056768K
  class space    used 768K, capacity 790K, committed 896K, reserved 1048576K
Event: 4.339 GC heap after
Heap after GC invocations=6 (full 0):
 PSYoungGen      total 4608K, used 1008K [0x000000076ab00000, 0x000000076b200000, 0x00000007c0000000)
  eden space 3584K, 0% used [0x000000076ab00000,0x000000076ab00000,0x000000076ae80000)
  from space 1024K, 98% used [0x000000076b000000,0x000000076b0fc030,0x000000076b100000)
  to   space 1536K, 0% used [0x000000076ae80000,0x000000076ae80000,0x000000076b000000)
 ParOldGen       total 260608K, used 726K [0x00000006c0000000, 0x00000006cfe80000, 0x000000076ab00000)
  object space 260608K, 0% used [0x00000006c0000000,0x00000006c00b5958,0x00000006cfe80000)
 Metaspace       used 6368K, capacity 6830K, committed 7040K, reserved 1056768K
  class space    used 768K, capacity 790K, committed 896K, reserved 1048576K
}
Event: 4.407 GC heap before
{Heap before GC invocations=7 (full 0):
 PSYoungGen      total 4608K, used 4592K [0x000000076ab00000, 0x000000076b200000, 0x00000007c0000000)
  eden space 3584K, 100% used [0x000000076ab00000,0x000000076ae80000,0x000000076ae80000)
  from space 1024K, 98% used [0x000000076b000000,0x000000076b0fc030,0x000000076b100000)
  to   space 1536K, 0% used [0x000000076ae80000,0x000000076ae80000,0x000000076b000000)
 ParOldGen       total 260608K, used 726K [0x00000006c0000000, 0x00000006cfe80000, 0x000000076ab00000)
  object space 260608K, 0% used [0x00000006c0000000,0x00000006c00b5958,0x00000006cfe80000)
 Metaspace       used 8253K, capacity 8388K, committed 8576K, reserved 1056768K
  class space    used 1022K, capacity 1048K, committed 1152K, reserved 1048576K
Event: 4.409 GC heap after
Heap after GC invocations=7 (full 0):
 PSYoungGen      total 5120K, used 1488K [0x000000076ab00000, 0x000000076b500000, 0x00000007c0000000)
  eden space 3584K, 0% used [0x000000076ab00000,0x000000076ab00000,0x000000076ae80000)
  from space 1536K, 96% used [0x000000076ae80000,0x000000076aff4060,0x000000076b000000)
  to   space 1536K, 0% used [0x000000076b380000,0x000000076b380000,0x000000076b500000)
 ParOldGen       total 260608K, used 918K [0x00000006c0000000, 0x00000006cfe80000, 0x000000076ab00000)
  object space 260608K, 0% used [0x00000006c0000000,0x00000006c00e5988,0x00000006cfe80000)
 Metaspace       used 8253K, capacity 8388K, committed 8576K, reserved 1056768K
  class space    used 1022K, capacity 1048K, committed 1152K, reserved 1048576K
}
Event: 4.479 GC heap before
{Heap before GC invocations=8 (full 0):
 PSYoungGen      total 5120K, used 5072K [0x000000076ab00000, 0x000000076b500000, 0x00000007c0000000)
  eden space 3584K, 100% used [0x000000076ab00000,0x000000076ae80000,0x000000076ae80000)
  from space 1536K, 96% used [0x000000076ae80000,0x000000076aff4060,0x000000076b000000)
  to   space 1536K, 0% used [0x000000076b380000,0x000000076b380000,0x000000076b500000)
 ParOldGen       total 260608K, used 918K [0x00000006c0000000, 0x00000006cfe80000, 0x000000076ab00000)
  object space 260608K, 0% used [0x00000006c0000000,0x00000006c00e5988,0x00000006cfe80000)
 Metaspace       used 9453K, capacity 9606K, committed 9728K, reserved 1058816K
  class space    used 1217K, capacity 1241K, committed 1280K, reserved 1048576K
Event: 4.483 GC heap after
Heap after GC invocations=8 (full 0):
 PSYoungGen      total 8192K, used 1520K [0x000000076ab00000, 0x000000076b600000, 0x00000007c0000000)
  eden space 6656K, 0% used [0x000000076ab00000,0x000000076ab00000,0x000000076b180000)
  from space 1536K, 98% used [0x000000076b380000,0x000000076b4fc030,0x000000076b500000)
  to   space 2048K, 0% used [0x000000076b180000,0x000000076b180000,0x000000076b380000)
 ParOldGen       total 260608K, used 1662K [0x00000006c0000000, 0x00000006cfe80000, 0x000000076ab00000)
  object space 260608K, 0% used [0x00000006c0000000,0x00000006c019f9b8,0x00000006cfe80000)
 Metaspace       used 9453K, capacity 9606K, committed 9728K, reserved 1058816K
  class space    used 1217K, capacity 1241K, committed 1280K, reserved 1048576K
}
Event: 4.792 GC heap before
{Heap before GC invocations=9 (full 0):
 PSYoungGen      total 8192K, used 8176K [0x000000076ab00000, 0x000000076b600000, 0x00000007c0000000)
  eden space 6656K, 100% used [0x000000076ab00000,0x000000076b180000,0x000000076b180000)
  from space 1536K, 98% used [0x000000076b380000,0x000000076b4fc030,0x000000076b500000)
  to   space 2048K, 0% used [0x000000076b180000,0x000000076b180000,0x000000076b380000)
 ParOldGen       total 260608K, used 1662K [0x00000006c0000000, 0x00000006cfe80000, 0x000000076ab00000)
  object space 260608K, 0% used [0x00000006c0000000,0x00000006c019f9b8,0x00000006cfe80000)
 Metaspace       used 11941K, capacity 12138K, committed 12288K, reserved 1060864K
  class space    used 1681K, capacity 1721K, committed 1792K, reserved 1048576K
Event: 4.796 GC heap after
Heap after GC invocations=9 (full 0):
 PSYoungGen      total 8704K, used 1536K [0x000000076ab00000, 0x000000076ba80000, 0x00000007c0000000)
  eden space 6656K, 0% used [0x000000076ab00000,0x000000076ab00000,0x000000076b180000)
  from space 2048K, 75% used [0x000000076b180000,0x000000076b300000,0x000000076b380000)
  to   space 2560K, 0% used [0x000000076b800000,0x000000076b800000,0x000000076ba80000)
 ParOldGen       total 260608K, used 2334K [0x00000006c0000000, 0x00000006cfe80000, 0x000000076ab00000)
  object space 260608K, 0% used [0x00000006c0000000,0x00000006c02479d8,0x00000006cfe80000)
 Metaspace       used 11941K, capacity 12138K, committed 12288K, reserved 1060864K
  class space    used 1681K, capacity 1721K, committed 1792K, reserved 1048576K
}
Event: 5.161 GC heap before
{Heap before GC invocations=10 (full 0):
 PSYoungGen      total 8704K, used 8192K [0x000000076ab00000, 0x000000076ba80000, 0x00000007c0000000)
  eden space 6656K, 100% used [0x000000076ab00000,0x000000076b180000,0x000000076b180000)
  from space 2048K, 75% used [0x000000076b180000,0x000000076b300000,0x000000076b380000)
  to   space 2560K, 0% used [0x000000076b800000,0x000000076b800000,0x000000076ba80000)
 ParOldGen       total 260608K, used 2334K [0x00000006c0000000, 0x00000006cfe80000, 0x000000076ab00000)
  object space 260608K, 0% used [0x00000006c0000000,0x00000006c02479d8,0x00000006cfe80000)
 Metaspace       used 14193K, capacity 14346K, committed 14592K, reserved 1060864K
  class space    used 2143K, capacity 2201K, committed 2304K, reserved 1048576K
Event: 5.165 GC heap after
Heap after GC invocations=10 (full 0):
 PSYoungGen      total 13312K, used 1749K [0x000000076ab00000, 0x000000076ba80000, 0x00000007c0000000)
  eden space 10752K, 0% used [0x000000076ab00000,0x000000076ab00000,0x000000076b580000)
  from space 2560K, 68% used [0x000000076b800000,0x000000076b9b5510,0x000000076ba80000)
  to   space 2560K, 0% used [0x000000076b580000,0x000000076b580000,0x000000076b800000)
 ParOldGen       total 260608K, used 3190K [0x00000006c0000000, 0x00000006cfe80000, 0x000000076ab00000)
  object space 260608K, 1% used [0x00000006c0000000,0x00000006c031d9e8,0x00000006cfe80000)
 Metaspace       used 14193K, capacity 14346K, committed 14592K, reserved 1060864K
  class space    used 2143K, capacity 2201K, committed 2304K, reserved 1048576K
}

Deoptimization events (10 events):
Event: 4.729 Thread 0x00007fb433874000 Uncommon trap: reason=unreached action=reinterpret pc=0x0000000105833c04 method=java.util.HashMap.hash(Ljava/lang/Object;)I @ 1
Event: 4.738 Thread 0x00007fb433874000 Uncommon trap: reason=class_check action=maybe_recompile pc=0x00000001057e3b90 method=java.io.DataInputStream.readShort()S @ 4
Event: 4.738 Thread 0x00007fb433874000 Uncommon trap: reason=class_check action=maybe_recompile pc=0x00000001057e3b90 method=java.io.DataInputStream.readShort()S @ 4
Event: 4.739 Thread 0x00007fb433874000 Uncommon trap: reason=class_check action=maybe_recompile pc=0x00000001057e3b90 method=java.io.DataInputStream.readShort()S @ 4
Event: 4.739 Thread 0x00007fb433874000 Uncommon trap: reason=class_check action=maybe_recompile pc=0x00000001057e3b90 method=java.io.DataInputStream.readShort()S @ 4
Event: 4.743 Thread 0x00007fb433874000 Uncommon trap: reason=class_check action=maybe_recompile pc=0x000000010570e284 method=java.lang.String.equals(Ljava/lang/Object;)Z @ 8
Event: 4.743 Thread 0x00007fb433874000 Uncommon trap: reason=class_check action=maybe_recompile pc=0x000000010570e284 method=java.lang.String.equals(Ljava/lang/Object;)Z @ 8
Event: 4.746 Thread 0x00007fb433874000 Uncommon trap: reason=class_check action=maybe_recompile pc=0x000000010570e284 method=java.lang.String.equals(Ljava/lang/Object;)Z @ 8
Event: 4.746 Thread 0x00007fb433874000 Uncommon trap: reason=class_check action=maybe_recompile pc=0x000000010570e284 method=java.lang.String.equals(Ljava/lang/Object;)Z @ 8
Event: 4.955 Thread 0x00007fb433874000 Uncommon trap: reason=unloaded action=reinterpret pc=0x00000001057af858 method=java.lang.CharacterData.of(I)Ljava/lang/CharacterData; @ 96

Internal exceptions (10 events):
Event: 4.493 Thread 0x00007fb433874000 Exception <a 'java/security/PrivilegedActionException'> (0x000000076ab98d88) thrown at [/HUDSON/workspace/8-2-build-macosx-x86_64/jdk8/2238/hotspot/src/share/vm/prims/jvm.cpp, line 1248]
Event: 4.494 Thread 0x00007fb433874000 Exception <a 'java/security/PrivilegedActionException'> (0x000000076abb7600) thrown at [/HUDSON/workspace/8-2-build-macosx-x86_64/jdk8/2238/hotspot/src/share/vm/prims/jvm.cpp, line 1248]
Event: 4.494 Thread 0x00007fb433874000 Exception <a 'java/security/PrivilegedActionException'> (0x000000076abb8618) thrown at [/HUDSON/workspace/8-2-build-macosx-x86_64/jdk8/2238/hotspot/src/share/vm/prims/jvm.cpp, line 1248]
Event: 4.525 Thread 0x00007fb433874000 Exception <a 'java/security/PrivilegedActionException'> (0x000000076ad86508) thrown at [/HUDSON/workspace/8-2-build-macosx-x86_64/jdk8/2238/hotspot/src/share/vm/prims/jvm.cpp, line 1248]
Event: 4.525 Thread 0x00007fb433874000 Exception <a 'java/security/PrivilegedActionException'> (0x000000076ad9d7c8) thrown at [/HUDSON/workspace/8-2-build-macosx-x86_64/jdk8/2238/hotspot/src/share/vm/prims/jvm.cpp, line 1248]
Event: 4.525 Thread 0x00007fb433874000 Exception <a 'java/security/PrivilegedActionException'> (0x000000076adb5080) thrown at [/HUDSON/workspace/8-2-build-macosx-x86_64/jdk8/2238/hotspot/src/share/vm/prims/jvm.cpp, line 1248]
Event: 4.729 Thread 0x00007fb433874000 Implicit null exception at 0x00000001058339f5 to 0x0000000105833bf5
Event: 4.809 Thread 0x00007fb433874000 Exception <a 'java/security/PrivilegedActionException'> (0x000000076ab8eab8) thrown at [/HUDSON/workspace/8-2-build-macosx-x86_64/jdk8/2238/hotspot/src/share/vm/prims/jvm.cpp, line 1248]
Event: 4.810 Thread 0x00007fb433874000 Exception <a 'java/security/PrivilegedActionException'> (0x000000076aba4340) thrown at [/HUDSON/workspace/8-2-build-macosx-x86_64/jdk8/2238/hotspot/src/share/vm/prims/jvm.cpp, line 1248]
Event: 4.810 Thread 0x00007fb433874000 Exception <a 'java/security/PrivilegedActionException'> (0x000000076abb9eb0) thrown at [/HUDSON/workspace/8-2-build-macosx-x86_64/jdk8/2238/hotspot/src/share/vm/prims/jvm.cpp, line 1248]

Events (10 events):
Event: 12.066 loading class com/sun/javafx/application/PlatformImpl$10 done
Event: 12.068 loading class com/sun/javafx/tk/quantum/QuantumRenderer$5
Event: 12.068 loading class com/sun/javafx/tk/quantum/QuantumRenderer$5 done
Event: 12.068 Thread 0x00007fb433859800 Thread exited: 0x00007fb433859800
Event: 12.068 Thread 0x00007fb434800800 Thread exited: 0x00007fb434800800
Event: 12.068 Executing VM operation: RevokeBias
Event: 12.068 Executing VM operation: RevokeBias done
Event: 12.068 Thread 0x00007fb43485a000 Thread exited: 0x00007fb43485a000
Event: 12.068 Thread 0x00007fb435036800 Thread added: 0x00007fb435036800
Event: 12.068 Thread 0x00007fb433874000 Thread exited: 0x00007fb433874000


Dynamic libraries:
0x0000000009838000 	/System/Library/Frameworks/Cocoa.framework/Versions/A/Cocoa
0x0000000009838000 	/System/Library/Frameworks/Security.framework/Versions/A/Security
0x0000000009838000 	/System/Library/Frameworks/ApplicationServices.framework/Versions/A/ApplicationServices
0x0000000009838000 	/usr/lib/libz.1.dylib
0x0000000009838000 	/usr/lib/libSystem.B.dylib
0x0000000009838000 	/usr/lib/libobjc.A.dylib
0x0000000009838000 	/System/Library/Frameworks/CoreFoundation.framework/Versions/A/CoreFoundation
0x0000000009838000 	/System/Library/Frameworks/Foundation.framework/Versions/C/Foundation
0x0000000009838000 	/System/Library/Frameworks/AppKit.framework/Versions/C/AppKit
0x0000000009838000 	/System/Library/Frameworks/CoreData.framework/Versions/A/CoreData
0x0000000009838000 	/System/Library/PrivateFrameworks/RemoteViewServices.framework/Versions/A/RemoteViewServices
0x0000000009838000 	/System/Library/PrivateFrameworks/UIFoundation.framework/Versions/A/UIFoundation
0x0000000009838000 	/System/Library/Frameworks/IOSurface.framework/Versions/A/IOSurface
0x0000000009838000 	/System/Library/Frameworks/AudioToolbox.framework/Versions/A/AudioToolbox
0x0000000009838000 	/System/Library/Frameworks/AudioUnit.framework/Versions/A/AudioUnit
0x0000000009838000 	/System/Library/PrivateFrameworks/DataDetectorsCore.framework/Versions/A/DataDetectorsCore
0x0000000009838000 	/System/Library/PrivateFrameworks/DesktopServicesPriv.framework/Versions/A/DesktopServicesPriv
0x0000000009838000 	/System/Library/Frameworks/Carbon.framework/Versions/A/Frameworks/HIToolbox.framework/Versions/A/HIToolbox
0x0000000009838000 	/System/Library/Frameworks/QuartzCore.framework/Versions/A/QuartzCore
0x0000000009838000 	/System/Library/Frameworks/Carbon.framework/Versions/A/Frameworks/SpeechRecognition.framework/Versions/A/SpeechRecognition
0x0000000009838000 	/usr/lib/libauto.dylib
0x0000000009838000 	/usr/lib/libicucore.A.dylib
0x0000000009838000 	/usr/lib/libxml2.2.dylib
0x0000000009838000 	/System/Library/PrivateFrameworks/CoreUI.framework/Versions/A/CoreUI
0x0000000009838000 	/System/Library/Frameworks/CoreAudio.framework/Versions/A/CoreAudio
0x0000000009838000 	/System/Library/Frameworks/DiskArbitration.framework/Versions/A/DiskArbitration
0x0000000009838000 	/usr/lib/liblangid.dylib
0x0000000009838000 	/System/Library/PrivateFrameworks/MultitouchSupport.framework/Versions/A/MultitouchSupport
0x0000000009838000 	/System/Library/Frameworks/IOKit.framework/Versions/A/IOKit
0x0000000009838000 	/usr/lib/libDiagnosticMessagesClient.dylib
0x0000000009838000 	/System/Library/Frameworks/CoreServices.framework/Versions/A/CoreServices
0x0000000009838000 	/System/Library/PrivateFrameworks/PerformanceAnalysis.framework/Versions/A/PerformanceAnalysis
0x0000000009838000 	/System/Library/PrivateFrameworks/GenerationalStorage.framework/Versions/A/GenerationalStorage
0x0000000009838000 	/System/Library/Frameworks/OpenGL.framework/Versions/A/OpenGL
0x0000000009838000 	/System/Library/PrivateFrameworks/Sharing.framework/Versions/A/Sharing
0x0000000009838000 	/System/Library/Frameworks/CoreGraphics.framework/Versions/A/CoreGraphics
0x0000000009838000 	/System/Library/Frameworks/CoreText.framework/Versions/A/CoreText
0x0000000009838000 	/System/Library/Frameworks/ImageIO.framework/Versions/A/ImageIO
0x0000000009838000 	/usr/lib/libextension.dylib
0x0000000009838000 	/System/Library/PrivateFrameworks/Backup.framework/Versions/A/Backup
0x0000000009838000 	/usr/lib/libarchive.2.dylib
0x0000000009838000 	/System/Library/Frameworks/CFNetwork.framework/Versions/A/CFNetwork
0x0000000009838000 	/System/Library/Frameworks/SystemConfiguration.framework/Versions/A/SystemConfiguration
0x0000000009838000 	/usr/lib/libCRFSuite.dylib
0x0000000009838000 	/usr/lib/libc++.1.dylib
0x0000000009838000 	/usr/lib/libc++abi.dylib
0x0000000009838000 	/usr/lib/system/libcache.dylib
0x0000000009838000 	/usr/lib/system/libcommonCrypto.dylib
0x0000000009838000 	/usr/lib/system/libcompiler_rt.dylib
0x0000000009838000 	/usr/lib/system/libcopyfile.dylib
0x0000000009838000 	/usr/lib/system/libcorecrypto.dylib
0x0000000009838000 	/usr/lib/system/libdispatch.dylib
0x0000000009838000 	/usr/lib/system/libdyld.dylib
0x0000000009838000 	/usr/lib/system/libkeymgr.dylib
0x0000000009838000 	/usr/lib/system/liblaunch.dylib
0x0000000009838000 	/usr/lib/system/libmacho.dylib
0x0000000009838000 	/usr/lib/system/libquarantine.dylib
0x0000000009838000 	/usr/lib/system/libremovefile.dylib
0x0000000009838000 	/usr/lib/system/libsystem_asl.dylib
0x0000000009838000 	/usr/lib/system/libsystem_blocks.dylib
0x0000000009838000 	/usr/lib/system/libsystem_c.dylib
0x0000000009838000 	/usr/lib/system/libsystem_configuration.dylib
0x0000000009838000 	/usr/lib/system/libsystem_coreservices.dylib
0x0000000009838000 	/usr/lib/system/libsystem_coretls.dylib
0x0000000009838000 	/usr/lib/system/libsystem_dnssd.dylib
0x0000000009838000 	/usr/lib/system/libsystem_info.dylib
0x0000000009838000 	/usr/lib/system/libsystem_kernel.dylib
0x0000000009838000 	/usr/lib/system/libsystem_m.dylib
0x0000000009838000 	/usr/lib/system/libsystem_malloc.dylib
0x0000000009838000 	/usr/lib/system/libsystem_network.dylib
0x0000000009838000 	/usr/lib/system/libsystem_networkextension.dylib
0x0000000009838000 	/usr/lib/system/libsystem_notify.dylib
0x0000000009838000 	/usr/lib/system/libsystem_platform.dylib
0x0000000009838000 	/usr/lib/system/libsystem_pthread.dylib
0x0000000009838000 	/usr/lib/system/libsystem_sandbox.dylib
0x0000000009838000 	/usr/lib/system/libsystem_secinit.dylib
0x0000000009838000 	/usr/lib/system/libsystem_stats.dylib
0x0000000009838000 	/usr/lib/system/libsystem_trace.dylib
0x0000000009838000 	/usr/lib/system/libunc.dylib
0x0000000009838000 	/usr/lib/system/libunwind.dylib
0x0000000009838000 	/usr/lib/system/libxpc.dylib
0x0000000009838000 	/usr/lib/libbz2.1.0.dylib
0x0000000009838000 	/usr/lib/liblzma.5.dylib
0x0000000009838000 	/usr/lib/libbsm.0.dylib
0x0000000009838000 	/usr/lib/libsqlite3.dylib
0x0000000009838000 	/usr/lib/system/libkxld.dylib
0x0000000009838000 	/usr/lib/libxar.1.dylib
0x0000000009838000 	/usr/lib/libpam.2.dylib
0x0000000009838000 	/usr/lib/libOpenScriptingUtil.dylib
0x0000000009838000 	/System/Library/Frameworks/CoreServices.framework/Versions/A/Frameworks/FSEvents.framework/Versions/A/FSEvents
0x0000000009838000 	/System/Library/Frameworks/CoreServices.framework/Versions/A/Frameworks/CarbonCore.framework/Versions/A/CarbonCore
0x0000000009838000 	/System/Library/Frameworks/CoreServices.framework/Versions/A/Frameworks/Metadata.framework/Versions/A/Metadata
0x0000000009838000 	/System/Library/Frameworks/CoreServices.framework/Versions/A/Frameworks/OSServices.framework/Versions/A/OSServices
0x0000000009838000 	/System/Library/Frameworks/CoreServices.framework/Versions/A/Frameworks/SearchKit.framework/Versions/A/SearchKit
0x0000000009838000 	/System/Library/Frameworks/CoreServices.framework/Versions/A/Frameworks/AE.framework/Versions/A/AE
0x0000000009838000 	/System/Library/Frameworks/CoreServices.framework/Versions/A/Frameworks/LaunchServices.framework/Versions/A/LaunchServices
0x0000000009838000 	/System/Library/Frameworks/CoreServices.framework/Versions/A/Frameworks/DictionaryServices.framework/Versions/A/DictionaryServices
0x0000000009838000 	/System/Library/Frameworks/NetFS.framework/Versions/A/NetFS
0x0000000009838000 	/System/Library/PrivateFrameworks/NetAuth.framework/Versions/A/NetAuth
0x0000000009838000 	/System/Library/PrivateFrameworks/login.framework/Versions/A/Frameworks/loginsupport.framework/Versions/A/loginsupport
0x0000000009838000 	/System/Library/PrivateFrameworks/TCC.framework/Versions/A/TCC
0x0000000009838000 	/usr/lib/libmecabra.dylib
0x0000000009838000 	/System/Library/PrivateFrameworks/LanguageModeling.framework/Versions/A/LanguageModeling
0x0000000009838000 	/usr/lib/libcmph.dylib
0x0000000009838000 	/usr/lib/libiconv.2.dylib
0x0000000009838000 	/System/Library/Frameworks/OpenDirectory.framework/Versions/A/Frameworks/CFOpenDirectory.framework/Versions/A/CFOpenDirectory
0x0000000009838000 	/System/Library/Frameworks/ServiceManagement.framework/Versions/A/ServiceManagement
0x0000000009838000 	/usr/lib/libxslt.1.dylib
0x0000000009838000 	/System/Library/Frameworks/Carbon.framework/Versions/A/Frameworks/Ink.framework/Versions/A/Ink
0x0000000009838000 	/System/Library/Frameworks/ApplicationServices.framework/Versions/A/Frameworks/ATS.framework/Versions/A/ATS
0x0000000009838000 	/System/Library/Frameworks/ApplicationServices.framework/Versions/A/Frameworks/ColorSync.framework/Versions/A/ColorSync
0x0000000009838000 	/System/Library/Frameworks/ApplicationServices.framework/Versions/A/Frameworks/HIServices.framework/Versions/A/HIServices
0x0000000009838000 	/System/Library/Frameworks/ApplicationServices.framework/Versions/A/Frameworks/LangAnalysis.framework/Versions/A/LangAnalysis
0x0000000009838000 	/System/Library/Frameworks/ApplicationServices.framework/Versions/A/Frameworks/PrintCore.framework/Versions/A/PrintCore
0x0000000009838000 	/System/Library/Frameworks/ApplicationServices.framework/Versions/A/Frameworks/QD.framework/Versions/A/QD
0x0000000009838000 	/System/Library/Frameworks/ApplicationServices.framework/Versions/A/Frameworks/SpeechSynthesis.framework/Versions/A/SpeechSynthesis
0x0000000009838000 	/System/Library/Frameworks/Accelerate.framework/Versions/A/Accelerate
0x0000000009838000 	/System/Library/Frameworks/Accelerate.framework/Versions/A/Frameworks/vImage.framework/Versions/A/vImage
0x0000000009838000 	/System/Library/Frameworks/Accelerate.framework/Versions/A/Frameworks/vecLib.framework/Versions/A/vecLib
0x0000000009838000 	/System/Library/Frameworks/Accelerate.framework/Versions/A/Frameworks/vecLib.framework/Versions/A/libvDSP.dylib
0x0000000009838000 	/System/Library/Frameworks/Accelerate.framework/Versions/A/Frameworks/vecLib.framework/Versions/A/libvMisc.dylib
0x0000000009838000 	/System/Library/Frameworks/Accelerate.framework/Versions/A/Frameworks/vecLib.framework/Versions/A/libLAPACK.dylib
0x0000000009838000 	/System/Library/Frameworks/Accelerate.framework/Versions/A/Frameworks/vecLib.framework/Versions/A/libBLAS.dylib
0x0000000009838000 	/System/Library/Frameworks/Accelerate.framework/Versions/A/Frameworks/vecLib.framework/Versions/A/libLinearAlgebra.dylib
0x0000000009838000 	/System/Library/Frameworks/ApplicationServices.framework/Versions/A/Frameworks/ATS.framework/Versions/A/Resources/libFontParser.dylib
0x0000000009838000 	/System/Library/Frameworks/ApplicationServices.framework/Versions/A/Frameworks/ATS.framework/Versions/A/Resources/libFontRegistry.dylib
0x0000000009838000 	/System/Library/PrivateFrameworks/AppleVPA.framework/Versions/A/AppleVPA
0x0000000009838000 	/System/Library/PrivateFrameworks/AppleJPEG.framework/Versions/A/AppleJPEG
0x0000000009838000 	/System/Library/Frameworks/ImageIO.framework/Versions/A/Resources/libJPEG.dylib
0x0000000009838000 	/System/Library/Frameworks/ImageIO.framework/Versions/A/Resources/libTIFF.dylib
0x0000000009838000 	/System/Library/Frameworks/ImageIO.framework/Versions/A/Resources/libPng.dylib
0x0000000009838000 	/System/Library/Frameworks/ImageIO.framework/Versions/A/Resources/libGIF.dylib
0x0000000009838000 	/System/Library/Frameworks/ImageIO.framework/Versions/A/Resources/libJP2.dylib
0x0000000009838000 	/System/Library/Frameworks/ImageIO.framework/Versions/A/Resources/libRadiance.dylib
0x0000000009838000 	/System/Library/Frameworks/CoreVideo.framework/Versions/A/CoreVideo
0x0000000009838000 	/System/Library/Frameworks/OpenGL.framework/Versions/A/Libraries/libGLU.dylib
0x0000000009838000 	/System/Library/Frameworks/OpenGL.framework/Versions/A/Libraries/libGFXShared.dylib
0x0000000009838000 	/System/Library/Frameworks/OpenGL.framework/Versions/A/Libraries/libGL.dylib
0x0000000009838000 	/System/Library/Frameworks/OpenGL.framework/Versions/A/Libraries/libGLImage.dylib
0x0000000009838000 	/System/Library/Frameworks/OpenGL.framework/Versions/A/Libraries/libCVMSPluginSupport.dylib
0x0000000009838000 	/System/Library/Frameworks/OpenGL.framework/Versions/A/Libraries/libCoreVMClient.dylib
0x0000000009838000 	/usr/lib/libcups.2.dylib
0x0000000009838000 	/System/Library/Frameworks/Kerberos.framework/Versions/A/Kerberos
0x0000000009838000 	/System/Library/Frameworks/GSS.framework/Versions/A/GSS
0x0000000009838000 	/usr/lib/libresolv.9.dylib
0x0000000009838000 	/System/Library/PrivateFrameworks/Heimdal.framework/Versions/A/Heimdal
0x0000000009838000 	/usr/lib/libheimdal-asn1.dylib
0x0000000009838000 	/System/Library/Frameworks/OpenDirectory.framework/Versions/A/OpenDirectory
0x0000000009838000 	/System/Library/PrivateFrameworks/CommonAuth.framework/Versions/A/CommonAuth
0x0000000009838000 	/System/Library/Frameworks/SecurityFoundation.framework/Versions/A/SecurityFoundation
0x0000000009838000 	/System/Library/Frameworks/QuartzCore.framework/Versions/A/Frameworks/CoreImage.framework/Versions/A/CoreImage
0x0000000009838000 	/System/Library/PrivateFrameworks/CrashReporterSupport.framework/Versions/A/CrashReporterSupport
0x0000000009838000 	/System/Library/Frameworks/OpenCL.framework/Versions/A/OpenCL
0x0000000009838000 	/System/Library/PrivateFrameworks/FaceCore.framework/Versions/A/FaceCore
0x0000000009838000 	/System/Library/PrivateFrameworks/Ubiquity.framework/Versions/A/Ubiquity
0x0000000009838000 	/System/Library/PrivateFrameworks/IconServices.framework/Versions/A/IconServices
0x0000000009838000 	/System/Library/PrivateFrameworks/ChunkingLibrary.framework/Versions/A/ChunkingLibrary
0x0000000009838000 	/System/Library/PrivateFrameworks/Apple80211.framework/Versions/A/Apple80211
0x0000000009838000 	/System/Library/Frameworks/CoreWLAN.framework/Versions/A/CoreWLAN
0x0000000009838000 	/System/Library/Frameworks/IOBluetooth.framework/Versions/A/IOBluetooth
0x0000000009838000 	/System/Library/PrivateFrameworks/CoreWiFi.framework/Versions/A/CoreWiFi
0x0000000009838000 	/System/Library/Frameworks/CoreBluetooth.framework/Versions/A/CoreBluetooth
0x0000000009838000 	/System/Library/PrivateFrameworks/DebugSymbols.framework/Versions/A/DebugSymbols
0x0000000009838000 	/System/Library/PrivateFrameworks/CoreSymbolication.framework/Versions/A/CoreSymbolication
0x0000000009838000 	/System/Library/PrivateFrameworks/Symbolication.framework/Versions/A/Symbolication
0x0000000009838000 	/System/Library/PrivateFrameworks/SpeechRecognitionCore.framework/Versions/A/SpeechRecognitionCore
0x0000000104600000 	/Library/Java/JavaVirtualMachines/jdk1.8.0.jdk/Contents/Home/jre/lib/server/libjvm.dylib
0x0000000009838000 	/usr/lib/libstdc++.6.dylib
0x000000010358b000 	/Library/Java/JavaVirtualMachines/jdk1.8.0.jdk/Contents/Home/jre/lib/libverify.dylib
0x0000000103599000 	/Library/Java/JavaVirtualMachines/jdk1.8.0.jdk/Contents/Home/jre/lib/libjava.dylib
0x00000001035d7000 	/Library/Java/JavaVirtualMachines/jdk1.8.0.jdk/Contents/Home/jre/lib/libzip.dylib
0x00000001035e1000 	/System/Library/Frameworks/JavaVM.framework/Frameworks/JavaRuntimeSupport.framework/JavaRuntimeSupport
0x0000000121194000 	/System/Library/Frameworks/JavaVM.framework/Versions/A/Frameworks/JavaNativeFoundation.framework/Versions/A/JavaNativeFoundation
0x00000001211a9000 	/System/Library/Frameworks/JavaVM.framework/Versions/A/JavaVM
0x0000000009838000 	/System/Library/Frameworks/Carbon.framework/Versions/A/Carbon
0x00000001211b6000 	/System/Library/PrivateFrameworks/JavaLaunching.framework/Versions/A/JavaLaunching
0x0000000009838000 	/System/Library/Frameworks/Carbon.framework/Versions/A/Frameworks/CommonPanels.framework/Versions/A/CommonPanels
0x0000000009838000 	/System/Library/Frameworks/Carbon.framework/Versions/A/Frameworks/Help.framework/Versions/A/Help
0x0000000009838000 	/System/Library/Frameworks/Carbon.framework/Versions/A/Frameworks/ImageCapture.framework/Versions/A/ImageCapture
0x0000000009838000 	/System/Library/Frameworks/Carbon.framework/Versions/A/Frameworks/OpenScripting.framework/Versions/A/OpenScripting
0x0000000009838000 	/System/Library/Frameworks/Carbon.framework/Versions/A/Frameworks/Print.framework/Versions/A/Print
0x0000000009838000 	/System/Library/Frameworks/Carbon.framework/Versions/A/Frameworks/SecurityHI.framework/Versions/A/SecurityHI
0x0000000123135000 	/Library/Java/JavaVirtualMachines/jdk1.8.0.jdk/Contents/Home/jre/lib/libnet.dylib
0x0000000123645000 	/Library/Java/JavaVirtualMachines/jdk1.8.0.jdk/Contents/Home/jre/lib/libprism_es2.dylib
0x0000000009838000 	/System/Library/Frameworks/OpenGL.framework/Versions/A/Resources/GLEngine.bundle/GLEngine
0x0000000009838000 	/System/Library/Frameworks/OpenGL.framework/Versions/A/Libraries/libGLProgrammability.dylib
0x0000000000000000 	/System/Library/Extensions/AppleIntelHD5000GraphicsGLDriver.bundle/Contents/MacOS/AppleIntelHD5000GraphicsGLDriver
0x0000000009838000 	/System/Library/PrivateFrameworks/IOAccelerator.framework/Versions/A/IOAccelerator
0x0000000009838000 	/System/Library/PrivateFrameworks/GPUSupport.framework/Versions/A/Libraries/libGPUSupportMercury.dylib
0x0000000009838000 	/System/Library/Frameworks/OpenGL.framework/Versions/A/Resources/GLRendererFloat.bundle/GLRendererFloat
0x0000000009838000 	/System/Library/Frameworks/OpenCL.framework/Versions/A/Libraries/libcldcpuengine.dylib
0x0000000009838000 	/System/Library/PrivateFrameworks/DiskImages.framework/Versions/A/DiskImages
0x0000000009838000 	/System/Library/Frameworks/DiscRecording.framework/Versions/A/DiscRecording
0x0000000009838000 	/usr/lib/libcsfde.dylib
0x0000000009838000 	/usr/lib/libcurl.4.dylib
0x0000000009838000 	/System/Library/PrivateFrameworks/MediaKit.framework/Versions/A/MediaKit
0x0000000009838000 	/System/Library/PrivateFrameworks/ProtectedCloudStorage.framework/Versions/A/ProtectedCloudStorage
0x0000000009838000 	/usr/lib/libCoreStorage.dylib
0x0000000009838000 	/System/Library/PrivateFrameworks/EFILogin.framework/Versions/A/EFILogin
0x0000000009838000 	/usr/lib/libutil.dylib
0x0000000009838000 	/System/Library/PrivateFrameworks/FindMyDevice.framework/Versions/A/FindMyDevice
0x0000000009838000 	/System/Library/Frameworks/LDAP.framework/Versions/A/LDAP
0x0000000009838000 	/usr/lib/libsasl2.2.dylib
0x0000000009838000 	/System/Library/PrivateFrameworks/CoreDaemon.framework/Versions/B/CoreDaemon
0x0000000009838000 	/usr/lib/libcrypto.0.9.8.dylib
0x0000000009838000 	/System/Library/PrivateFrameworks/AppleSRP.framework/Versions/A/AppleSRP
0x0000000009838000 	/System/Library/PrivateFrameworks/TrustEvaluationAgent.framework/Versions/A/TrustEvaluationAgent
0x0000000123b75000 	/Library/Java/JavaVirtualMachines/jdk1.8.0.jdk/Contents/Home/jre/lib/libglass.dylib
0x0000000009838000 	/System/Library/PrivateFrameworks/CoreServicesInternal.framework/Versions/A/CoreServicesInternal
0x0000000009838000 	/System/Library/PrivateFrameworks/CloudDocs.framework/Versions/A/CloudDocs
0x0000000009838000 	/System/Library/PrivateFrameworks/CoreDuet.framework/Versions/A/CoreDuet
0x0000000009838000 	/System/Library/Frameworks/CloudKit.framework/Versions/A/CloudKit
0x0000000009838000 	/System/Library/PrivateFrameworks/ProtocolBuffer.framework/Versions/A/ProtocolBuffer
0x0000000009838000 	/System/Library/PrivateFrameworks/CoreDuetDaemonProtocol.framework/Versions/A/CoreDuetDaemonProtocol
0x0000000009838000 	/System/Library/PrivateFrameworks/CoreDuetDebugLogging.framework/Versions/A/CoreDuetDebugLogging
0x0000000009838000 	/System/Library/Frameworks/CoreLocation.framework/Versions/A/CoreLocation
0x0000000009838000 	/System/Library/Frameworks/Accounts.framework/Versions/A/Accounts
0x0000000009838000 	/System/Library/PrivateFrameworks/ApplePushService.framework/Versions/A/ApplePushService
0x0000000009838000 	/System/Library/PrivateFrameworks/GeoServices.framework/Versions/A/GeoServices
0x0000000009838000 	/System/Library/PrivateFrameworks/OAuth.framework/Versions/A/OAuth
0x0000000009838000 	/System/Library/Frameworks/CoreGraphics.framework/Versions/A/Resources/libCGCMS.A.dylib
0x0000000009838000 	/System/Library/CoreServices/RawCamera.bundle/Contents/MacOS/RawCamera
0x0000000009838000 	/System/Library/Frameworks/CoreGraphics.framework/Versions/A/Resources/libRIP.A.dylib
0x0000000009838000 	/System/Library/PrivateFrameworks/FamilyControls.framework/Versions/A/FamilyControls
0x0000000009838000 	/System/Library/PrivateFrameworks/CommerceKit.framework/Versions/A/Frameworks/CommerceCore.framework/Versions/A/CommerceCore
0x0000000009838000 	/System/Library/PrivateFrameworks/SystemAdministration.framework/Versions/A/SystemAdministration
0x0000000009838000 	/System/Library/PrivateFrameworks/AppContainer.framework/Versions/A/AppContainer
0x0000000009838000 	/System/Library/PrivateFrameworks/SecCodeWrapper.framework/Versions/A/SecCodeWrapper
0x0000000009838000 	/System/Library/Frameworks/DirectoryService.framework/Versions/A/DirectoryService
0x0000000009838000 	/System/Library/PrivateFrameworks/LoginUIKit.framework/Versions/A/Frameworks/LoginUICore.framework/Versions/A/LoginUICore
0x0000000009838000 	/usr/lib/libodfde.dylib
0x0000000127a0f000 	/Library/Java/JavaVirtualMachines/jdk1.8.0.jdk/Contents/Home/jre/lib/libjavafx_font.dylib
0x0000000009838000 	/System/Library/Frameworks/CoreGraphics.framework/Versions/A/Resources/libCGXType.A.dylib
0x0000000129737000 	cl_kernels
0x0000000129eb3000 	/System/Library/Frameworks/OpenCL.framework/Versions/A/Libraries/ImageFormats/unorm8_bgra.dylib
0x0000000129741000 	cl_kernels
0x000000012a27e000 	/Library/Java/JavaVirtualMachines/jdk1.8.0.jdk/Contents/Home/jre/lib/libprism_common.dylib

VM Arguments:
jvm_args: -Dfile.encoding=UTF-8 
java_command: Controller.Chat -a 233.0.0.4 -p 45000 -m -c
java_class_path (initial): /Users/Sekou/Downloads/java-getopt-1.0.9.jar:/Users/Sekou/NetBeansProjects/Chat/build/classes
Launcher Type: SUN_STANDARD

Environment Variables:
PATH=/usr/bin:/bin:/usr/sbin:/sbin
LD_LIBRARY_PATH=/Library/Java/JavaVirtualMachines/jdk1.8.0.jdk/Contents/Home/jre/lib/amd64:/Library/Java/JavaVirtualMachines/jdk1.8.0.jdk/Contents/Home/jre/lib/i386:
SHELL=/bin/bash
DISPLAY=/private/tmp/com.apple.launchd.hJYF7W1W8E/org.macosforge.xquartz:0
DYLD_LIBRARY_PATH=/Applications/NetBeans/NetBeans 8.0.2.app/Contents/Resources/NetBeans/webcommon/bin:

Signal Handlers:
SIGSEGV: [libjvm.dylib+0x55faef], sa_mask[0]=0xfffefeff, sa_flags=0x00000043
SIGBUS: [libjvm.dylib+0x55faef], sa_mask[0]=0xfffefeff, sa_flags=0x00000042
SIGFPE: [libjvm.dylib+0x44305a], sa_mask[0]=0xfffefeff, sa_flags=0x00000042
SIGPIPE: [libjvm.dylib+0x44305a], sa_mask[0]=0xfffefeff, sa_flags=0x00000042
SIGXFSZ: [libjvm.dylib+0x44305a], sa_mask[0]=0xfffefeff, sa_flags=0x00000042
SIGILL: [libjvm.dylib+0x44305a], sa_mask[0]=0xfffefeff, sa_flags=0x00000042
SIGUSR1: SIG_DFL, sa_mask[0]=0x00000000, sa_flags=0x00000000
SIGUSR2: [libjvm.dylib+0x442b78], sa_mask[0]=0x00000004, sa_flags=0x00000042
SIGHUP: [libjvm.dylib+0x440f05], sa_mask[0]=0xfffefeff, sa_flags=0x00000042
SIGINT: SIG_IGN, sa_mask[0]=0x00000000, sa_flags=0x00000000
SIGTERM: [libjvm.dylib+0x440f05], sa_mask[0]=0xfffefeff, sa_flags=0x00000042
SIGQUIT: [libjvm.dylib+0x440f05], sa_mask[0]=0xfffefeff, sa_flags=0x00000042


---------------  S Y S T E M  ---------------

OS:Bsduname:Darwin 14.0.0 Darwin Kernel Version 14.0.0: Fri Sep 19 00:26:44 PDT 2014; root:xnu-2782.1.97~2/RELEASE_X86_64 x86_64
rlimit: STACK 8192k, CORE 0k, NPROC 709, NOFILE 10240, AS infinity
load average:1.48 1.71 1.78

CPU:total 8 (4 cores per cpu, 2 threads per core) family 6 model 70 stepping 1, cmov, cx8, fxsr, mmx, sse, sse2, sse3, ssse3, sse4.1, sse4.2, popcnt, avx, avx2, aes, clmul, erms, ht, tsc, tscinvbit

Memory: 4k page, physical 16777216k(1740360k free)

/proc/meminfo:


vm_info: Java HotSpot(TM) 64-Bit Server VM (25.0-b70) for bsd-amd64 JRE (1.8.0-b132), built on Mar  4 2014 03:11:43 by "java_re" with gcc 4.2.1 (Based on Apple Inc. build 5658) (LLVM build 2336.11.00)

time: Mon Mar 30 14:55:46 2015
elapsed time: 22 seconds

