#
# A fatal error has been detected by the Java Runtime Environment:
#
#  SIGSEGV (0xb) at pc=0x0000000120866173, pid=53964, tid=1811
#
# JRE version: Java(TM) SE Runtime Environment (8.0-b132) (build 1.8.0-b132)
# Java VM: Java HotSpot(TM) 64-Bit Server VM (25.0-b70 mixed mode bsd-amd64 compressed oops)
# Problematic frame:
# C  [libglass.dylib+0x1b173]  GlassScreenDidChangeScreenParameters+0x53
#
# Failed to write core dump. Core dumps have been disabled. To enable core dumping, try "ulimit -c unlimited" before starting Java again
#
# If you would like to submit a bug report, please visit:
#   http://bugreport.sun.com/bugreport/crash.jsp
#

---------------  T H R E A D  ---------------

Current thread is native thread

siginfo:si_signo=SIGSEGV: si_errno=0, si_code=1 (SEGV_MAPERR), si_addr=0x0000000000000000

Registers:
RAX=0x00007fde1aa08f38, RBX=0x0000000000000000, RCX=0x0000000120898910, RDX=0x00007fff710441f8
RSP=0x00007fff5f6a1140, RBP=0x00007fff5f6a1150, RSI=0x00007fde1841c330, RDI=0x0000000000000000
R8 =0x00007fff5f6a0ff0, R9 =0x00007fff7265c300, R10=0x0000000000000000, R11=0x0000000000000246
R12=0x00007fde18430be0, R13=0x00000000000f4268, R14=0x00007fde1a945010, R15=0x00007fff5f6a1290
RIP=0x0000000120866173, EFLAGS=0x0000000000010202, ERR=0x0000000000000004
  TRAPNO=0x000000000000000e

Top of Stack: (sp=0x00007fff5f6a1140)
0x00007fff5f6a1140:   00007fff5f6a1150 00007fff5f6a1320
0x00007fff5f6a1150:   00007fff5f6a1160 00007fff8d30bcbc
0x00007fff5f6a1160:   00007fff5f6a14c0 00007fff8d1fd1b4
0x00007fff5f6a1170:   00007fde18892200 0000000000000000
0x00007fff5f6a1180:   00007fff5f6a11f8 00007fde21ffc080
0x00007fff5f6a1190:   0000000000001000 0000000000000900
0x00007fff5f6a11a0:   0000000000000006 00007fde1a945010
0x00007fff5f6a11b0:   0000000000000000 00007fff5f6a1290
0x00007fff5f6a11c0:   0000000000000000 00007fde1a944fd0
0x00007fff5f6a11d0:   00007fff5f6a1310 0000000000000060
0x00007fff5f6a11e0:   00000000000f4493 00007fde18529fc0
0x00007fff5f6a11f0:   00007fde18530800 00007fde18430be0
0x00007fff5f6a1200:   0000000000000001 00000000000f4268
0x00007fff5f6a1210:   00007fde18430bd0 00007fff8be64acb
0x00007fff5f6a1220:   0000000000000001 0000000000000001
0x00007fff5f6a1230:   0000000000000030 0000000000000001
0x00007fff5f6a1240:   00007fff5f6a1260 00007fff8be6a231
0x00007fff5f6a1250:   00007fff72312dd0 0000000000000000
0x00007fff5f6a1260:   00007fff5f6a1280 0000000000000002
0x00007fff5f6a1270:   0006d80300000000 00007fde18430c04
0x00007fff5f6a1280:   0000000000000000 00007fff8d1f2c8f
0x00007fff5f6a1290:   00007fde1a945010 00007fff72312dd0
0x00007fff5f6a12a0:   00007fff5f6a1320 00007fff8d1fb7bf
0x00007fff5f6a12b0:   00007fff5f6a132c 00007fff5f6a1330
0x00007fff5f6a12c0:   0000000100579a00 0000000000000009
0x00007fff5f6a12d0:   0000000100576000 00007fde185a75d9
0x00007fff5f6a12e0:   0000000000000003 0000000100579a00
0x00007fff5f6a12f0:   00007fff5f6a13e0 00007fff8be632a2
0x00007fff5f6a1300:   00007fde1871a920 00007fff5f6a14c8
0x00007fff5f6a1310:   0000000000000017 0000000000000000
0x00007fff5f6a1320:   00000000000f4268 00007fff8d1f2f83
0x00007fff5f6a1330:   00007fff00000000 00007fde1871f690 

Instructions: (pc=0x0000000120866173)
0x0000000120866153:   50 01 00 48 89 df ff 90 88 03 00 00 48 8d 0d a2
0x0000000120866163:   28 03 00 48 89 01 48 8d 0d a0 27 03 00 48 8b 31
0x0000000120866173:   48 8b 0b 48 89 df 48 89 c2 30 c0 ff 91 68 04 00
0x0000000120866183:   00 48 83 c4 08 5b 5d c3 0f 1f 44 00 00 55 48 89 

Register to memory mapping:

RAX=0x00007fde1aa08f38 is an unknown value
RBX=0x0000000000000000 is an unknown value
RCX=0x0000000120898910: jScreenClass+0 in /Library/Java/JavaVirtualMachines/jdk1.8.0.jdk/Contents/Home/jre/lib/libglass.dylib at 0x000000012084b000
RDX=0x00007fff710441f8: __sFX+0x1c8 in /usr/lib/system/libsystem_c.dylib at 0x00007fff853c8000
RSP=0x00007fff5f6a1140 is an unknown value
RBP=0x00007fff5f6a1150 is an unknown value
RSI=0x00007fde1841c330 is a global jni handle
RDI=0x0000000000000000 is an unknown value
R8 =0x00007fff5f6a0ff0 is an unknown value
R9 =0x00007fff7265c300: _thread+0 in /usr/lib/system/libsystem_pthread.dylib at 0x00007fff8e8d1000
R10=0x0000000000000000 is an unknown value
R11=0x0000000000000246 is an unknown value
R12=0x00007fde18430be0 is an unknown value
R13=0x00000000000f4268 is an unknown value
R14=0x00007fde1a945010 is an unknown value
R15=0x00007fff5f6a1290 is an unknown value


Stack: [0x00007fff5eea4000,0x00007fff5f6a4000],  sp=0x00007fff5f6a1140,  free space=8180k
Native frames: (J=compiled Java code, j=interpreted, Vv=VM code, C=native code)
C  [libglass.dylib+0x1b173]  GlassScreenDidChangeScreenParameters+0x53
C  [CoreFoundation+0x11ecbc]  __CFNOTIFICATIONCENTER_IS_CALLING_OUT_TO_AN_OBSERVER__+0xc
C  [CoreFoundation+0x101b4]  _CFXNotificationPost+0xc44
C  [Foundation+0x2ea1]  -[NSNotificationCenter postNotificationName:object:userInfo:]+0x42
C  [AppKit+0x362dee]  -[NSApplication _reactToScreenInvalidationImmediately:]+0x17b
C  [AppKit+0x362c2d]  __44-[NSApplication _reactToScreenInvalidation:]_block_invoke+0x4b
C  [CoreFoundation+0x8054c]  __CFRUNLOOP_IS_CALLING_OUT_TO_A_BLOCK__+0xc
C  [CoreFoundation+0x72655]  __CFRunLoopDoBlocks+0x155
C  [CoreFoundation+0x72196]  __CFRunLoopRun+0x716
C  [CoreFoundation+0x71838]  CFRunLoopRunSpecific+0x128
C  [java+0x56db]  CreateExecutionEnvironment+0x367
C  [java+0x167c]  JLI_Launch+0x7a0
C  [java+0x7699]  main+0x65
C  [java+0xed4]  start+0x34


---------------  P R O C E S S  ---------------

VM state:at safepoint (normal execution)

VM Mutex/Monitor currently owned by a thread:  ([mutex/lock_event])
[0x00007fde18703860] Threads_lock - owner thread: 0x00007fde18857800
[0x00007fde18703d60] Heap_lock - owner thread: 0x00007fde198a9800

Heap:
 PSYoungGen      total 12288K, used 6351K [0x000000076ab00000, 0x000000076c000000, 0x00000007c0000000)
  eden space 9728K, 41% used [0x000000076ab00000,0x000000076aeebe58,0x000000076b480000)
  from space 2560K, 91% used [0x000000076bd80000,0x000000076bfc8010,0x000000076c000000)
  to   space 3584K, 0% used [0x000000076b900000,0x000000076b900000,0x000000076bc80000)
 ParOldGen       total 260608K, used 7410K [0x00000006c0000000, 0x00000006cfe80000, 0x000000076ab00000)
  object space 260608K, 2% used [0x00000006c0000000,0x00000006c073c858,0x00000006cfe80000)
 Metaspace       used 14475K, capacity 14618K, committed 14720K, reserved 1062912K
  class space    used 2112K, capacity 2165K, committed 2176K, reserved 1048576K

Card table byte_map: [0x0000000111a7f000,0x0000000112280000] byte_map_base: 0x000000010e47f000

Marking Bits: (ParMarkBitMap*) 0x00000001020660a0
 Begin Bits: [0x0000000112fee000, 0x0000000116fee000)
 End Bits:   [0x0000000116fee000, 0x000000011afee000)

Polling page: 0x00000001007b6000

CodeCache: size=245760Kb used=6627Kb max_used=6637Kb free=239132Kb
 bounds [0x00000001026bf000, 0x0000000102d3f000, 0x00000001116bf000]
 total_blobs=2779 nmethods=2181 adapters=512
 compilation: enabled

Compilation events (10 events):
Event: 501.768 Thread 0x00007fde1b829800 nmethod 2176 0x0000000102d36dd0 code [0x0000000102d36f20, 0x0000000102d37010]
Event: 501.768 Thread 0x00007fde1b829800 2177       1       javafx.scene.layout.Region::access$5200 (5 bytes)
Event: 501.768 Thread 0x00007fde1b829800 nmethod 2177 0x0000000102d36b10 code [0x0000000102d36c60, 0x0000000102d36d50]
Event: 501.768 Thread 0x00007fde1b829800 2179       1       javafx.scene.layout.Region::access$4800 (5 bytes)
Event: 501.769 Thread 0x00007fde1b829800 nmethod 2179 0x0000000102d36850 code [0x0000000102d369a0, 0x0000000102d36a90]
Event: 501.769 Thread 0x00007fde1b829800 2178       1       javafx.scene.layout.Region::access$4700 (5 bytes)
Event: 501.769 Thread 0x00007fde1b829800 nmethod 2178 0x0000000102d36590 code [0x0000000102d366e0, 0x0000000102d367d0]
Event: 501.769 Thread 0x00007fde1b829800 2180       1       javafx.scene.layout.Region::access$4900 (5 bytes)
Event: 501.769 Thread 0x00007fde1b829800 nmethod 2180 0x0000000102d362d0 code [0x0000000102d36420, 0x0000000102d36510]
Event: 501.769 Thread 0x00007fde19807000 nmethod 2181 0x0000000102d36010 code [0x0000000102d36140, 0x0000000102d361b8]

GC Heap History (10 events):
Event: 0.478 GC heap before
{Heap before GC invocations=8 (full 0):
 PSYoungGen      total 5120K, used 4848K [0x000000076ab00000, 0x000000076b500000, 0x00000007c0000000)
  eden space 3584K, 100% used [0x000000076ab00000,0x000000076ae80000,0x000000076ae80000)
  from space 1536K, 82% used [0x000000076ae80000,0x000000076afbc050,0x000000076b000000)
  to   space 1536K, 0% used [0x000000076b380000,0x000000076b380000,0x000000076b500000)
 ParOldGen       total 260608K, used 1232K [0x00000006c0000000, 0x00000006cfe80000, 0x000000076ab00000)
  object space 260608K, 0% used [0x00000006c0000000,0x00000006c0134060,0x00000006cfe80000)
 Metaspace       used 8639K, capacity 8746K, committed 8960K, reserved 1056768K
  class space    used 1129K, capacity 1173K, committed 1280K, reserved 1048576K
Event: 0.480 GC heap after
Heap after GC invocations=8 (full 0):
 PSYoungGen      total 8192K, used 1504K [0x000000076ab00000, 0x000000076b600000, 0x00000007c0000000)
  eden space 6656K, 0% used [0x000000076ab00000,0x000000076ab00000,0x000000076b180000)
  from space 1536K, 97% used [0x000000076b380000,0x000000076b4f8030,0x000000076b500000)
  to   space 2048K, 0% used [0x000000076b180000,0x000000076b180000,0x000000076b380000)
 ParOldGen       total 260608K, used 1504K [0x00000006c0000000, 0x00000006cfe80000, 0x000000076ab00000)
  object space 260608K, 0% used [0x00000006c0000000,0x00000006c0178070,0x00000006cfe80000)
 Metaspace       used 8639K, capacity 8746K, committed 8960K, reserved 1056768K
  class space    used 1129K, capacity 1173K, committed 1280K, reserved 1048576K
}
Event: 0.667 GC heap before
{Heap before GC invocations=9 (full 0):
 PSYoungGen      total 8192K, used 8160K [0x000000076ab00000, 0x000000076b600000, 0x00000007c0000000)
  eden space 6656K, 100% used [0x000000076ab00000,0x000000076b180000,0x000000076b180000)
  from space 1536K, 97% used [0x000000076b380000,0x000000076b4f8030,0x000000076b500000)
  to   space 2048K, 0% used [0x000000076b180000,0x000000076b180000,0x000000076b380000)
 ParOldGen       total 260608K, used 1504K [0x00000006c0000000, 0x00000006cfe80000, 0x000000076ab00000)
  object space 260608K, 0% used [0x00000006c0000000,0x00000006c0178070,0x00000006cfe80000)
 Metaspace       used 11372K, capacity 11450K, committed 11776K, reserved 1058816K
  class space    used 1638K, capacity 1685K, committed 1792K, reserved 1048576K
Event: 0.669 GC heap after
Heap after GC invocations=9 (full 0):
 PSYoungGen      total 8704K, used 1824K [0x000000076ab00000, 0x000000076b980000, 0x00000007c0000000)
  eden space 6656K, 0% used [0x000000076ab00000,0x000000076ab00000,0x000000076b180000)
  from space 2048K, 89% used [0x000000076b180000,0x000000076b348000,0x000000076b380000)
  to   space 2048K, 0% used [0x000000076b780000,0x000000076b780000,0x000000076b980000)
 ParOldGen       total 260608K, used 1752K [0x00000006c0000000, 0x00000006cfe80000, 0x000000076ab00000)
  object space 260608K, 0% used [0x00000006c0000000,0x00000006c01b6090,0x00000006cfe80000)
 Metaspace       used 11372K, capacity 11450K, committed 11776K, reserved 1058816K
  class space    used 1638K, capacity 1685K, committed 1792K, reserved 1048576K
}
Event: 1.028 GC heap before
{Heap before GC invocations=10 (full 0):
 PSYoungGen      total 8704K, used 8467K [0x000000076ab00000, 0x000000076b980000, 0x00000007c0000000)
  eden space 6656K, 99% used [0x000000076ab00000,0x000000076b17ccc0,0x000000076b180000)
  from space 2048K, 89% used [0x000000076b180000,0x000000076b348000,0x000000076b380000)
  to   space 2048K, 0% used [0x000000076b780000,0x000000076b780000,0x000000076b980000)
 ParOldGen       total 260608K, used 1752K [0x00000006c0000000, 0x00000006cfe80000, 0x000000076ab00000)
  object space 260608K, 0% used [0x00000006c0000000,0x00000006c01b6090,0x00000006cfe80000)
 Metaspace       used 13442K, capacity 13594K, committed 13696K, reserved 1060864K
  class space    used 2044K, capacity 2101K, committed 2176K, reserved 1048576K
Event: 1.031 GC heap after
Heap after GC invocations=10 (full 0):
 PSYoungGen      total 11776K, used 2020K [0x000000076ab00000, 0x000000076bb80000, 0x00000007c0000000)
  eden space 9728K, 0% used [0x000000076ab00000,0x000000076ab00000,0x000000076b480000)
  from space 2048K, 98% used [0x000000076b780000,0x000000076b979010,0x000000076b980000)
  to   space 3072K, 0% used [0x000000076b480000,0x000000076b480000,0x000000076b780000)
 ParOldGen       total 260608K, used 3932K [0x00000006c0000000, 0x00000006cfe80000, 0x000000076ab00000)
  object space 260608K, 1% used [0x00000006c0000000,0x00000006c03d70b0,0x00000006cfe80000)
 Metaspace       used 13442K, capacity 13594K, committed 13696K, reserved 1060864K
  class space    used 2044K, capacity 2101K, committed 2176K, reserved 1048576K
}
Event: 4.795 GC heap before
{Heap before GC invocations=11 (full 0):
 PSYoungGen      total 11776K, used 11073K [0x000000076ab00000, 0x000000076bb80000, 0x00000007c0000000)
  eden space 9728K, 93% used [0x000000076ab00000,0x000000076b3d76c8,0x000000076b480000)
  from space 2048K, 98% used [0x000000076b780000,0x000000076b979010,0x000000076b980000)
  to   space 3072K, 0% used [0x000000076b480000,0x000000076b480000,0x000000076b780000)
 ParOldGen       total 260608K, used 3932K [0x00000006c0000000, 0x00000006cfe80000, 0x000000076ab00000)
  object space 260608K, 1% used [0x00000006c0000000,0x00000006c03d70b0,0x00000006cfe80000)
 Metaspace       used 13902K, capacity 14010K, committed 14208K, reserved 1060864K
  class space    used 2097K, capacity 2133K, committed 2176K, reserved 1048576K
Event: 4.798 GC heap after
Heap after GC invocations=11 (full 0):
 PSYoungGen      total 12800K, used 288K [0x000000076ab00000, 0x000000076c080000, 0x00000007c0000000)
  eden space 9728K, 0% used [0x000000076ab00000,0x000000076ab00000,0x000000076b480000)
  from space 3072K, 9% used [0x000000076b480000,0x000000076b4c8000,0x000000076b780000)
  to   space 3072K, 0% used [0x000000076bd80000,0x000000076bd80000,0x000000076c080000)
 ParOldGen       total 260608K, used 5226K [0x00000006c0000000, 0x00000006cfe80000, 0x000000076ab00000)
  object space 260608K, 2% used [0x00000006c0000000,0x00000006c051a848,0x00000006cfe80000)
 Metaspace       used 13902K, capacity 14010K, committed 14208K, reserved 1060864K
  class space    used 2097K, capacity 2133K, committed 2176K, reserved 1048576K
}
Event: 130.847 GC heap before
{Heap before GC invocations=12 (full 0):
 PSYoungGen      total 12800K, used 10016K [0x000000076ab00000, 0x000000076c080000, 0x00000007c0000000)
  eden space 9728K, 100% used [0x000000076ab00000,0x000000076b480000,0x000000076b480000)
  from space 3072K, 9% used [0x000000076b480000,0x000000076b4c8000,0x000000076b780000)
  to   space 3072K, 0% used [0x000000076bd80000,0x000000076bd80000,0x000000076c080000)
 ParOldGen       total 260608K, used 5226K [0x00000006c0000000, 0x00000006cfe80000, 0x000000076ab00000)
  object space 260608K, 2% used [0x00000006c0000000,0x00000006c051a848,0x00000006cfe80000)
 Metaspace       used 14440K, capacity 14586K, committed 14720K, reserved 1062912K
  class space    used 2106K, capacity 2133K, committed 2176K, reserved 1048576K
Event: 130.850 GC heap after
Heap after GC invocations=12 (full 0):
 PSYoungGen      total 12288K, used 2336K [0x000000076ab00000, 0x000000076c000000, 0x00000007c0000000)
  eden space 9728K, 0% used [0x000000076ab00000,0x000000076ab00000,0x000000076b480000)
  from space 2560K, 91% used [0x000000076bd80000,0x000000076bfc8010,0x000000076c000000)
  to   space 3584K, 0% used [0x000000076b900000,0x000000076b900000,0x000000076bc80000)
 ParOldGen       total 260608K, used 7410K [0x00000006c0000000, 0x00000006cfe80000, 0x000000076ab00000)
  object space 260608K, 2% used [0x00000006c0000000,0x00000006c073c858,0x00000006cfe80000)
 Metaspace       used 14440K, capacity 14586K, committed 14720K, reserved 1062912K
  class space    used 2106K, capacity 2133K, committed 2176K, reserved 1048576K
}

Deoptimization events (10 events):
Event: 0.597 Thread 0x00007fde198a9800 Uncommon trap: reason=class_check action=maybe_recompile pc=0x00000001027e8e5c method=java.lang.String.equals(Ljava/lang/Object;)Z @ 8
Event: 0.597 Thread 0x00007fde198a9800 Uncommon trap: reason=class_check action=maybe_recompile pc=0x00000001027e8e5c method=java.lang.String.equals(Ljava/lang/Object;)Z @ 8
Event: 0.601 Thread 0x00007fde198a9800 Uncommon trap: reason=class_check action=maybe_recompile pc=0x00000001027e8e5c method=java.lang.String.equals(Ljava/lang/Object;)Z @ 8
Event: 0.601 Thread 0x00007fde198a9800 Uncommon trap: reason=class_check action=maybe_recompile pc=0x00000001027e8e5c method=java.lang.String.equals(Ljava/lang/Object;)Z @ 8
Event: 0.792 Thread 0x00007fde198a9800 Uncommon trap: reason=unloaded action=reinterpret pc=0x00000001028a6b18 method=java.lang.CharacterData.of(I)Ljava/lang/CharacterData; @ 96
Event: 2.424 Thread 0x00007fde198a9800 Uncommon trap: reason=unreached action=reinterpret pc=0x0000000102a0071c method=com.sun.javafx.css.SimpleSelector.stateMatches(Ljavafx/css/Styleable;Ljava/util/Set;)Z @ 1
Event: 5.904 Thread 0x00007fde198a9800 Uncommon trap: reason=class_check action=maybe_recompile pc=0x0000000102ba7f8c method=javafx.scene.Node.isVisible()Z @ 15
Event: 5.905 Thread 0x00007fde198a9800 Uncommon trap: reason=class_check action=maybe_recompile pc=0x0000000102ba7f8c method=javafx.scene.Node.isVisible()Z @ 15
Event: 5.905 Thread 0x00007fde198a9800 Uncommon trap: reason=class_check action=maybe_recompile pc=0x0000000102ba7f8c method=javafx.scene.Node.isVisible()Z @ 15
Event: 5.905 Thread 0x00007fde198a9800 Uncommon trap: reason=class_check action=maybe_recompile pc=0x0000000102ba7f8c method=javafx.scene.Node.isVisible()Z @ 15

Internal exceptions (10 events):
Event: 0.472 Thread 0x00007fde198a9800 Exception <a 'java/security/PrivilegedActionException'> (0x000000076ae0bc20) thrown at [/HUDSON/workspace/8-2-build-macosx-x86_64/jdk8/2238/hotspot/src/share/vm/prims/jvm.cpp, line 1248]
Event: 0.472 Thread 0x00007fde198a9800 Exception <a 'java/security/PrivilegedActionException'> (0x000000076ae2a4a8) thrown at [/HUDSON/workspace/8-2-build-macosx-x86_64/jdk8/2238/hotspot/src/share/vm/prims/jvm.cpp, line 1248]
Event: 0.472 Thread 0x00007fde198a9800 Exception <a 'java/security/PrivilegedActionException'> (0x000000076ae2b4c0) thrown at [/HUDSON/workspace/8-2-build-macosx-x86_64/jdk8/2238/hotspot/src/share/vm/prims/jvm.cpp, line 1248]
Event: 0.506 Thread 0x00007fde198a9800 Exception <a 'java/security/PrivilegedActionException'> (0x000000076ac62908) thrown at [/HUDSON/workspace/8-2-build-macosx-x86_64/jdk8/2238/hotspot/src/share/vm/prims/jvm.cpp, line 1248]
Event: 0.507 Thread 0x00007fde198a9800 Exception <a 'java/security/PrivilegedActionException'> (0x000000076ac79ed8) thrown at [/HUDSON/workspace/8-2-build-macosx-x86_64/jdk8/2238/hotspot/src/share/vm/prims/jvm.cpp, line 1248]
Event: 0.507 Thread 0x00007fde198a9800 Exception <a 'java/security/PrivilegedActionException'> (0x000000076ac91518) thrown at [/HUDSON/workspace/8-2-build-macosx-x86_64/jdk8/2238/hotspot/src/share/vm/prims/jvm.cpp, line 1248]
Event: 0.657 Thread 0x00007fde198a9800 Exception <a 'java/security/PrivilegedActionException'> (0x000000076b0eda20) thrown at [/HUDSON/workspace/8-2-build-macosx-x86_64/jdk8/2238/hotspot/src/share/vm/prims/jvm.cpp, line 1248]
Event: 0.658 Thread 0x00007fde198a9800 Exception <a 'java/security/PrivilegedActionException'> (0x000000076b103298) thrown at [/HUDSON/workspace/8-2-build-macosx-x86_64/jdk8/2238/hotspot/src/share/vm/prims/jvm.cpp, line 1248]
Event: 0.658 Thread 0x00007fde198a9800 Exception <a 'java/security/PrivilegedActionException'> (0x000000076b118e00) thrown at [/HUDSON/workspace/8-2-build-macosx-x86_64/jdk8/2238/hotspot/src/share/vm/prims/jvm.cpp, line 1248]
Event: 2.424 Thread 0x00007fde198a9800 Implicit null exception at 0x00000001029fff71 to 0x0000000102a006f5

Events (10 events):
Event: 502.097 Thread 0x00007fde188b9800 Thread exited: 0x00007fde188b9800
Event: 502.097 Thread 0x00007fde198a9800 Thread exited: 0x00007fde198a9800
Event: 502.097 Thread 0x00007fde190c6800 Thread exited: 0x00007fde190c6800
Event: 502.097 Thread 0x00007fde18807000 Thread exited: 0x00007fde18807000
Event: 502.097 Thread 0x00007fde198a9800 Thread added: 0x00007fde198a9800
Event: 502.097 loading class java/lang/Shutdown
Event: 502.097 loading class java/lang/Shutdown done
Event: 502.097 loading class java/lang/Shutdown$Lock
Event: 502.097 loading class java/lang/Shutdown$Lock done
Event: 502.097 Thread 0x00007fde198a9800 Thread exited: 0x00007fde198a9800


Dynamic libraries:
0x0000000000322000 	/System/Library/Frameworks/Cocoa.framework/Versions/A/Cocoa
0x0000000000322000 	/System/Library/Frameworks/Security.framework/Versions/A/Security
0x0000000000322000 	/System/Library/Frameworks/ApplicationServices.framework/Versions/A/ApplicationServices
0x0000000000322000 	/usr/lib/libz.1.dylib
0x0000000000322000 	/usr/lib/libSystem.B.dylib
0x0000000000322000 	/usr/lib/libobjc.A.dylib
0x0000000000322000 	/System/Library/Frameworks/CoreFoundation.framework/Versions/A/CoreFoundation
0x0000000000322000 	/System/Library/Frameworks/Foundation.framework/Versions/C/Foundation
0x0000000000322000 	/System/Library/Frameworks/AppKit.framework/Versions/C/AppKit
0x0000000000322000 	/System/Library/Frameworks/CoreData.framework/Versions/A/CoreData
0x0000000000322000 	/System/Library/PrivateFrameworks/RemoteViewServices.framework/Versions/A/RemoteViewServices
0x0000000000322000 	/System/Library/PrivateFrameworks/UIFoundation.framework/Versions/A/UIFoundation
0x0000000000322000 	/System/Library/Frameworks/IOSurface.framework/Versions/A/IOSurface
0x0000000000322000 	/System/Library/Frameworks/AudioToolbox.framework/Versions/A/AudioToolbox
0x0000000000322000 	/System/Library/Frameworks/AudioUnit.framework/Versions/A/AudioUnit
0x0000000000322000 	/System/Library/PrivateFrameworks/DataDetectorsCore.framework/Versions/A/DataDetectorsCore
0x0000000000322000 	/System/Library/PrivateFrameworks/DesktopServicesPriv.framework/Versions/A/DesktopServicesPriv
0x0000000000322000 	/System/Library/Frameworks/Carbon.framework/Versions/A/Frameworks/HIToolbox.framework/Versions/A/HIToolbox
0x0000000000322000 	/System/Library/Frameworks/QuartzCore.framework/Versions/A/QuartzCore
0x0000000000322000 	/System/Library/Frameworks/Carbon.framework/Versions/A/Frameworks/SpeechRecognition.framework/Versions/A/SpeechRecognition
0x0000000000322000 	/usr/lib/libauto.dylib
0x0000000000322000 	/usr/lib/libicucore.A.dylib
0x0000000000322000 	/usr/lib/libxml2.2.dylib
0x0000000000322000 	/System/Library/PrivateFrameworks/CoreUI.framework/Versions/A/CoreUI
0x0000000000322000 	/System/Library/Frameworks/CoreAudio.framework/Versions/A/CoreAudio
0x0000000000322000 	/System/Library/Frameworks/DiskArbitration.framework/Versions/A/DiskArbitration
0x0000000000322000 	/usr/lib/liblangid.dylib
0x0000000000322000 	/System/Library/PrivateFrameworks/MultitouchSupport.framework/Versions/A/MultitouchSupport
0x0000000000322000 	/System/Library/Frameworks/IOKit.framework/Versions/A/IOKit
0x0000000000322000 	/usr/lib/libDiagnosticMessagesClient.dylib
0x0000000000322000 	/System/Library/Frameworks/CoreServices.framework/Versions/A/CoreServices
0x0000000000322000 	/System/Library/PrivateFrameworks/PerformanceAnalysis.framework/Versions/A/PerformanceAnalysis
0x0000000000322000 	/System/Library/PrivateFrameworks/GenerationalStorage.framework/Versions/A/GenerationalStorage
0x0000000000322000 	/System/Library/Frameworks/OpenGL.framework/Versions/A/OpenGL
0x0000000000322000 	/System/Library/PrivateFrameworks/Sharing.framework/Versions/A/Sharing
0x0000000000322000 	/System/Library/Frameworks/CoreGraphics.framework/Versions/A/CoreGraphics
0x0000000000322000 	/System/Library/Frameworks/CoreText.framework/Versions/A/CoreText
0x0000000000322000 	/System/Library/Frameworks/ImageIO.framework/Versions/A/ImageIO
0x0000000000322000 	/usr/lib/libextension.dylib
0x0000000000322000 	/System/Library/PrivateFrameworks/Backup.framework/Versions/A/Backup
0x0000000000322000 	/usr/lib/libarchive.2.dylib
0x0000000000322000 	/System/Library/Frameworks/CFNetwork.framework/Versions/A/CFNetwork
0x0000000000322000 	/System/Library/Frameworks/SystemConfiguration.framework/Versions/A/SystemConfiguration
0x0000000000322000 	/usr/lib/libCRFSuite.dylib
0x0000000000322000 	/usr/lib/libc++.1.dylib
0x0000000000322000 	/usr/lib/libc++abi.dylib
0x0000000000322000 	/usr/lib/system/libcache.dylib
0x0000000000322000 	/usr/lib/system/libcommonCrypto.dylib
0x0000000000322000 	/usr/lib/system/libcompiler_rt.dylib
0x0000000000322000 	/usr/lib/system/libcopyfile.dylib
0x0000000000322000 	/usr/lib/system/libcorecrypto.dylib
0x0000000000322000 	/usr/lib/system/libdispatch.dylib
0x0000000000322000 	/usr/lib/system/libdyld.dylib
0x0000000000322000 	/usr/lib/system/libkeymgr.dylib
0x0000000000322000 	/usr/lib/system/liblaunch.dylib
0x0000000000322000 	/usr/lib/system/libmacho.dylib
0x0000000000322000 	/usr/lib/system/libquarantine.dylib
0x0000000000322000 	/usr/lib/system/libremovefile.dylib
0x0000000000322000 	/usr/lib/system/libsystem_asl.dylib
0x0000000000322000 	/usr/lib/system/libsystem_blocks.dylib
0x0000000000322000 	/usr/lib/system/libsystem_c.dylib
0x0000000000322000 	/usr/lib/system/libsystem_configuration.dylib
0x0000000000322000 	/usr/lib/system/libsystem_coreservices.dylib
0x0000000000322000 	/usr/lib/system/libsystem_coretls.dylib
0x0000000000322000 	/usr/lib/system/libsystem_dnssd.dylib
0x0000000000322000 	/usr/lib/system/libsystem_info.dylib
0x0000000000322000 	/usr/lib/system/libsystem_kernel.dylib
0x0000000000322000 	/usr/lib/system/libsystem_m.dylib
0x0000000000322000 	/usr/lib/system/libsystem_malloc.dylib
0x0000000000322000 	/usr/lib/system/libsystem_network.dylib
0x0000000000322000 	/usr/lib/system/libsystem_networkextension.dylib
0x0000000000322000 	/usr/lib/system/libsystem_notify.dylib
0x0000000000322000 	/usr/lib/system/libsystem_platform.dylib
0x0000000000322000 	/usr/lib/system/libsystem_pthread.dylib
0x0000000000322000 	/usr/lib/system/libsystem_sandbox.dylib
0x0000000000322000 	/usr/lib/system/libsystem_secinit.dylib
0x0000000000322000 	/usr/lib/system/libsystem_stats.dylib
0x0000000000322000 	/usr/lib/system/libsystem_trace.dylib
0x0000000000322000 	/usr/lib/system/libunc.dylib
0x0000000000322000 	/usr/lib/system/libunwind.dylib
0x0000000000322000 	/usr/lib/system/libxpc.dylib
0x0000000000322000 	/usr/lib/libbz2.1.0.dylib
0x0000000000322000 	/usr/lib/liblzma.5.dylib
0x0000000000322000 	/usr/lib/libbsm.0.dylib
0x0000000000322000 	/usr/lib/libsqlite3.dylib
0x0000000000322000 	/usr/lib/system/libkxld.dylib
0x0000000000322000 	/usr/lib/libxar.1.dylib
0x0000000000322000 	/usr/lib/libpam.2.dylib
0x0000000000322000 	/usr/lib/libOpenScriptingUtil.dylib
0x0000000000322000 	/System/Library/Frameworks/CoreServices.framework/Versions/A/Frameworks/FSEvents.framework/Versions/A/FSEvents
0x0000000000322000 	/System/Library/Frameworks/CoreServices.framework/Versions/A/Frameworks/CarbonCore.framework/Versions/A/CarbonCore
0x0000000000322000 	/System/Library/Frameworks/CoreServices.framework/Versions/A/Frameworks/Metadata.framework/Versions/A/Metadata
0x0000000000322000 	/System/Library/Frameworks/CoreServices.framework/Versions/A/Frameworks/OSServices.framework/Versions/A/OSServices
0x0000000000322000 	/System/Library/Frameworks/CoreServices.framework/Versions/A/Frameworks/SearchKit.framework/Versions/A/SearchKit
0x0000000000322000 	/System/Library/Frameworks/CoreServices.framework/Versions/A/Frameworks/AE.framework/Versions/A/AE
0x0000000000322000 	/System/Library/Frameworks/CoreServices.framework/Versions/A/Frameworks/LaunchServices.framework/Versions/A/LaunchServices
0x0000000000322000 	/System/Library/Frameworks/CoreServices.framework/Versions/A/Frameworks/DictionaryServices.framework/Versions/A/DictionaryServices
0x0000000000322000 	/System/Library/Frameworks/NetFS.framework/Versions/A/NetFS
0x0000000000322000 	/System/Library/PrivateFrameworks/NetAuth.framework/Versions/A/NetAuth
0x0000000000322000 	/System/Library/PrivateFrameworks/login.framework/Versions/A/Frameworks/loginsupport.framework/Versions/A/loginsupport
0x0000000000322000 	/System/Library/PrivateFrameworks/TCC.framework/Versions/A/TCC
0x0000000000322000 	/usr/lib/libmecabra.dylib
0x0000000000322000 	/System/Library/PrivateFrameworks/LanguageModeling.framework/Versions/A/LanguageModeling
0x0000000000322000 	/usr/lib/libcmph.dylib
0x0000000000322000 	/usr/lib/libiconv.2.dylib
0x0000000000322000 	/System/Library/Frameworks/OpenDirectory.framework/Versions/A/Frameworks/CFOpenDirectory.framework/Versions/A/CFOpenDirectory
0x0000000000322000 	/System/Library/Frameworks/ServiceManagement.framework/Versions/A/ServiceManagement
0x0000000000322000 	/usr/lib/libxslt.1.dylib
0x0000000000322000 	/System/Library/Frameworks/Carbon.framework/Versions/A/Frameworks/Ink.framework/Versions/A/Ink
0x0000000000322000 	/System/Library/Frameworks/ApplicationServices.framework/Versions/A/Frameworks/ATS.framework/Versions/A/ATS
0x0000000000322000 	/System/Library/Frameworks/ApplicationServices.framework/Versions/A/Frameworks/ColorSync.framework/Versions/A/ColorSync
0x0000000000322000 	/System/Library/Frameworks/ApplicationServices.framework/Versions/A/Frameworks/HIServices.framework/Versions/A/HIServices
0x0000000000322000 	/System/Library/Frameworks/ApplicationServices.framework/Versions/A/Frameworks/LangAnalysis.framework/Versions/A/LangAnalysis
0x0000000000322000 	/System/Library/Frameworks/ApplicationServices.framework/Versions/A/Frameworks/PrintCore.framework/Versions/A/PrintCore
0x0000000000322000 	/System/Library/Frameworks/ApplicationServices.framework/Versions/A/Frameworks/QD.framework/Versions/A/QD
0x0000000000322000 	/System/Library/Frameworks/ApplicationServices.framework/Versions/A/Frameworks/SpeechSynthesis.framework/Versions/A/SpeechSynthesis
0x0000000000322000 	/System/Library/Frameworks/Accelerate.framework/Versions/A/Accelerate
0x0000000000322000 	/System/Library/Frameworks/Accelerate.framework/Versions/A/Frameworks/vImage.framework/Versions/A/vImage
0x0000000000322000 	/System/Library/Frameworks/Accelerate.framework/Versions/A/Frameworks/vecLib.framework/Versions/A/vecLib
0x0000000000322000 	/System/Library/Frameworks/Accelerate.framework/Versions/A/Frameworks/vecLib.framework/Versions/A/libvDSP.dylib
0x0000000000322000 	/System/Library/Frameworks/Accelerate.framework/Versions/A/Frameworks/vecLib.framework/Versions/A/libvMisc.dylib
0x0000000000322000 	/System/Library/Frameworks/Accelerate.framework/Versions/A/Frameworks/vecLib.framework/Versions/A/libLAPACK.dylib
0x0000000000322000 	/System/Library/Frameworks/Accelerate.framework/Versions/A/Frameworks/vecLib.framework/Versions/A/libBLAS.dylib
0x0000000000322000 	/System/Library/Frameworks/Accelerate.framework/Versions/A/Frameworks/vecLib.framework/Versions/A/libLinearAlgebra.dylib
0x0000000000322000 	/System/Library/Frameworks/ApplicationServices.framework/Versions/A/Frameworks/ATS.framework/Versions/A/Resources/libFontParser.dylib
0x0000000000322000 	/System/Library/Frameworks/ApplicationServices.framework/Versions/A/Frameworks/ATS.framework/Versions/A/Resources/libFontRegistry.dylib
0x0000000000322000 	/System/Library/PrivateFrameworks/AppleVPA.framework/Versions/A/AppleVPA
0x0000000000322000 	/System/Library/PrivateFrameworks/AppleJPEG.framework/Versions/A/AppleJPEG
0x0000000000322000 	/System/Library/Frameworks/ImageIO.framework/Versions/A/Resources/libJPEG.dylib
0x0000000000322000 	/System/Library/Frameworks/ImageIO.framework/Versions/A/Resources/libTIFF.dylib
0x0000000000322000 	/System/Library/Frameworks/ImageIO.framework/Versions/A/Resources/libPng.dylib
0x0000000000322000 	/System/Library/Frameworks/ImageIO.framework/Versions/A/Resources/libGIF.dylib
0x0000000000322000 	/System/Library/Frameworks/ImageIO.framework/Versions/A/Resources/libJP2.dylib
0x0000000000322000 	/System/Library/Frameworks/ImageIO.framework/Versions/A/Resources/libRadiance.dylib
0x0000000000322000 	/System/Library/Frameworks/CoreVideo.framework/Versions/A/CoreVideo
0x0000000000322000 	/System/Library/Frameworks/OpenGL.framework/Versions/A/Libraries/libGLU.dylib
0x0000000000322000 	/System/Library/Frameworks/OpenGL.framework/Versions/A/Libraries/libGFXShared.dylib
0x0000000000322000 	/System/Library/Frameworks/OpenGL.framework/Versions/A/Libraries/libGL.dylib
0x0000000000322000 	/System/Library/Frameworks/OpenGL.framework/Versions/A/Libraries/libGLImage.dylib
0x0000000000322000 	/System/Library/Frameworks/OpenGL.framework/Versions/A/Libraries/libCVMSPluginSupport.dylib
0x0000000000322000 	/System/Library/Frameworks/OpenGL.framework/Versions/A/Libraries/libCoreVMClient.dylib
0x0000000000322000 	/usr/lib/libcups.2.dylib
0x0000000000322000 	/System/Library/Frameworks/Kerberos.framework/Versions/A/Kerberos
0x0000000000322000 	/System/Library/Frameworks/GSS.framework/Versions/A/GSS
0x0000000000322000 	/usr/lib/libresolv.9.dylib
0x0000000000322000 	/System/Library/PrivateFrameworks/Heimdal.framework/Versions/A/Heimdal
0x0000000000322000 	/usr/lib/libheimdal-asn1.dylib
0x0000000000322000 	/System/Library/Frameworks/OpenDirectory.framework/Versions/A/OpenDirectory
0x0000000000322000 	/System/Library/PrivateFrameworks/CommonAuth.framework/Versions/A/CommonAuth
0x0000000000322000 	/System/Library/Frameworks/SecurityFoundation.framework/Versions/A/SecurityFoundation
0x0000000000322000 	/System/Library/Frameworks/QuartzCore.framework/Versions/A/Frameworks/CoreImage.framework/Versions/A/CoreImage
0x0000000000322000 	/System/Library/PrivateFrameworks/CrashReporterSupport.framework/Versions/A/CrashReporterSupport
0x0000000000322000 	/System/Library/Frameworks/OpenCL.framework/Versions/A/OpenCL
0x0000000000322000 	/System/Library/PrivateFrameworks/FaceCore.framework/Versions/A/FaceCore
0x0000000000322000 	/System/Library/PrivateFrameworks/Ubiquity.framework/Versions/A/Ubiquity
0x0000000000322000 	/System/Library/PrivateFrameworks/IconServices.framework/Versions/A/IconServices
0x0000000000322000 	/System/Library/PrivateFrameworks/ChunkingLibrary.framework/Versions/A/ChunkingLibrary
0x0000000000322000 	/System/Library/PrivateFrameworks/Apple80211.framework/Versions/A/Apple80211
0x0000000000322000 	/System/Library/Frameworks/CoreWLAN.framework/Versions/A/CoreWLAN
0x0000000000322000 	/System/Library/Frameworks/IOBluetooth.framework/Versions/A/IOBluetooth
0x0000000000322000 	/System/Library/PrivateFrameworks/CoreWiFi.framework/Versions/A/CoreWiFi
0x0000000000322000 	/System/Library/Frameworks/CoreBluetooth.framework/Versions/A/CoreBluetooth
0x0000000000322000 	/System/Library/PrivateFrameworks/DebugSymbols.framework/Versions/A/DebugSymbols
0x0000000000322000 	/System/Library/PrivateFrameworks/CoreSymbolication.framework/Versions/A/CoreSymbolication
0x0000000000322000 	/System/Library/PrivateFrameworks/Symbolication.framework/Versions/A/Symbolication
0x0000000000322000 	/System/Library/PrivateFrameworks/SpeechRecognitionCore.framework/Versions/A/SpeechRecognitionCore
0x0000000101800000 	/Library/Java/JavaVirtualMachines/jdk1.8.0.jdk/Contents/Home/jre/lib/server/libjvm.dylib
0x0000000000322000 	/usr/lib/libstdc++.6.dylib
0x0000000100774000 	/Library/Java/JavaVirtualMachines/jdk1.8.0.jdk/Contents/Home/jre/lib/libverify.dylib
0x0000000100782000 	/Library/Java/JavaVirtualMachines/jdk1.8.0.jdk/Contents/Home/jre/lib/libjava.dylib
0x00000001007c0000 	/Library/Java/JavaVirtualMachines/jdk1.8.0.jdk/Contents/Home/jre/lib/libzip.dylib
0x000000011e269000 	/System/Library/Frameworks/JavaVM.framework/Frameworks/JavaRuntimeSupport.framework/JavaRuntimeSupport
0x000000011e281000 	/System/Library/Frameworks/JavaVM.framework/Versions/A/Frameworks/JavaNativeFoundation.framework/Versions/A/JavaNativeFoundation
0x00000001007f2000 	/System/Library/Frameworks/JavaVM.framework/Versions/A/JavaVM
0x0000000000322000 	/System/Library/Frameworks/Carbon.framework/Versions/A/Carbon
0x000000011e296000 	/System/Library/PrivateFrameworks/JavaLaunching.framework/Versions/A/JavaLaunching
0x0000000000322000 	/System/Library/Frameworks/Carbon.framework/Versions/A/Frameworks/CommonPanels.framework/Versions/A/CommonPanels
0x0000000000322000 	/System/Library/Frameworks/Carbon.framework/Versions/A/Frameworks/Help.framework/Versions/A/Help
0x0000000000322000 	/System/Library/Frameworks/Carbon.framework/Versions/A/Frameworks/ImageCapture.framework/Versions/A/ImageCapture
0x0000000000322000 	/System/Library/Frameworks/Carbon.framework/Versions/A/Frameworks/OpenScripting.framework/Versions/A/OpenScripting
0x0000000000322000 	/System/Library/Frameworks/Carbon.framework/Versions/A/Frameworks/Print.framework/Versions/A/Print
0x0000000000322000 	/System/Library/Frameworks/Carbon.framework/Versions/A/Frameworks/SecurityHI.framework/Versions/A/SecurityHI
0x000000012039e000 	/Library/Java/JavaVirtualMachines/jdk1.8.0.jdk/Contents/Home/jre/lib/libprism_es2.dylib
0x0000000000322000 	/System/Library/Frameworks/OpenGL.framework/Versions/A/Resources/GLEngine.bundle/GLEngine
0x0000000000322000 	/System/Library/Frameworks/OpenGL.framework/Versions/A/Libraries/libGLProgrammability.dylib
0x0000000000000000 	/System/Library/Extensions/AppleIntelHD5000GraphicsGLDriver.bundle/Contents/MacOS/AppleIntelHD5000GraphicsGLDriver
0x0000000000322000 	/System/Library/PrivateFrameworks/IOAccelerator.framework/Versions/A/IOAccelerator
0x0000000000322000 	/System/Library/PrivateFrameworks/GPUSupport.framework/Versions/A/Libraries/libGPUSupportMercury.dylib
0x0000000000322000 	/System/Library/Frameworks/OpenGL.framework/Versions/A/Resources/GLRendererFloat.bundle/GLRendererFloat
0x0000000000322000 	/System/Library/Frameworks/OpenCL.framework/Versions/A/Libraries/libcldcpuengine.dylib
0x0000000000322000 	/System/Library/PrivateFrameworks/DiskImages.framework/Versions/A/DiskImages
0x0000000000322000 	/System/Library/Frameworks/DiscRecording.framework/Versions/A/DiscRecording
0x0000000000322000 	/usr/lib/libcsfde.dylib
0x0000000000322000 	/usr/lib/libcurl.4.dylib
0x0000000000322000 	/System/Library/PrivateFrameworks/MediaKit.framework/Versions/A/MediaKit
0x0000000000322000 	/System/Library/PrivateFrameworks/ProtectedCloudStorage.framework/Versions/A/ProtectedCloudStorage
0x0000000000322000 	/usr/lib/libCoreStorage.dylib
0x0000000000322000 	/System/Library/PrivateFrameworks/EFILogin.framework/Versions/A/EFILogin
0x0000000000322000 	/usr/lib/libutil.dylib
0x0000000000322000 	/System/Library/PrivateFrameworks/FindMyDevice.framework/Versions/A/FindMyDevice
0x0000000000322000 	/System/Library/Frameworks/LDAP.framework/Versions/A/LDAP
0x0000000000322000 	/usr/lib/libsasl2.2.dylib
0x0000000000322000 	/System/Library/PrivateFrameworks/CoreDaemon.framework/Versions/B/CoreDaemon
0x0000000000322000 	/usr/lib/libcrypto.0.9.8.dylib
0x0000000000322000 	/System/Library/PrivateFrameworks/AppleSRP.framework/Versions/A/AppleSRP
0x0000000000322000 	/System/Library/PrivateFrameworks/TrustEvaluationAgent.framework/Versions/A/TrustEvaluationAgent
0x000000012084b000 	/Library/Java/JavaVirtualMachines/jdk1.8.0.jdk/Contents/Home/jre/lib/libglass.dylib
0x0000000000322000 	/System/Library/PrivateFrameworks/CoreServicesInternal.framework/Versions/A/CoreServicesInternal
0x0000000000322000 	/System/Library/PrivateFrameworks/CloudDocs.framework/Versions/A/CloudDocs
0x0000000000322000 	/System/Library/PrivateFrameworks/CoreDuet.framework/Versions/A/CoreDuet
0x0000000000322000 	/System/Library/Frameworks/CloudKit.framework/Versions/A/CloudKit
0x0000000000322000 	/System/Library/PrivateFrameworks/ProtocolBuffer.framework/Versions/A/ProtocolBuffer
0x0000000000322000 	/System/Library/PrivateFrameworks/CoreDuetDaemonProtocol.framework/Versions/A/CoreDuetDaemonProtocol
0x0000000000322000 	/System/Library/PrivateFrameworks/CoreDuetDebugLogging.framework/Versions/A/CoreDuetDebugLogging
0x0000000000322000 	/System/Library/Frameworks/CoreLocation.framework/Versions/A/CoreLocation
0x0000000000322000 	/System/Library/Frameworks/Accounts.framework/Versions/A/Accounts
0x0000000000322000 	/System/Library/PrivateFrameworks/ApplePushService.framework/Versions/A/ApplePushService
0x0000000000322000 	/System/Library/PrivateFrameworks/GeoServices.framework/Versions/A/GeoServices
0x0000000000322000 	/System/Library/PrivateFrameworks/OAuth.framework/Versions/A/OAuth
0x0000000000322000 	/System/Library/Frameworks/CoreGraphics.framework/Versions/A/Resources/libCGCMS.A.dylib
0x0000000000322000 	/System/Library/CoreServices/RawCamera.bundle/Contents/MacOS/RawCamera
0x0000000000322000 	/System/Library/Frameworks/CoreGraphics.framework/Versions/A/Resources/libRIP.A.dylib
0x0000000000322000 	/System/Library/PrivateFrameworks/FamilyControls.framework/Versions/A/FamilyControls
0x0000000000322000 	/System/Library/PrivateFrameworks/CommerceKit.framework/Versions/A/Frameworks/CommerceCore.framework/Versions/A/CommerceCore
0x0000000000322000 	/System/Library/PrivateFrameworks/SystemAdministration.framework/Versions/A/SystemAdministration
0x0000000000322000 	/System/Library/PrivateFrameworks/AppContainer.framework/Versions/A/AppContainer
0x0000000000322000 	/System/Library/PrivateFrameworks/SecCodeWrapper.framework/Versions/A/SecCodeWrapper
0x0000000000322000 	/System/Library/Frameworks/DirectoryService.framework/Versions/A/DirectoryService
0x0000000000322000 	/System/Library/PrivateFrameworks/LoginUIKit.framework/Versions/A/Frameworks/LoginUICore.framework/Versions/A/LoginUICore
0x0000000000322000 	/usr/lib/libodfde.dylib
0x00000001248ee000 	/Library/Java/JavaVirtualMachines/jdk1.8.0.jdk/Contents/Home/jre/lib/libjavafx_font.dylib
0x0000000000322000 	/System/Library/Frameworks/CoreGraphics.framework/Versions/A/Resources/libCGXType.A.dylib
0x0000000126d99000 	cl_kernels
0x0000000126dab000 	/System/Library/Frameworks/OpenCL.framework/Versions/A/Libraries/ImageFormats/unorm8_bgra.dylib
0x0000000126d8b000 	cl_kernels
0x0000000126d9b000 	/Library/Java/JavaVirtualMachines/jdk1.8.0.jdk/Contents/Home/jre/lib/libprism_common.dylib

VM Arguments:
jvm_args: -Dfile.encoding=UTF-8 
java_command: View.ChatWindow
java_class_path (initial): /Users/Sekou/Downloads/java-getopt-1.0.9.jar:/Users/Sekou/NetBeansProjects/Chat/build/classes
Launcher Type: SUN_STANDARD

Environment Variables:
PATH=/usr/bin:/bin:/usr/sbin:/sbin
LD_LIBRARY_PATH=/Library/Java/JavaVirtualMachines/jdk1.8.0.jdk/Contents/Home/jre/lib/amd64:/Library/Java/JavaVirtualMachines/jdk1.8.0.jdk/Contents/Home/jre/lib/i386:
SHELL=/bin/bash
DISPLAY=/private/tmp/com.apple.launchd.JIRVb31HyA/org.macosforge.xquartz:0
DYLD_LIBRARY_PATH=/Applications/NetBeans/NetBeans 8.0.2.app/Contents/Resources/NetBeans/webcommon/bin:

Signal Handlers:
SIGSEGV: [libjvm.dylib+0x55faef], sa_mask[0]=0xfffefeff, sa_flags=0x00000043
SIGBUS: [libjvm.dylib+0x55faef], sa_mask[0]=0xfffefeff, sa_flags=0x00000042
SIGFPE: [libjvm.dylib+0x44305a], sa_mask[0]=0xfffefeff, sa_flags=0x00000042
SIGPIPE: [libjvm.dylib+0x44305a], sa_mask[0]=0xfffefeff, sa_flags=0x00000042
SIGXFSZ: [libjvm.dylib+0x44305a], sa_mask[0]=0xfffefeff, sa_flags=0x00000042
SIGILL: [libjvm.dylib+0x44305a], sa_mask[0]=0xfffefeff, sa_flags=0x00000042
SIGUSR1: SIG_DFL, sa_mask[0]=0x00000000, sa_flags=0x00000000
SIGUSR2: [libjvm.dylib+0x442b78], sa_mask[0]=0x00000004, sa_flags=0x00000042
SIGHUP: [libjvm.dylib+0x440f05], sa_mask[0]=0xfffefeff, sa_flags=0x00000042
SIGINT: SIG_IGN, sa_mask[0]=0x00000000, sa_flags=0x00000000
SIGTERM: [libjvm.dylib+0x440f05], sa_mask[0]=0xfffefeff, sa_flags=0x00000042
SIGQUIT: [libjvm.dylib+0x440f05], sa_mask[0]=0xfffefeff, sa_flags=0x00000042


---------------  S Y S T E M  ---------------

OS:Bsduname:Darwin 14.0.0 Darwin Kernel Version 14.0.0: Fri Sep 19 00:26:44 PDT 2014; root:xnu-2782.1.97~2/RELEASE_X86_64 x86_64
rlimit: STACK 8192k, CORE 0k, NPROC 709, NOFILE 10240, AS infinity
load average:4.39 3.65 3.01

CPU:total 8 (4 cores per cpu, 2 threads per core) family 6 model 70 stepping 1, cmov, cx8, fxsr, mmx, sse, sse2, sse3, ssse3, sse4.1, sse4.2, popcnt, avx, avx2, aes, clmul, erms, ht, tsc, tscinvbit

Memory: 4k page, physical 16777216k(377932k free)

/proc/meminfo:


vm_info: Java HotSpot(TM) 64-Bit Server VM (25.0-b70) for bsd-amd64 JRE (1.8.0-b132), built on Mar  4 2014 03:11:43 by "java_re" with gcc 4.2.1 (Based on Apple Inc. build 5658) (LLVM build 2336.11.00)

time: Sun Mar 29 20:50:51 2015
elapsed time: 502 seconds

