#
# A fatal error has been detected by the Java Runtime Environment:
#
#  SIGSEGV (0xb) at pc=0x0000000127540173, pid=53923, tid=1811
#
# JRE version: Java(TM) SE Runtime Environment (8.0-b132) (build 1.8.0-b132)
# Java VM: Java HotSpot(TM) 64-Bit Server VM (25.0-b70 mixed mode bsd-amd64 compressed oops)
# Problematic frame:
# C  [libglass.dylib+0x1b173]  GlassScreenDidChangeScreenParameters+0x53
#
# Failed to write core dump. Core dumps have been disabled. To enable core dumping, try "ulimit -c unlimited" before starting Java again
#
# If you would like to submit a bug report, please visit:
#   http://bugreport.sun.com/bugreport/crash.jsp
#

---------------  T H R E A D  ---------------

Current thread is native thread

siginfo:si_signo=SIGSEGV: si_errno=0, si_code=1 (SEGV_MAPERR), si_addr=0x0000000000000000

Registers:
RAX=0x00007fc523c89458, RBX=0x0000000000000000, RCX=0x0000000127572910, RDX=0x00007fff710441f8
RSP=0x00007fff58a4a140, RBP=0x00007fff58a4a150, RSI=0x00007fc523f15170, RDI=0x0000000000000000
R8 =0x00007fff58a49ff0, R9 =0x00007fff7265c300, R10=0x0000000000000000, R11=0x0000000000000246
R12=0x00007fc523d0a600, R13=0x00000000000f4268, R14=0x00007fc523d58c30, R15=0x00007fff58a4a290
RIP=0x0000000127540173, EFLAGS=0x0000000000010202, ERR=0x0000000000000004
  TRAPNO=0x000000000000000e

Top of Stack: (sp=0x00007fff58a4a140)
0x00007fff58a4a140:   00007fff58a4a150 00007fff58a4a320
0x00007fff58a4a150:   00007fff58a4a160 00007fff8d30bcbc
0x00007fff58a4a160:   00007fff58a4a4c0 00007fff8d1fd1b4
0x00007fff58a4a170:   00007fc52801d000 0000000000000a00
0x00007fff58a4a180:   00000001071cd000 00007fc523efc080
0x00007fff58a4a190:   0000000000001001 0000000000000900
0x00007fff58a4a1a0:   0000000000000004 00007fc523d58c30
0x00007fff58a4a1b0:   0000000000000000 00007fff58a4a290
0x00007fff58a4a1c0:   0000000000000000 00007fc523d58bf0
0x00007fff58a4a1d0:   00007fff58a4a310 0000000000000060
0x00007fff58a4a1e0:   00000000000f4480 00007fc526070c10
0x00007fff58a4a1f0:   00007fc523d3e2a0 00007fc523d0a600
0x00007fff58a4a200:   0000000000000001 00000000000f4268
0x00007fff58a4a210:   00007fc523d0a5f0 00007fff8be64acb
0x00007fff58a4a220:   0000000000000001 0000000000000001
0x00007fff58a4a230:   0000000000000030 0000000000000001
0x00007fff58a4a240:   00007fff58a4a260 00007fff8be6a231
0x00007fff58a4a250:   00007fff72312dd0 0000000000000000
0x00007fff58a4a260:   00007fff58a4a280 0000000000000023
0x00007fff58a4a270:   000692038be6453e 00007fc523d0a624
0x00007fff58a4a280:   0000000000000000 00007fff8d1f2c8f
0x00007fff58a4a290:   00007fc523d58c30 00007fff72312dd0
0x00007fff58a4a2a0:   00007fff58a4a320 0000000000000004
0x00007fff58a4a2b0:   00007fff58a4a2f0 00007fff8be6453e
0x00007fff58a4a2c0:   00000001071d0a00 0000000000000002
0x00007fff58a4a2d0:   00000001071cd000 00007fc526003b22
0x00007fff58a4a2e0:   0000000000000003 00000001071d1400
0x00007fff58a4a2f0:   00007fff58a4a3e0 00007fff8be632a2
0x00007fff58a4a300:   00007fc526225510 00007fff58a4a4c8
0x00007fff58a4a310:   0000000000000017 0000000000000000
0x00007fff58a4a320:   00000000000f4268 00007fff8d1f2f83
0x00007fff58a4a330:   00007fff00000000 00007fc523d42400 

Instructions: (pc=0x0000000127540173)
0x0000000127540153:   50 01 00 48 89 df ff 90 88 03 00 00 48 8d 0d a2
0x0000000127540163:   28 03 00 48 89 01 48 8d 0d a0 27 03 00 48 8b 31
0x0000000127540173:   48 8b 0b 48 89 df 48 89 c2 30 c0 ff 91 68 04 00
0x0000000127540183:   00 48 83 c4 08 5b 5d c3 0f 1f 44 00 00 55 48 89 

Register to memory mapping:

RAX=0x00007fc523c89458 is an unknown value
RBX=0x0000000000000000 is an unknown value
RCX=0x0000000127572910: jScreenClass+0 in /Library/Java/JavaVirtualMachines/jdk1.8.0.jdk/Contents/Home/jre/lib/libglass.dylib at 0x0000000127525000
RDX=0x00007fff710441f8: __sFX+0x1c8 in /usr/lib/system/libsystem_c.dylib at 0x00007fff853c8000
RSP=0x00007fff58a4a140 is an unknown value
RBP=0x00007fff58a4a150 is an unknown value
RSI=0x00007fc523f15170 is a global jni handle
RDI=0x0000000000000000 is an unknown value
R8 =0x00007fff58a49ff0 is an unknown value
R9 =0x00007fff7265c300: _thread+0 in /usr/lib/system/libsystem_pthread.dylib at 0x00007fff8e8d1000
R10=0x0000000000000000 is an unknown value
R11=0x0000000000000246 is an unknown value
R12=0x00007fc523d0a600 is an unknown value
R13=0x00000000000f4268 is an unknown value
R14=0x00007fc523d58c30 is an unknown value
R15=0x00007fff58a4a290 is an unknown value


Stack: [0x00007fff5824d000,0x00007fff58a4d000],  sp=0x00007fff58a4a140,  free space=8180k
Native frames: (J=compiled Java code, j=interpreted, Vv=VM code, C=native code)
C  [libglass.dylib+0x1b173]  GlassScreenDidChangeScreenParameters+0x53
C  [CoreFoundation+0x11ecbc]  __CFNOTIFICATIONCENTER_IS_CALLING_OUT_TO_AN_OBSERVER__+0xc
C  [CoreFoundation+0x101b4]  _CFXNotificationPost+0xc44
C  [Foundation+0x2ea1]  -[NSNotificationCenter postNotificationName:object:userInfo:]+0x42
C  [AppKit+0x362dee]  -[NSApplication _reactToScreenInvalidationImmediately:]+0x17b
C  [AppKit+0x362c2d]  __44-[NSApplication _reactToScreenInvalidation:]_block_invoke+0x4b
C  [CoreFoundation+0x8054c]  __CFRUNLOOP_IS_CALLING_OUT_TO_A_BLOCK__+0xc
C  [CoreFoundation+0x72655]  __CFRunLoopDoBlocks+0x155
C  [CoreFoundation+0x72196]  __CFRunLoopRun+0x716
C  [CoreFoundation+0x71838]  CFRunLoopRunSpecific+0x128
C  [java+0x56db]  CreateExecutionEnvironment+0x367
C  [java+0x167c]  JLI_Launch+0x7a0
C  [java+0x7699]  main+0x65
C  [java+0xed4]  start+0x34


---------------  P R O C E S S  ---------------

VM state:at safepoint (normal execution)

VM Mutex/Monitor currently owned by a thread:  ([mutex/lock_event])
[0x00007fc523d07c00] Threads_lock - owner thread: 0x00007fc525053000
[0x00007fc523d08100] Heap_lock - owner thread: 0x00007fc528064000

Heap:
 PSYoungGen      total 14336K, used 2675K [0x000000076ab00000, 0x000000076bc80000, 0x00000007c0000000)
  eden space 11776K, 2% used [0x000000076ab00000,0x000000076ab54cf0,0x000000076b680000)
  from space 2560K, 91% used [0x000000076b700000,0x000000076b948010,0x000000076b980000)
  to   space 3072K, 0% used [0x000000076b980000,0x000000076b980000,0x000000076bc80000)
 ParOldGen       total 260608K, used 6583K [0x00000006c0000000, 0x00000006cfe80000, 0x000000076ab00000)
  object space 260608K, 2% used [0x00000006c0000000,0x00000006c066dc10,0x00000006cfe80000)
 Metaspace       used 14396K, capacity 14554K, committed 14720K, reserved 1062912K
  class space    used 2112K, capacity 2165K, committed 2176K, reserved 1048576K

Card table byte_map: [0x00000001186b3000,0x0000000118eb4000] byte_map_base: 0x00000001150b3000

Marking Bits: (ParMarkBitMap*) 0x0000000108c660a0
 Begin Bits: [0x0000000119c22000, 0x000000011dc22000)
 End Bits:   [0x000000011dc22000, 0x0000000121c22000)

Polling page: 0x00000001073d9000

CodeCache: size=245760Kb used=6267Kb max_used=6267Kb free=239492Kb
 bounds [0x00000001092f3000, 0x0000000109923000, 0x00000001182f3000]
 total_blobs=2637 nmethods=2040 adapters=512
 compilation: enabled

Compilation events (10 events):
Event: 812.984 Thread 0x00007fc525064000 2036       1       javafx.scene.layout.Region::access$4900 (5 bytes)
Event: 812.985 Thread 0x00007fc525064000 nmethod 2036 0x0000000109914d10 code [0x0000000109914e60, 0x0000000109914f50]
Event: 812.985 Thread 0x00007fc525064000 2037       1       javafx.scene.shape.Shape::access$1100 (5 bytes)
Event: 812.985 Thread 0x00007fc525064000 nmethod 2037 0x0000000109914fd0 code [0x0000000109915120, 0x0000000109915210]
Event: 813.266 Thread 0x00007fc525064000 2038       1       com.sun.javafx.event.BasicEventDispatcher::getPreviousDispatcher (5 bytes)
Event: 813.266 Thread 0x00007fc525064000 nmethod 2038 0x0000000109915290 code [0x00000001099153e0, 0x00000001099154f0]
Event: 813.269 Thread 0x00007fc525064000 2039       1       java.util.concurrent.CopyOnWriteArrayList::getArray (5 bytes)
Event: 813.269 Thread 0x00007fc525064000 nmethod 2039 0x0000000109915550 code [0x00000001099156a0, 0x00000001099157b0]
Event: 813.298 Thread 0x00007fc525064000 2041       3       java.util.concurrent.locks.AbstractQueuedSynchronizer::doReleaseShared (79 bytes)
Event: 813.298 Thread 0x00007fc525064000 nmethod 2041 0x0000000109915b90 code [0x0000000109915d40, 0x00000001099162e8]

GC Heap History (10 events):
Event: 0.556 GC heap before
{Heap before GC invocations=7 (full 0):
 PSYoungGen      total 5632K, used 4896K [0x000000076ab00000, 0x000000076b200000, 0x00000007c0000000)
  eden space 4096K, 100% used [0x000000076ab00000,0x000000076af00000,0x000000076af00000)
  from space 1536K, 52% used [0x000000076b080000,0x000000076b148040,0x000000076b200000)
  to   space 1536K, 0% used [0x000000076af00000,0x000000076af00000,0x000000076b080000)
 ParOldGen       total 260608K, used 976K [0x00000006c0000000, 0x00000006cfe80000, 0x000000076ab00000)
  object space 260608K, 0% used [0x00000006c0000000,0x00000006c00f4010,0x00000006cfe80000)
 Metaspace       used 7602K, capacity 8100K, committed 8192K, reserved 1056768K
  class space    used 937K, capacity 980K, committed 1024K, reserved 1048576K
Event: 0.558 GC heap after
Heap after GC invocations=7 (full 0):
 PSYoungGen      total 5632K, used 1504K [0x000000076ab00000, 0x000000076b600000, 0x00000007c0000000)
  eden space 4096K, 0% used [0x000000076ab00000,0x000000076ab00000,0x000000076af00000)
  from space 1536K, 97% used [0x000000076af00000,0x000000076b078030,0x000000076b080000)
  to   space 1536K, 0% used [0x000000076b480000,0x000000076b480000,0x000000076b600000)
 ParOldGen       total 260608K, used 1200K [0x00000006c0000000, 0x00000006cfe80000, 0x000000076ab00000)
  object space 260608K, 0% used [0x00000006c0000000,0x00000006c012c060,0x00000006cfe80000)
 Metaspace       used 7602K, capacity 8100K, committed 8192K, reserved 1056768K
  class space    used 937K, capacity 980K, committed 1024K, reserved 1048576K
}
Event: 0.638 GC heap before
{Heap before GC invocations=8 (full 0):
 PSYoungGen      total 5632K, used 5600K [0x000000076ab00000, 0x000000076b600000, 0x00000007c0000000)
  eden space 4096K, 100% used [0x000000076ab00000,0x000000076af00000,0x000000076af00000)
  from space 1536K, 97% used [0x000000076af00000,0x000000076b078030,0x000000076b080000)
  to   space 1536K, 0% used [0x000000076b480000,0x000000076b480000,0x000000076b600000)
 ParOldGen       total 260608K, used 1200K [0x00000006c0000000, 0x00000006cfe80000, 0x000000076ab00000)
  object space 260608K, 0% used [0x00000006c0000000,0x00000006c012c060,0x00000006cfe80000)
 Metaspace       used 9099K, capacity 9210K, committed 9472K, reserved 1056768K
  class space    used 1222K, capacity 1237K, committed 1280K, reserved 1048576K
Event: 0.640 GC heap after
Heap after GC invocations=8 (full 0):
 PSYoungGen      total 9216K, used 1504K [0x000000076ab00000, 0x000000076b700000, 0x00000007c0000000)
  eden space 7680K, 0% used [0x000000076ab00000,0x000000076ab00000,0x000000076b280000)
  from space 1536K, 97% used [0x000000076b480000,0x000000076b5f8010,0x000000076b600000)
  to   space 2048K, 0% used [0x000000076b280000,0x000000076b280000,0x000000076b480000)
 ParOldGen       total 260608K, used 1520K [0x00000006c0000000, 0x00000006cfe80000, 0x000000076ab00000)
  object space 260608K, 0% used [0x00000006c0000000,0x00000006c017c070,0x00000006cfe80000)
 Metaspace       used 9099K, capacity 9210K, committed 9472K, reserved 1056768K
  class space    used 1222K, capacity 1237K, committed 1280K, reserved 1048576K
}
Event: 1.069 GC heap before
{Heap before GC invocations=9 (full 0):
 PSYoungGen      total 9216K, used 9184K [0x000000076ab00000, 0x000000076b700000, 0x00000007c0000000)
  eden space 7680K, 100% used [0x000000076ab00000,0x000000076b280000,0x000000076b280000)
  from space 1536K, 97% used [0x000000076b480000,0x000000076b5f8010,0x000000076b600000)
  to   space 2048K, 0% used [0x000000076b280000,0x000000076b280000,0x000000076b480000)
 ParOldGen       total 260608K, used 1520K [0x00000006c0000000, 0x00000006cfe80000, 0x000000076ab00000)
  object space 260608K, 0% used [0x00000006c0000000,0x00000006c017c070,0x00000006cfe80000)
 Metaspace       used 11897K, capacity 11994K, committed 12032K, reserved 1058816K
  class space    used 1739K, capacity 1781K, committed 1792K, reserved 1048576K
Event: 1.071 GC heap after
Heap after GC invocations=9 (full 0):
 PSYoungGen      total 9728K, used 2048K [0x000000076ab00000, 0x000000076bc00000, 0x00000007c0000000)
  eden space 7680K, 0% used [0x000000076ab00000,0x000000076ab00000,0x000000076b280000)
  from space 2048K, 100% used [0x000000076b280000,0x000000076b480000,0x000000076b480000)
  to   space 2560K, 0% used [0x000000076b980000,0x000000076b980000,0x000000076bc00000)
 ParOldGen       total 260608K, used 2040K [0x00000006c0000000, 0x00000006cfe80000, 0x000000076ab00000)
  object space 260608K, 0% used [0x00000006c0000000,0x00000006c01fe090,0x00000006cfe80000)
 Metaspace       used 11897K, capacity 11994K, committed 12032K, reserved 1058816K
  class space    used 1739K, capacity 1781K, committed 1792K, reserved 1048576K
}
Event: 3.573 GC heap before
{Heap before GC invocations=10 (full 0):
 PSYoungGen      total 9728K, used 8986K [0x000000076ab00000, 0x000000076bc00000, 0x00000007c0000000)
  eden space 7680K, 90% used [0x000000076ab00000,0x000000076b1c6b60,0x000000076b280000)
  from space 2048K, 100% used [0x000000076b280000,0x000000076b480000,0x000000076b480000)
  to   space 2560K, 0% used [0x000000076b980000,0x000000076b980000,0x000000076bc00000)
 ParOldGen       total 260608K, used 2040K [0x00000006c0000000, 0x00000006cfe80000, 0x000000076ab00000)
  object space 260608K, 0% used [0x00000006c0000000,0x00000006c01fe090,0x00000006cfe80000)
 Metaspace       used 13840K, capacity 13946K, committed 14208K, reserved 1060864K
  class space    used 2100K, capacity 2133K, committed 2176K, reserved 1048576K
Event: 3.576 GC heap after
Heap after GC invocations=10 (full 0):
 PSYoungGen      total 14848K, used 1570K [0x000000076ab00000, 0x000000076bc00000, 0x00000007c0000000)
  eden space 12288K, 0% used [0x000000076ab00000,0x000000076ab00000,0x000000076b700000)
  from space 2560K, 61% used [0x000000076b980000,0x000000076bb08a90,0x000000076bc00000)
  to   space 2560K, 0% used [0x000000076b700000,0x000000076b700000,0x000000076b980000)
 ParOldGen       total 260608K, used 3184K [0x00000006c0000000, 0x00000006cfe80000, 0x000000076ab00000)
  object space 260608K, 1% used [0x00000006c0000000,0x00000006c031c090,0x00000006cfe80000)
 Metaspace       used 13840K, capacity 13946K, committed 14208K, reserved 1060864K
  class space    used 2100K, capacity 2133K, committed 2176K, reserved 1048576K
}
Event: 813.286 GC heap before
{Heap before GC invocations=11 (full 0):
 PSYoungGen      total 14848K, used 13858K [0x000000076ab00000, 0x000000076bc00000, 0x00000007c0000000)
  eden space 12288K, 100% used [0x000000076ab00000,0x000000076b700000,0x000000076b700000)
  from space 2560K, 61% used [0x000000076b980000,0x000000076bb08a90,0x000000076bc00000)
  to   space 2560K, 0% used [0x000000076b700000,0x000000076b700000,0x000000076b980000)
 ParOldGen       total 260608K, used 3184K [0x00000006c0000000, 0x00000006cfe80000, 0x000000076ab00000)
  object space 260608K, 1% used [0x00000006c0000000,0x00000006c031c090,0x00000006cfe80000)
 Metaspace       used 14382K, capacity 14554K, committed 14720K, reserved 1062912K
  class space    used 2109K, capacity 2165K, committed 2176K, reserved 1048576K
Event: 813.291 GC heap after
Heap after GC invocations=11 (full 0):
 PSYoungGen      total 14336K, used 2336K [0x000000076ab00000, 0x000000076bc80000, 0x00000007c0000000)
  eden space 11776K, 0% used [0x000000076ab00000,0x000000076ab00000,0x000000076b680000)
  from space 2560K, 91% used [0x000000076b700000,0x000000076b948010,0x000000076b980000)
  to   space 3072K, 0% used [0x000000076b980000,0x000000076b980000,0x000000076bc80000)
 ParOldGen       total 260608K, used 6583K [0x00000006c0000000, 0x00000006cfe80000, 0x000000076ab00000)
  object space 260608K, 2% used [0x00000006c0000000,0x00000006c066dc10,0x00000006cfe80000)
 Metaspace       used 14382K, capacity 14554K, committed 14720K, reserved 1062912K
  class space    used 2109K, capacity 2165K, committed 2176K, reserved 1048576K
}

Deoptimization events (10 events):
Event: 0.816 Thread 0x00007fc527800000 Uncommon trap: reason=class_check action=maybe_recompile pc=0x000000010941d59c method=java.lang.String.equals(Ljava/lang/Object;)Z @ 8
Event: 0.820 Thread 0x00007fc527800000 Uncommon trap: reason=class_check action=maybe_recompile pc=0x000000010941d59c method=java.lang.String.equals(Ljava/lang/Object;)Z @ 8
Event: 0.820 Thread 0x00007fc527800000 Uncommon trap: reason=class_check action=maybe_recompile pc=0x000000010941d59c method=java.lang.String.equals(Ljava/lang/Object;)Z @ 8
Event: 1.018 Thread 0x00007fc527800000 Uncommon trap: reason=unloaded action=reinterpret pc=0x00000001094daad8 method=java.lang.CharacterData.of(I)Ljava/lang/CharacterData; @ 96
Event: 2.493 Thread 0x00007fc527800000 Uncommon trap: reason=unreached action=reinterpret pc=0x000000010963f31c method=com.sun.javafx.css.SimpleSelector.stateMatches(Ljavafx/css/Styleable;Ljava/util/Set;)Z @ 1
Event: 7.040 Thread 0x00007fc527800000 Uncommon trap: reason=class_check action=maybe_recompile pc=0x000000010982eda8 method=javafx.scene.Node.isVisible()Z @ 15
Event: 7.040 Thread 0x00007fc527800000 Uncommon trap: reason=class_check action=maybe_recompile pc=0x000000010982eda8 method=javafx.scene.Node.isVisible()Z @ 15
Event: 7.040 Thread 0x00007fc527800000 Uncommon trap: reason=class_check action=maybe_recompile pc=0x000000010982eda8 method=javafx.scene.Node.isVisible()Z @ 15
Event: 7.041 Thread 0x00007fc527800000 Uncommon trap: reason=class_check action=maybe_recompile pc=0x000000010982eda8 method=javafx.scene.Node.isVisible()Z @ 15
Event: 10.560 Thread 0x00007fc527800000 Uncommon trap: reason=unreached action=reinterpret pc=0x00000001096339fc method=java.lang.ref.ReferenceQueue.poll()Ljava/lang/ref/Reference; @ 4

Internal exceptions (10 events):
Event: 0.608 Thread 0x00007fc527800000 Exception <a 'java/security/PrivilegedActionException'> (0x000000076ad8b1f0) thrown at [/HUDSON/workspace/8-2-build-macosx-x86_64/jdk8/2238/hotspot/src/share/vm/prims/jvm.cpp, line 1248]
Event: 0.608 Thread 0x00007fc527800000 Exception <a 'java/security/PrivilegedActionException'> (0x000000076ada9a38) thrown at [/HUDSON/workspace/8-2-build-macosx-x86_64/jdk8/2238/hotspot/src/share/vm/prims/jvm.cpp, line 1248]
Event: 0.608 Thread 0x00007fc527800000 Exception <a 'java/security/PrivilegedActionException'> (0x000000076adaaa50) thrown at [/HUDSON/workspace/8-2-build-macosx-x86_64/jdk8/2238/hotspot/src/share/vm/prims/jvm.cpp, line 1248]
Event: 0.642 Thread 0x00007fc527800000 Exception <a 'java/security/PrivilegedActionException'> (0x000000076ab201c0) thrown at [/HUDSON/workspace/8-2-build-macosx-x86_64/jdk8/2238/hotspot/src/share/vm/prims/jvm.cpp, line 1248]
Event: 0.644 Thread 0x00007fc527800000 Exception <a 'java/security/PrivilegedActionException'> (0x000000076ab37770) thrown at [/HUDSON/workspace/8-2-build-macosx-x86_64/jdk8/2238/hotspot/src/share/vm/prims/jvm.cpp, line 1248]
Event: 0.644 Thread 0x00007fc527800000 Exception <a 'java/security/PrivilegedActionException'> (0x000000076ab4edd0) thrown at [/HUDSON/workspace/8-2-build-macosx-x86_64/jdk8/2238/hotspot/src/share/vm/prims/jvm.cpp, line 1248]
Event: 0.873 Thread 0x00007fc527800000 Exception <a 'java/security/PrivilegedActionException'> (0x000000076afeb4c0) thrown at [/HUDSON/workspace/8-2-build-macosx-x86_64/jdk8/2238/hotspot/src/share/vm/prims/jvm.cpp, line 1248]
Event: 0.873 Thread 0x00007fc527800000 Exception <a 'java/security/PrivilegedActionException'> (0x000000076b000d58) thrown at [/HUDSON/workspace/8-2-build-macosx-x86_64/jdk8/2238/hotspot/src/share/vm/prims/jvm.cpp, line 1248]
Event: 0.874 Thread 0x00007fc527800000 Exception <a 'java/security/PrivilegedActionException'> (0x000000076b0168a8) thrown at [/HUDSON/workspace/8-2-build-macosx-x86_64/jdk8/2238/hotspot/src/share/vm/prims/jvm.cpp, line 1248]
Event: 2.493 Thread 0x00007fc527800000 Implicit null exception at 0x000000010963eb71 to 0x000000010963f2f5

Events (10 events):
Event: 813.298 Thread 0x00007fc5250c5000 Thread exited: 0x00007fc5250c5000
Event: 813.298 Thread 0x00007fc524008000 Thread exited: 0x00007fc524008000
Event: 813.298 Thread 0x00007fc528064000 Thread added: 0x00007fc528064000
Event: 813.298 Thread 0x00007fc527800000 Thread exited: 0x00007fc527800000
Event: 813.298 Thread 0x00007fc5250b9000 Thread exited: 0x00007fc5250b9000
Event: 813.298 loading class java/lang/Shutdown
Event: 813.298 loading class java/lang/Shutdown done
Event: 813.298 loading class java/lang/Shutdown$Lock
Event: 813.298 loading class java/lang/Shutdown$Lock done
Event: 813.299 Thread 0x00007fc528064000 Thread exited: 0x00007fc528064000


Dynamic libraries:
0x0000000000322000 	/System/Library/Frameworks/Cocoa.framework/Versions/A/Cocoa
0x0000000000322000 	/System/Library/Frameworks/Security.framework/Versions/A/Security
0x0000000000322000 	/System/Library/Frameworks/ApplicationServices.framework/Versions/A/ApplicationServices
0x0000000000322000 	/usr/lib/libz.1.dylib
0x0000000000322000 	/usr/lib/libSystem.B.dylib
0x0000000000322000 	/usr/lib/libobjc.A.dylib
0x0000000000322000 	/System/Library/Frameworks/CoreFoundation.framework/Versions/A/CoreFoundation
0x0000000000322000 	/System/Library/Frameworks/Foundation.framework/Versions/C/Foundation
0x0000000000322000 	/System/Library/Frameworks/AppKit.framework/Versions/C/AppKit
0x0000000000322000 	/System/Library/Frameworks/CoreData.framework/Versions/A/CoreData
0x0000000000322000 	/System/Library/PrivateFrameworks/RemoteViewServices.framework/Versions/A/RemoteViewServices
0x0000000000322000 	/System/Library/PrivateFrameworks/UIFoundation.framework/Versions/A/UIFoundation
0x0000000000322000 	/System/Library/Frameworks/IOSurface.framework/Versions/A/IOSurface
0x0000000000322000 	/System/Library/Frameworks/AudioToolbox.framework/Versions/A/AudioToolbox
0x0000000000322000 	/System/Library/Frameworks/AudioUnit.framework/Versions/A/AudioUnit
0x0000000000322000 	/System/Library/PrivateFrameworks/DataDetectorsCore.framework/Versions/A/DataDetectorsCore
0x0000000000322000 	/System/Library/PrivateFrameworks/DesktopServicesPriv.framework/Versions/A/DesktopServicesPriv
0x0000000000322000 	/System/Library/Frameworks/Carbon.framework/Versions/A/Frameworks/HIToolbox.framework/Versions/A/HIToolbox
0x0000000000322000 	/System/Library/Frameworks/QuartzCore.framework/Versions/A/QuartzCore
0x0000000000322000 	/System/Library/Frameworks/Carbon.framework/Versions/A/Frameworks/SpeechRecognition.framework/Versions/A/SpeechRecognition
0x0000000000322000 	/usr/lib/libauto.dylib
0x0000000000322000 	/usr/lib/libicucore.A.dylib
0x0000000000322000 	/usr/lib/libxml2.2.dylib
0x0000000000322000 	/System/Library/PrivateFrameworks/CoreUI.framework/Versions/A/CoreUI
0x0000000000322000 	/System/Library/Frameworks/CoreAudio.framework/Versions/A/CoreAudio
0x0000000000322000 	/System/Library/Frameworks/DiskArbitration.framework/Versions/A/DiskArbitration
0x0000000000322000 	/usr/lib/liblangid.dylib
0x0000000000322000 	/System/Library/PrivateFrameworks/MultitouchSupport.framework/Versions/A/MultitouchSupport
0x0000000000322000 	/System/Library/Frameworks/IOKit.framework/Versions/A/IOKit
0x0000000000322000 	/usr/lib/libDiagnosticMessagesClient.dylib
0x0000000000322000 	/System/Library/Frameworks/CoreServices.framework/Versions/A/CoreServices
0x0000000000322000 	/System/Library/PrivateFrameworks/PerformanceAnalysis.framework/Versions/A/PerformanceAnalysis
0x0000000000322000 	/System/Library/PrivateFrameworks/GenerationalStorage.framework/Versions/A/GenerationalStorage
0x0000000000322000 	/System/Library/Frameworks/OpenGL.framework/Versions/A/OpenGL
0x0000000000322000 	/System/Library/PrivateFrameworks/Sharing.framework/Versions/A/Sharing
0x0000000000322000 	/System/Library/Frameworks/CoreGraphics.framework/Versions/A/CoreGraphics
0x0000000000322000 	/System/Library/Frameworks/CoreText.framework/Versions/A/CoreText
0x0000000000322000 	/System/Library/Frameworks/ImageIO.framework/Versions/A/ImageIO
0x0000000000322000 	/usr/lib/libextension.dylib
0x0000000000322000 	/System/Library/PrivateFrameworks/Backup.framework/Versions/A/Backup
0x0000000000322000 	/usr/lib/libarchive.2.dylib
0x0000000000322000 	/System/Library/Frameworks/CFNetwork.framework/Versions/A/CFNetwork
0x0000000000322000 	/System/Library/Frameworks/SystemConfiguration.framework/Versions/A/SystemConfiguration
0x0000000000322000 	/usr/lib/libCRFSuite.dylib
0x0000000000322000 	/usr/lib/libc++.1.dylib
0x0000000000322000 	/usr/lib/libc++abi.dylib
0x0000000000322000 	/usr/lib/system/libcache.dylib
0x0000000000322000 	/usr/lib/system/libcommonCrypto.dylib
0x0000000000322000 	/usr/lib/system/libcompiler_rt.dylib
0x0000000000322000 	/usr/lib/system/libcopyfile.dylib
0x0000000000322000 	/usr/lib/system/libcorecrypto.dylib
0x0000000000322000 	/usr/lib/system/libdispatch.dylib
0x0000000000322000 	/usr/lib/system/libdyld.dylib
0x0000000000322000 	/usr/lib/system/libkeymgr.dylib
0x0000000000322000 	/usr/lib/system/liblaunch.dylib
0x0000000000322000 	/usr/lib/system/libmacho.dylib
0x0000000000322000 	/usr/lib/system/libquarantine.dylib
0x0000000000322000 	/usr/lib/system/libremovefile.dylib
0x0000000000322000 	/usr/lib/system/libsystem_asl.dylib
0x0000000000322000 	/usr/lib/system/libsystem_blocks.dylib
0x0000000000322000 	/usr/lib/system/libsystem_c.dylib
0x0000000000322000 	/usr/lib/system/libsystem_configuration.dylib
0x0000000000322000 	/usr/lib/system/libsystem_coreservices.dylib
0x0000000000322000 	/usr/lib/system/libsystem_coretls.dylib
0x0000000000322000 	/usr/lib/system/libsystem_dnssd.dylib
0x0000000000322000 	/usr/lib/system/libsystem_info.dylib
0x0000000000322000 	/usr/lib/system/libsystem_kernel.dylib
0x0000000000322000 	/usr/lib/system/libsystem_m.dylib
0x0000000000322000 	/usr/lib/system/libsystem_malloc.dylib
0x0000000000322000 	/usr/lib/system/libsystem_network.dylib
0x0000000000322000 	/usr/lib/system/libsystem_networkextension.dylib
0x0000000000322000 	/usr/lib/system/libsystem_notify.dylib
0x0000000000322000 	/usr/lib/system/libsystem_platform.dylib
0x0000000000322000 	/usr/lib/system/libsystem_pthread.dylib
0x0000000000322000 	/usr/lib/system/libsystem_sandbox.dylib
0x0000000000322000 	/usr/lib/system/libsystem_secinit.dylib
0x0000000000322000 	/usr/lib/system/libsystem_stats.dylib
0x0000000000322000 	/usr/lib/system/libsystem_trace.dylib
0x0000000000322000 	/usr/lib/system/libunc.dylib
0x0000000000322000 	/usr/lib/system/libunwind.dylib
0x0000000000322000 	/usr/lib/system/libxpc.dylib
0x0000000000322000 	/usr/lib/libbz2.1.0.dylib
0x0000000000322000 	/usr/lib/liblzma.5.dylib
0x0000000000322000 	/usr/lib/libbsm.0.dylib
0x0000000000322000 	/usr/lib/libsqlite3.dylib
0x0000000000322000 	/usr/lib/system/libkxld.dylib
0x0000000000322000 	/usr/lib/libxar.1.dylib
0x0000000000322000 	/usr/lib/libpam.2.dylib
0x0000000000322000 	/usr/lib/libOpenScriptingUtil.dylib
0x0000000000322000 	/System/Library/Frameworks/CoreServices.framework/Versions/A/Frameworks/FSEvents.framework/Versions/A/FSEvents
0x0000000000322000 	/System/Library/Frameworks/CoreServices.framework/Versions/A/Frameworks/CarbonCore.framework/Versions/A/CarbonCore
0x0000000000322000 	/System/Library/Frameworks/CoreServices.framework/Versions/A/Frameworks/Metadata.framework/Versions/A/Metadata
0x0000000000322000 	/System/Library/Frameworks/CoreServices.framework/Versions/A/Frameworks/OSServices.framework/Versions/A/OSServices
0x0000000000322000 	/System/Library/Frameworks/CoreServices.framework/Versions/A/Frameworks/SearchKit.framework/Versions/A/SearchKit
0x0000000000322000 	/System/Library/Frameworks/CoreServices.framework/Versions/A/Frameworks/AE.framework/Versions/A/AE
0x0000000000322000 	/System/Library/Frameworks/CoreServices.framework/Versions/A/Frameworks/LaunchServices.framework/Versions/A/LaunchServices
0x0000000000322000 	/System/Library/Frameworks/CoreServices.framework/Versions/A/Frameworks/DictionaryServices.framework/Versions/A/DictionaryServices
0x0000000000322000 	/System/Library/Frameworks/NetFS.framework/Versions/A/NetFS
0x0000000000322000 	/System/Library/PrivateFrameworks/NetAuth.framework/Versions/A/NetAuth
0x0000000000322000 	/System/Library/PrivateFrameworks/login.framework/Versions/A/Frameworks/loginsupport.framework/Versions/A/loginsupport
0x0000000000322000 	/System/Library/PrivateFrameworks/TCC.framework/Versions/A/TCC
0x0000000000322000 	/usr/lib/libmecabra.dylib
0x0000000000322000 	/System/Library/PrivateFrameworks/LanguageModeling.framework/Versions/A/LanguageModeling
0x0000000000322000 	/usr/lib/libcmph.dylib
0x0000000000322000 	/usr/lib/libiconv.2.dylib
0x0000000000322000 	/System/Library/Frameworks/OpenDirectory.framework/Versions/A/Frameworks/CFOpenDirectory.framework/Versions/A/CFOpenDirectory
0x0000000000322000 	/System/Library/Frameworks/ServiceManagement.framework/Versions/A/ServiceManagement
0x0000000000322000 	/usr/lib/libxslt.1.dylib
0x0000000000322000 	/System/Library/Frameworks/Carbon.framework/Versions/A/Frameworks/Ink.framework/Versions/A/Ink
0x0000000000322000 	/System/Library/Frameworks/ApplicationServices.framework/Versions/A/Frameworks/ATS.framework/Versions/A/ATS
0x0000000000322000 	/System/Library/Frameworks/ApplicationServices.framework/Versions/A/Frameworks/ColorSync.framework/Versions/A/ColorSync
0x0000000000322000 	/System/Library/Frameworks/ApplicationServices.framework/Versions/A/Frameworks/HIServices.framework/Versions/A/HIServices
0x0000000000322000 	/System/Library/Frameworks/ApplicationServices.framework/Versions/A/Frameworks/LangAnalysis.framework/Versions/A/LangAnalysis
0x0000000000322000 	/System/Library/Frameworks/ApplicationServices.framework/Versions/A/Frameworks/PrintCore.framework/Versions/A/PrintCore
0x0000000000322000 	/System/Library/Frameworks/ApplicationServices.framework/Versions/A/Frameworks/QD.framework/Versions/A/QD
0x0000000000322000 	/System/Library/Frameworks/ApplicationServices.framework/Versions/A/Frameworks/SpeechSynthesis.framework/Versions/A/SpeechSynthesis
0x0000000000322000 	/System/Library/Frameworks/Accelerate.framework/Versions/A/Accelerate
0x0000000000322000 	/System/Library/Frameworks/Accelerate.framework/Versions/A/Frameworks/vImage.framework/Versions/A/vImage
0x0000000000322000 	/System/Library/Frameworks/Accelerate.framework/Versions/A/Frameworks/vecLib.framework/Versions/A/vecLib
0x0000000000322000 	/System/Library/Frameworks/Accelerate.framework/Versions/A/Frameworks/vecLib.framework/Versions/A/libvDSP.dylib
0x0000000000322000 	/System/Library/Frameworks/Accelerate.framework/Versions/A/Frameworks/vecLib.framework/Versions/A/libvMisc.dylib
0x0000000000322000 	/System/Library/Frameworks/Accelerate.framework/Versions/A/Frameworks/vecLib.framework/Versions/A/libLAPACK.dylib
0x0000000000322000 	/System/Library/Frameworks/Accelerate.framework/Versions/A/Frameworks/vecLib.framework/Versions/A/libBLAS.dylib
0x0000000000322000 	/System/Library/Frameworks/Accelerate.framework/Versions/A/Frameworks/vecLib.framework/Versions/A/libLinearAlgebra.dylib
0x0000000000322000 	/System/Library/Frameworks/ApplicationServices.framework/Versions/A/Frameworks/ATS.framework/Versions/A/Resources/libFontParser.dylib
0x0000000000322000 	/System/Library/Frameworks/ApplicationServices.framework/Versions/A/Frameworks/ATS.framework/Versions/A/Resources/libFontRegistry.dylib
0x0000000000322000 	/System/Library/PrivateFrameworks/AppleVPA.framework/Versions/A/AppleVPA
0x0000000000322000 	/System/Library/PrivateFrameworks/AppleJPEG.framework/Versions/A/AppleJPEG
0x0000000000322000 	/System/Library/Frameworks/ImageIO.framework/Versions/A/Resources/libJPEG.dylib
0x0000000000322000 	/System/Library/Frameworks/ImageIO.framework/Versions/A/Resources/libTIFF.dylib
0x0000000000322000 	/System/Library/Frameworks/ImageIO.framework/Versions/A/Resources/libPng.dylib
0x0000000000322000 	/System/Library/Frameworks/ImageIO.framework/Versions/A/Resources/libGIF.dylib
0x0000000000322000 	/System/Library/Frameworks/ImageIO.framework/Versions/A/Resources/libJP2.dylib
0x0000000000322000 	/System/Library/Frameworks/ImageIO.framework/Versions/A/Resources/libRadiance.dylib
0x0000000000322000 	/System/Library/Frameworks/CoreVideo.framework/Versions/A/CoreVideo
0x0000000000322000 	/System/Library/Frameworks/OpenGL.framework/Versions/A/Libraries/libGLU.dylib
0x0000000000322000 	/System/Library/Frameworks/OpenGL.framework/Versions/A/Libraries/libGFXShared.dylib
0x0000000000322000 	/System/Library/Frameworks/OpenGL.framework/Versions/A/Libraries/libGL.dylib
0x0000000000322000 	/System/Library/Frameworks/OpenGL.framework/Versions/A/Libraries/libGLImage.dylib
0x0000000000322000 	/System/Library/Frameworks/OpenGL.framework/Versions/A/Libraries/libCVMSPluginSupport.dylib
0x0000000000322000 	/System/Library/Frameworks/OpenGL.framework/Versions/A/Libraries/libCoreVMClient.dylib
0x0000000000322000 	/usr/lib/libcups.2.dylib
0x0000000000322000 	/System/Library/Frameworks/Kerberos.framework/Versions/A/Kerberos
0x0000000000322000 	/System/Library/Frameworks/GSS.framework/Versions/A/GSS
0x0000000000322000 	/usr/lib/libresolv.9.dylib
0x0000000000322000 	/System/Library/PrivateFrameworks/Heimdal.framework/Versions/A/Heimdal
0x0000000000322000 	/usr/lib/libheimdal-asn1.dylib
0x0000000000322000 	/System/Library/Frameworks/OpenDirectory.framework/Versions/A/OpenDirectory
0x0000000000322000 	/System/Library/PrivateFrameworks/CommonAuth.framework/Versions/A/CommonAuth
0x0000000000322000 	/System/Library/Frameworks/SecurityFoundation.framework/Versions/A/SecurityFoundation
0x0000000000322000 	/System/Library/Frameworks/QuartzCore.framework/Versions/A/Frameworks/CoreImage.framework/Versions/A/CoreImage
0x0000000000322000 	/System/Library/PrivateFrameworks/CrashReporterSupport.framework/Versions/A/CrashReporterSupport
0x0000000000322000 	/System/Library/Frameworks/OpenCL.framework/Versions/A/OpenCL
0x0000000000322000 	/System/Library/PrivateFrameworks/FaceCore.framework/Versions/A/FaceCore
0x0000000000322000 	/System/Library/PrivateFrameworks/Ubiquity.framework/Versions/A/Ubiquity
0x0000000000322000 	/System/Library/PrivateFrameworks/IconServices.framework/Versions/A/IconServices
0x0000000000322000 	/System/Library/PrivateFrameworks/ChunkingLibrary.framework/Versions/A/ChunkingLibrary
0x0000000000322000 	/System/Library/PrivateFrameworks/Apple80211.framework/Versions/A/Apple80211
0x0000000000322000 	/System/Library/Frameworks/CoreWLAN.framework/Versions/A/CoreWLAN
0x0000000000322000 	/System/Library/Frameworks/IOBluetooth.framework/Versions/A/IOBluetooth
0x0000000000322000 	/System/Library/PrivateFrameworks/CoreWiFi.framework/Versions/A/CoreWiFi
0x0000000000322000 	/System/Library/Frameworks/CoreBluetooth.framework/Versions/A/CoreBluetooth
0x0000000000322000 	/System/Library/PrivateFrameworks/DebugSymbols.framework/Versions/A/DebugSymbols
0x0000000000322000 	/System/Library/PrivateFrameworks/CoreSymbolication.framework/Versions/A/CoreSymbolication
0x0000000000322000 	/System/Library/PrivateFrameworks/Symbolication.framework/Versions/A/Symbolication
0x0000000000322000 	/System/Library/PrivateFrameworks/SpeechRecognitionCore.framework/Versions/A/SpeechRecognitionCore
0x0000000108400000 	/Library/Java/JavaVirtualMachines/jdk1.8.0.jdk/Contents/Home/jre/lib/server/libjvm.dylib
0x0000000000322000 	/usr/lib/libstdc++.6.dylib
0x00000001073cb000 	/Library/Java/JavaVirtualMachines/jdk1.8.0.jdk/Contents/Home/jre/lib/libverify.dylib
0x00000001092bf000 	/Library/Java/JavaVirtualMachines/jdk1.8.0.jdk/Contents/Home/jre/lib/libjava.dylib
0x00000001073e3000 	/Library/Java/JavaVirtualMachines/jdk1.8.0.jdk/Contents/Home/jre/lib/libzip.dylib
0x0000000124ec5000 	/System/Library/Frameworks/JavaVM.framework/Frameworks/JavaRuntimeSupport.framework/JavaRuntimeSupport
0x0000000124edd000 	/System/Library/Frameworks/JavaVM.framework/Versions/A/Frameworks/JavaNativeFoundation.framework/Versions/A/JavaNativeFoundation
0x00000001073ed000 	/System/Library/Frameworks/JavaVM.framework/Versions/A/JavaVM
0x0000000000322000 	/System/Library/Frameworks/Carbon.framework/Versions/A/Carbon
0x0000000124ef2000 	/System/Library/PrivateFrameworks/JavaLaunching.framework/Versions/A/JavaLaunching
0x0000000000322000 	/System/Library/Frameworks/Carbon.framework/Versions/A/Frameworks/CommonPanels.framework/Versions/A/CommonPanels
0x0000000000322000 	/System/Library/Frameworks/Carbon.framework/Versions/A/Frameworks/Help.framework/Versions/A/Help
0x0000000000322000 	/System/Library/Frameworks/Carbon.framework/Versions/A/Frameworks/ImageCapture.framework/Versions/A/ImageCapture
0x0000000000322000 	/System/Library/Frameworks/Carbon.framework/Versions/A/Frameworks/OpenScripting.framework/Versions/A/OpenScripting
0x0000000000322000 	/System/Library/Frameworks/Carbon.framework/Versions/A/Frameworks/Print.framework/Versions/A/Print
0x0000000000322000 	/System/Library/Frameworks/Carbon.framework/Versions/A/Frameworks/SecurityHI.framework/Versions/A/SecurityHI
0x0000000126ff6000 	/Library/Java/JavaVirtualMachines/jdk1.8.0.jdk/Contents/Home/jre/lib/libprism_es2.dylib
0x0000000000322000 	/System/Library/Frameworks/OpenGL.framework/Versions/A/Resources/GLEngine.bundle/GLEngine
0x0000000000322000 	/System/Library/Frameworks/OpenGL.framework/Versions/A/Libraries/libGLProgrammability.dylib
0x0000000000000000 	/System/Library/Extensions/AppleIntelHD5000GraphicsGLDriver.bundle/Contents/MacOS/AppleIntelHD5000GraphicsGLDriver
0x0000000000322000 	/System/Library/PrivateFrameworks/IOAccelerator.framework/Versions/A/IOAccelerator
0x0000000000322000 	/System/Library/PrivateFrameworks/GPUSupport.framework/Versions/A/Libraries/libGPUSupportMercury.dylib
0x0000000000322000 	/System/Library/Frameworks/OpenGL.framework/Versions/A/Resources/GLRendererFloat.bundle/GLRendererFloat
0x0000000000322000 	/System/Library/Frameworks/OpenCL.framework/Versions/A/Libraries/libcldcpuengine.dylib
0x0000000000322000 	/System/Library/PrivateFrameworks/DiskImages.framework/Versions/A/DiskImages
0x0000000000322000 	/System/Library/Frameworks/DiscRecording.framework/Versions/A/DiscRecording
0x0000000000322000 	/usr/lib/libcsfde.dylib
0x0000000000322000 	/usr/lib/libcurl.4.dylib
0x0000000000322000 	/System/Library/PrivateFrameworks/MediaKit.framework/Versions/A/MediaKit
0x0000000000322000 	/System/Library/PrivateFrameworks/ProtectedCloudStorage.framework/Versions/A/ProtectedCloudStorage
0x0000000000322000 	/usr/lib/libCoreStorage.dylib
0x0000000000322000 	/System/Library/PrivateFrameworks/EFILogin.framework/Versions/A/EFILogin
0x0000000000322000 	/usr/lib/libutil.dylib
0x0000000000322000 	/System/Library/PrivateFrameworks/FindMyDevice.framework/Versions/A/FindMyDevice
0x0000000000322000 	/System/Library/Frameworks/LDAP.framework/Versions/A/LDAP
0x0000000000322000 	/usr/lib/libsasl2.2.dylib
0x0000000000322000 	/System/Library/PrivateFrameworks/CoreDaemon.framework/Versions/B/CoreDaemon
0x0000000000322000 	/usr/lib/libcrypto.0.9.8.dylib
0x0000000000322000 	/System/Library/PrivateFrameworks/AppleSRP.framework/Versions/A/AppleSRP
0x0000000000322000 	/System/Library/PrivateFrameworks/TrustEvaluationAgent.framework/Versions/A/TrustEvaluationAgent
0x0000000127525000 	/Library/Java/JavaVirtualMachines/jdk1.8.0.jdk/Contents/Home/jre/lib/libglass.dylib
0x0000000000322000 	/System/Library/PrivateFrameworks/CoreServicesInternal.framework/Versions/A/CoreServicesInternal
0x0000000000322000 	/System/Library/PrivateFrameworks/CloudDocs.framework/Versions/A/CloudDocs
0x0000000000322000 	/System/Library/PrivateFrameworks/CoreDuet.framework/Versions/A/CoreDuet
0x0000000000322000 	/System/Library/Frameworks/CloudKit.framework/Versions/A/CloudKit
0x0000000000322000 	/System/Library/PrivateFrameworks/ProtocolBuffer.framework/Versions/A/ProtocolBuffer
0x0000000000322000 	/System/Library/PrivateFrameworks/CoreDuetDaemonProtocol.framework/Versions/A/CoreDuetDaemonProtocol
0x0000000000322000 	/System/Library/PrivateFrameworks/CoreDuetDebugLogging.framework/Versions/A/CoreDuetDebugLogging
0x0000000000322000 	/System/Library/Frameworks/CoreLocation.framework/Versions/A/CoreLocation
0x0000000000322000 	/System/Library/Frameworks/Accounts.framework/Versions/A/Accounts
0x0000000000322000 	/System/Library/PrivateFrameworks/ApplePushService.framework/Versions/A/ApplePushService
0x0000000000322000 	/System/Library/PrivateFrameworks/GeoServices.framework/Versions/A/GeoServices
0x0000000000322000 	/System/Library/PrivateFrameworks/OAuth.framework/Versions/A/OAuth
0x0000000000322000 	/System/Library/Frameworks/CoreGraphics.framework/Versions/A/Resources/libCGCMS.A.dylib
0x0000000000322000 	/System/Library/CoreServices/RawCamera.bundle/Contents/MacOS/RawCamera
0x0000000000322000 	/System/Library/Frameworks/CoreGraphics.framework/Versions/A/Resources/libRIP.A.dylib
0x0000000000322000 	/System/Library/PrivateFrameworks/FamilyControls.framework/Versions/A/FamilyControls
0x0000000000322000 	/System/Library/PrivateFrameworks/CommerceKit.framework/Versions/A/Frameworks/CommerceCore.framework/Versions/A/CommerceCore
0x0000000000322000 	/System/Library/PrivateFrameworks/SystemAdministration.framework/Versions/A/SystemAdministration
0x0000000000322000 	/System/Library/PrivateFrameworks/AppContainer.framework/Versions/A/AppContainer
0x0000000000322000 	/System/Library/PrivateFrameworks/SecCodeWrapper.framework/Versions/A/SecCodeWrapper
0x0000000000322000 	/System/Library/Frameworks/DirectoryService.framework/Versions/A/DirectoryService
0x0000000000322000 	/System/Library/PrivateFrameworks/LoginUIKit.framework/Versions/A/Frameworks/LoginUICore.framework/Versions/A/LoginUICore
0x0000000000322000 	/usr/lib/libodfde.dylib
0x000000012b4c2000 	/Library/Java/JavaVirtualMachines/jdk1.8.0.jdk/Contents/Home/jre/lib/libjavafx_font.dylib
0x0000000000322000 	/System/Library/Frameworks/CoreGraphics.framework/Versions/A/Resources/libCGXType.A.dylib
0x000000012d16b000 	cl_kernels
0x000000012d8e7000 	/System/Library/Frameworks/OpenCL.framework/Versions/A/Libraries/ImageFormats/unorm8_bgra.dylib
0x000000012d15b000 	cl_kernels
0x000000012dd2a000 	/Library/Java/JavaVirtualMachines/jdk1.8.0.jdk/Contents/Home/jre/lib/libprism_common.dylib

VM Arguments:
jvm_args: -Dfile.encoding=UTF-8 
java_command: View.ChatWindow
java_class_path (initial): /Users/Sekou/Downloads/java-getopt-1.0.9.jar:/Users/Sekou/NetBeansProjects/Chat/build/classes
Launcher Type: SUN_STANDARD

Environment Variables:
PATH=/usr/bin:/bin:/usr/sbin:/sbin
LD_LIBRARY_PATH=/Library/Java/JavaVirtualMachines/jdk1.8.0.jdk/Contents/Home/jre/lib/amd64:/Library/Java/JavaVirtualMachines/jdk1.8.0.jdk/Contents/Home/jre/lib/i386:
SHELL=/bin/bash
DISPLAY=/private/tmp/com.apple.launchd.JIRVb31HyA/org.macosforge.xquartz:0
DYLD_LIBRARY_PATH=/Applications/NetBeans/NetBeans 8.0.2.app/Contents/Resources/NetBeans/webcommon/bin:

Signal Handlers:
SIGSEGV: [libjvm.dylib+0x55faef], sa_mask[0]=0xfffefeff, sa_flags=0x00000043
SIGBUS: [libjvm.dylib+0x55faef], sa_mask[0]=0xfffefeff, sa_flags=0x00000042
SIGFPE: [libjvm.dylib+0x44305a], sa_mask[0]=0xfffefeff, sa_flags=0x00000042
SIGPIPE: [libjvm.dylib+0x44305a], sa_mask[0]=0xfffefeff, sa_flags=0x00000042
SIGXFSZ: [libjvm.dylib+0x44305a], sa_mask[0]=0xfffefeff, sa_flags=0x00000042
SIGILL: [libjvm.dylib+0x44305a], sa_mask[0]=0xfffefeff, sa_flags=0x00000042
SIGUSR1: SIG_DFL, sa_mask[0]=0x00000000, sa_flags=0x00000000
SIGUSR2: [libjvm.dylib+0x442b78], sa_mask[0]=0x00000004, sa_flags=0x00000042
SIGHUP: [libjvm.dylib+0x440f05], sa_mask[0]=0xfffefeff, sa_flags=0x00000042
SIGINT: SIG_IGN, sa_mask[0]=0x00000000, sa_flags=0x00000000
SIGTERM: [libjvm.dylib+0x440f05], sa_mask[0]=0xfffefeff, sa_flags=0x00000042
SIGQUIT: [libjvm.dylib+0x440f05], sa_mask[0]=0xfffefeff, sa_flags=0x00000042


---------------  S Y S T E M  ---------------

OS:Bsduname:Darwin 14.0.0 Darwin Kernel Version 14.0.0: Fri Sep 19 00:26:44 PDT 2014; root:xnu-2782.1.97~2/RELEASE_X86_64 x86_64
rlimit: STACK 8192k, CORE 0k, NPROC 709, NOFILE 10240, AS infinity
load average:4.39 3.65 3.01

CPU:total 8 (4 cores per cpu, 2 threads per core) family 6 model 70 stepping 1, cmov, cx8, fxsr, mmx, sse, sse2, sse3, ssse3, sse4.1, sse4.2, popcnt, avx, avx2, aes, clmul, erms, ht, tsc, tscinvbit

Memory: 4k page, physical 16777216k(483300k free)

/proc/meminfo:


vm_info: Java HotSpot(TM) 64-Bit Server VM (25.0-b70) for bsd-amd64 JRE (1.8.0-b132), built on Mar  4 2014 03:11:43 by "java_re" with gcc 4.2.1 (Based on Apple Inc. build 5658) (LLVM build 2336.11.00)

time: Sun Mar 29 20:50:52 2015
elapsed time: 813 seconds

