#
# A fatal error has been detected by the Java Runtime Environment:
#
#  SIGSEGV (0xb) at pc=0x00000001220d4145, pid=4364, tid=1811
#
# JRE version: Java(TM) SE Runtime Environment (8.0-b132) (build 1.8.0-b132)
# Java VM: Java HotSpot(TM) 64-Bit Server VM (25.0-b70 mixed mode bsd-amd64 compressed oops)
# Problematic frame:
# C  [libglass.dylib+0x1b145]  GlassScreenDidChangeScreenParameters+0x25
#
# Failed to write core dump. Core dumps have been disabled. To enable core dumping, try "ulimit -c unlimited" before starting Java again
#
# If you would like to submit a bug report, please visit:
#   http://bugreport.sun.com/bugreport/crash.jsp
#

---------------  T H R E A D  ---------------

Current thread is native thread

siginfo:si_signo=SIGSEGV: si_errno=0, si_code=1 (SEGV_MAPERR), si_addr=0x0000000000000000

Registers:
RAX=0x0000000122106910, RBX=0x0000000000000000, RCX=0x2a000cb1ec9066b7, RDX=0x00007fff7a55a1f8
RSP=0x00007fff5e1c00b0, RBP=0x00007fff5e1c00c0, RSI=0x00007f8d235384e8, RDI=0x0000000000000000
R8 =0x00007fff5e1bff60, R9 =0x00007fff7bb72300, R10=0x0000000000000000, R11=0x0000000000000246
R12=0x00007f8d23518dc0, R13=0x00000000000f4268, R14=0x00007f8d2373cf10, R15=0x00007fff5e1c0200
RIP=0x00000001220d4145, EFLAGS=0x0000000000010246, ERR=0x0000000000000004
  TRAPNO=0x000000000000000e

Top of Stack: (sp=0x00007fff5e1c00b0)
0x00007fff5e1c00b0:   00007fff5e1c00c0 00007fff5e1c0290
0x00007fff5e1c00c0:   00007fff5e1c00d0 00007fff96821cbc
0x00007fff5e1c00d0:   00007fff5e1c0430 00007fff967131b4
0x00007fff5e1c00e0:   00007f8d2497dc00 0000000000003c00
0x00007fff5e1c00f0:   0000000101a57000 00007f8d236fc080
0x00007fff5e1c0100:   0000000000001006 0000000000000900
0x00007fff5e1c0110:   0000000000000004 00007f8d2373cf10
0x00007fff5e1c0120:   0000000000000000 00007fff5e1c0200
0x00007fff5e1c0130:   0000000000000000 00007f8d2373ced0
0x00007fff5e1c0140:   00007fff5e1c0280 0000000000000060
0x00007fff5e1c0150:   00000000000f4304 00007f8d2363c740
0x00007fff5e1c0160:   00007f8d2353cbf0 00007f8d23518dc0
0x00007fff5e1c0170:   0000000000000001 00000000000f4268
0x00007fff5e1c0180:   00007f8d23518db0 00007fff9537aacb
0x00007fff5e1c0190:   0000000000000001 0000000000000001
0x00007fff5e1c01a0:   0000000000000030 0000000000000001
0x00007fff5e1c01b0:   00007fff5e1c01d0 00007fff95380231
0x00007fff5e1c01c0:   00007fff7b828dd0 0000000000000000
0x00007fff5e1c01d0:   00007fff5e1c01f0 0000000000000021
0x00007fff5e1c01e0:   0002a30300000000 00007f8d23518de4
0x00007fff5e1c01f0:   0000000000000000 00007fff96708c8f
0x00007fff5e1c0200:   00007f8d2373cf10 00007fff7b828dd0
0x00007fff5e1c0210:   00007fff5e1c0290 00007fff967117bf
0x00007fff5e1c0220:   00007fff5e1c0294 000000000045bd01
0x00007fff5e1c0230:   0000000101a5aa00 0000000000000002
0x00007fff5e1c0240:   0000000101a57000 00007f8d23646112
0x00007fff5e1c0250:   0000000000000003 0000000101a5e600
0x00007fff5e1c0260:   00007fff5e1c0350 00007fff953792a2
0x00007fff5e1c0270:   00007f8d2353c840 00007fff5e1c0438
0x00007fff5e1c0280:   0000000000000017 0000000000000000
0x00007fff5e1c0290:   00000000000f4268 00007fff96708f83
0x00007fff5e1c02a0:   00007fff00000000 00007f8d23645d90 

Instructions: (pc=0x00000001220d4145)
0x00000001220d4125:   48 83 ec 08 48 8d 05 d8 28 03 00 48 8b 00 48 85
0x00000001220d4135:   c0 48 89 fb 75 2e 48 8d 05 ce 27 03 00 48 8b 30
0x00000001220d4145:   48 8b 03 48 8d 15 88 90 01 00 48 8d 0d da 50 01
0x00000001220d4155:   00 48 89 df ff 90 88 03 00 00 48 8d 0d a2 28 03 

Register to memory mapping:

RAX=0x0000000122106910: jScreenClass+0 in /Library/Java/JavaVirtualMachines/jdk1.8.0.jdk/Contents/Home/jre/lib/libglass.dylib at 0x00000001220b9000
RBX=0x0000000000000000 is an unknown value
RCX=0x2a000cb1ec9066b7 is an unknown value
RDX=0x00007fff7a55a1f8: __sFX+0x1c8 in /usr/lib/system/libsystem_c.dylib at 0x00007fff8e8de000
RSP=0x00007fff5e1c00b0 is an unknown value
RBP=0x00007fff5e1c00c0 is an unknown value
RSI=0x00007f8d235384e8 is a global jni handle
RDI=0x0000000000000000 is an unknown value
R8 =0x00007fff5e1bff60 is an unknown value
R9 =0x00007fff7bb72300: _thread+0 in /usr/lib/system/libsystem_pthread.dylib at 0x00007fff97de7000
R10=0x0000000000000000 is an unknown value
R11=0x0000000000000246 is an unknown value
R12=0x00007f8d23518dc0 is an unknown value
R13=0x00000000000f4268 is an unknown value
R14=0x00007f8d2373cf10 is an unknown value
R15=0x00007fff5e1c0200 is an unknown value


Stack: [0x00007fff5d9c3000,0x00007fff5e1c3000],  sp=0x00007fff5e1c00b0,  free space=8180k
Native frames: (J=compiled Java code, j=interpreted, Vv=VM code, C=native code)
C  [libglass.dylib+0x1b145]  GlassScreenDidChangeScreenParameters+0x25
C  [CoreFoundation+0x11ecbc]  __CFNOTIFICATIONCENTER_IS_CALLING_OUT_TO_AN_OBSERVER__+0xc
C  [CoreFoundation+0x101b4]  _CFXNotificationPost+0xc44
C  [Foundation+0x2ea1]  -[NSNotificationCenter postNotificationName:object:userInfo:]+0x42
C  [AppKit+0x362dee]  -[NSApplication _reactToScreenInvalidationImmediately:]+0x17b
C  [AppKit+0x362c2d]  __44-[NSApplication _reactToScreenInvalidation:]_block_invoke+0x4b
C  [CoreFoundation+0x8054c]  __CFRUNLOOP_IS_CALLING_OUT_TO_A_BLOCK__+0xc
C  [CoreFoundation+0x72655]  __CFRunLoopDoBlocks+0x155
C  [CoreFoundation+0x72196]  __CFRunLoopRun+0x716
C  [CoreFoundation+0x71838]  CFRunLoopRunSpecific+0x128
C  [java+0x56db]  CreateExecutionEnvironment+0x367
C  [java+0x167c]  JLI_Launch+0x7a0
C  [java+0x7699]  main+0x65
C  [java+0xed4]  start+0x34


---------------  P R O C E S S  ---------------

VM state:not at safepoint (normal execution)

VM Mutex/Monitor currently owned by a thread: None

Heap:
 PSYoungGen      total 13312K, used 6379K [0x000000076ab00000, 0x000000076ba80000, 0x00000007c0000000)
  eden space 10752K, 43% used [0x000000076ab00000,0x000000076af96c00,0x000000076b580000)
  from space 2560K, 65% used [0x000000076b800000,0x000000076b9a4010,0x000000076ba80000)
  to   space 2560K, 0% used [0x000000076b580000,0x000000076b580000,0x000000076b800000)
 ParOldGen       total 260608K, used 3194K [0x00000006c0000000, 0x00000006cfe80000, 0x000000076ab00000)
  object space 260608K, 1% used [0x00000006c0000000,0x00000006c031e9d8,0x00000006cfe80000)
 Metaspace       used 15022K, capacity 15178K, committed 15360K, reserved 1062912K
  class space    used 2247K, capacity 2265K, committed 2304K, reserved 1048576K

Card table byte_map: [0x0000000112f82000,0x0000000113783000] byte_map_base: 0x000000010f982000

Marking Bits: (ParMarkBitMap*) 0x00000001034660a0
 Begin Bits: [0x00000001144f1000, 0x00000001184f1000)
 End Bits:   [0x00000001184f1000, 0x000000011c4f1000)

Polling page: 0x0000000101b94000

CodeCache: size=245760Kb used=4184Kb max_used=4184Kb free=241575Kb
 bounds [0x0000000103bc2000, 0x0000000103fe2000, 0x0000000112bc2000]
 total_blobs=1901 nmethods=1293 adapters=523
 compilation: enabled

Compilation events (10 events):
Event: 8.759 Thread 0x00007f8d24042000 nmethod 1290 0x0000000103fcd790 code [0x0000000103fcd8e0, 0x0000000103fcda30]
Event: 8.770 Thread 0x00007f8d2380b800 nmethod 1289 0x0000000103fd7a50 code [0x0000000103fd7de0, 0x0000000103fd8978]
Event: 8.793 Thread 0x00007f8d24042000 1291       3       javafx.scene.Node::sceneToLocal0 (46 bytes)
Event: 8.795 Thread 0x00007f8d24042000 nmethod 1291 0x0000000103fd9b10 code [0x0000000103fd9dc0, 0x0000000103fdb078]
Event: 8.795 Thread 0x00007f8d24042000 1292       3       com.sun.javafx.event.CompositeEventHandler::dispatchCapturingEvent (40 bytes)
Event: 8.795 Thread 0x00007f8d24042000 nmethod 1292 0x0000000103fd7350 code [0x0000000103fd74e0, 0x0000000103fd7908]
Event: 9.669 Thread 0x00007f8d24042000 1293       3       java.util.concurrent.locks.ReentrantLock::lock (8 bytes)
Event: 9.669 Thread 0x00007f8d24042000 nmethod 1293 0x0000000103fd6f10 code [0x0000000103fd7080, 0x0000000103fd72a8]
Event: 9.669 Thread 0x00007f8d24042000 1294       3       java.util.concurrent.locks.ReentrantLock$NonfairSync::lock (25 bytes)
Event: 9.669 Thread 0x00007f8d24042000 nmethod 1294 0x0000000103fd6310 code [0x0000000103fd64e0, 0x0000000103fd6c98]

GC Heap History (10 events):
Event: 2.673 GC heap before
{Heap before GC invocations=6 (full 0):
 PSYoungGen      total 2560K, used 2528K [0x000000076ab00000, 0x000000076b100000, 0x00000007c0000000)
  eden space 2048K, 100% used [0x000000076ab00000,0x000000076ad00000,0x000000076ad00000)
  from space 512K, 93% used [0x000000076ad00000,0x000000076ad78020,0x000000076ad80000)
  to   space 1024K, 0% used [0x000000076b000000,0x000000076b000000,0x000000076b100000)
 ParOldGen       total 260608K, used 666K [0x00000006c0000000, 0x00000006cfe80000, 0x000000076ab00000)
  object space 260608K, 0% used [0x00000006c0000000,0x00000006c00a6928,0x00000006cfe80000)
 Metaspace       used 6370K, capacity 6830K, committed 7040K, reserved 1056768K
  class space    used 767K, capacity 790K, committed 896K, reserved 1048576K
Event: 2.674 GC heap after
Heap after GC invocations=6 (full 0):
 PSYoungGen      total 4608K, used 1008K [0x000000076ab00000, 0x000000076b200000, 0x00000007c0000000)
  eden space 3584K, 0% used [0x000000076ab00000,0x000000076ab00000,0x000000076ae80000)
  from space 1024K, 98% used [0x000000076b000000,0x000000076b0fc030,0x000000076b100000)
  to   space 1536K, 0% used [0x000000076ae80000,0x000000076ae80000,0x000000076b000000)
 ParOldGen       total 260608K, used 770K [0x00000006c0000000, 0x00000006cfe80000, 0x000000076ab00000)
  object space 260608K, 0% used [0x00000006c0000000,0x00000006c00c0948,0x00000006cfe80000)
 Metaspace       used 6370K, capacity 6830K, committed 7040K, reserved 1056768K
  class space    used 767K, capacity 790K, committed 896K, reserved 1048576K
}
Event: 2.749 GC heap before
{Heap before GC invocations=7 (full 0):
 PSYoungGen      total 4608K, used 4592K [0x000000076ab00000, 0x000000076b200000, 0x00000007c0000000)
  eden space 3584K, 100% used [0x000000076ab00000,0x000000076ae80000,0x000000076ae80000)
  from space 1024K, 98% used [0x000000076b000000,0x000000076b0fc030,0x000000076b100000)
  to   space 1536K, 0% used [0x000000076ae80000,0x000000076ae80000,0x000000076b000000)
 ParOldGen       total 260608K, used 770K [0x00000006c0000000, 0x00000006cfe80000, 0x000000076ab00000)
  object space 260608K, 0% used [0x00000006c0000000,0x00000006c00c0948,0x00000006cfe80000)
 Metaspace       used 8259K, capacity 8388K, committed 8576K, reserved 1056768K
  class space    used 1021K, capacity 1048K, committed 1152K, reserved 1048576K
Event: 2.752 GC heap after
Heap after GC invocations=7 (full 0):
 PSYoungGen      total 5120K, used 1440K [0x000000076ab00000, 0x000000076b500000, 0x00000007c0000000)
  eden space 3584K, 0% used [0x000000076ab00000,0x000000076ab00000,0x000000076ae80000)
  from space 1536K, 93% used [0x000000076ae80000,0x000000076afe8030,0x000000076b000000)
  to   space 1536K, 0% used [0x000000076b380000,0x000000076b380000,0x000000076b500000)
 ParOldGen       total 260608K, used 962K [0x00000006c0000000, 0x00000006cfe80000, 0x000000076ab00000)
  object space 260608K, 0% used [0x00000006c0000000,0x00000006c00f0978,0x00000006cfe80000)
 Metaspace       used 8259K, capacity 8388K, committed 8576K, reserved 1056768K
  class space    used 1021K, capacity 1048K, committed 1152K, reserved 1048576K
}
Event: 2.827 GC heap before
{Heap before GC invocations=8 (full 0):
 PSYoungGen      total 5120K, used 5024K [0x000000076ab00000, 0x000000076b500000, 0x00000007c0000000)
  eden space 3584K, 100% used [0x000000076ab00000,0x000000076ae80000,0x000000076ae80000)
  from space 1536K, 93% used [0x000000076ae80000,0x000000076afe8030,0x000000076b000000)
  to   space 1536K, 0% used [0x000000076b380000,0x000000076b380000,0x000000076b500000)
 ParOldGen       total 260608K, used 962K [0x00000006c0000000, 0x00000006cfe80000, 0x000000076ab00000)
  object space 260608K, 0% used [0x00000006c0000000,0x00000006c00f0978,0x00000006cfe80000)
 Metaspace       used 9450K, capacity 9610K, committed 9728K, reserved 1058816K
  class space    used 1215K, capacity 1241K, committed 1280K, reserved 1048576K
Event: 2.830 GC heap after
Heap after GC invocations=8 (full 0):
 PSYoungGen      total 8192K, used 1504K [0x000000076ab00000, 0x000000076b600000, 0x00000007c0000000)
  eden space 6656K, 0% used [0x000000076ab00000,0x000000076ab00000,0x000000076b180000)
  from space 1536K, 97% used [0x000000076b380000,0x000000076b4f8020,0x000000076b500000)
  to   space 2048K, 0% used [0x000000076b180000,0x000000076b180000,0x000000076b380000)
 ParOldGen       total 260608K, used 1690K [0x00000006c0000000, 0x00000006cfe80000, 0x000000076ab00000)
  object space 260608K, 0% used [0x00000006c0000000,0x00000006c01a69a8,0x00000006cfe80000)
 Metaspace       used 9450K, capacity 9610K, committed 9728K, reserved 1058816K
  class space    used 1215K, capacity 1241K, committed 1280K, reserved 1048576K
}
Event: 3.003 GC heap before
{Heap before GC invocations=9 (full 0):
 PSYoungGen      total 8192K, used 8160K [0x000000076ab00000, 0x000000076b600000, 0x00000007c0000000)
  eden space 6656K, 100% used [0x000000076ab00000,0x000000076b180000,0x000000076b180000)
  from space 1536K, 97% used [0x000000076b380000,0x000000076b4f8020,0x000000076b500000)
  to   space 2048K, 0% used [0x000000076b180000,0x000000076b180000,0x000000076b380000)
 ParOldGen       total 260608K, used 1690K [0x00000006c0000000, 0x00000006cfe80000, 0x000000076ab00000)
  object space 260608K, 0% used [0x00000006c0000000,0x00000006c01a69a8,0x00000006cfe80000)
 Metaspace       used 11939K, capacity 12138K, committed 12288K, reserved 1060864K
  class space    used 1681K, capacity 1721K, committed 1792K, reserved 1048576K
Event: 3.007 GC heap after
Heap after GC invocations=9 (full 0):
 PSYoungGen      total 8704K, used 1536K [0x000000076ab00000, 0x000000076ba80000, 0x00000007c0000000)
  eden space 6656K, 0% used [0x000000076ab00000,0x000000076ab00000,0x000000076b180000)
  from space 2048K, 75% used [0x000000076b180000,0x000000076b300000,0x000000076b380000)
  to   space 2560K, 0% used [0x000000076b800000,0x000000076b800000,0x000000076ba80000)
 ParOldGen       total 260608K, used 2354K [0x00000006c0000000, 0x00000006cfe80000, 0x000000076ab00000)
  object space 260608K, 0% used [0x00000006c0000000,0x00000006c024c9c8,0x00000006cfe80000)
 Metaspace       used 11939K, capacity 12138K, committed 12288K, reserved 1060864K
  class space    used 1681K, capacity 1721K, committed 1792K, reserved 1048576K
}
Event: 3.344 GC heap before
{Heap before GC invocations=10 (full 0):
 PSYoungGen      total 8704K, used 8192K [0x000000076ab00000, 0x000000076ba80000, 0x00000007c0000000)
  eden space 6656K, 100% used [0x000000076ab00000,0x000000076b180000,0x000000076b180000)
  from space 2048K, 75% used [0x000000076b180000,0x000000076b300000,0x000000076b380000)
  to   space 2560K, 0% used [0x000000076b800000,0x000000076b800000,0x000000076ba80000)
 ParOldGen       total 260608K, used 2354K [0x00000006c0000000, 0x00000006cfe80000, 0x000000076ab00000)
  object space 260608K, 0% used [0x00000006c0000000,0x00000006c024c9c8,0x00000006cfe80000)
 Metaspace       used 14203K, capacity 14346K, committed 14592K, reserved 1060864K
  class space    used 2143K, capacity 2201K, committed 2304K, reserved 1048576K
Event: 3.347 GC heap after
Heap after GC invocations=10 (full 0):
 PSYoungGen      total 13312K, used 1680K [0x000000076ab00000, 0x000000076ba80000, 0x00000007c0000000)
  eden space 10752K, 0% used [0x000000076ab00000,0x000000076ab00000,0x000000076b580000)
  from space 2560K, 65% used [0x000000076b800000,0x000000076b9a4010,0x000000076ba80000)
  to   space 2560K, 0% used [0x000000076b580000,0x000000076b580000,0x000000076b800000)
 ParOldGen       total 260608K, used 3194K [0x00000006c0000000, 0x00000006cfe80000, 0x000000076ab00000)
  object space 260608K, 1% used [0x00000006c0000000,0x00000006c031e9d8,0x00000006cfe80000)
 Metaspace       used 14203K, capacity 14346K, committed 14592K, reserved 1060864K
  class space    used 2143K, capacity 2201K, committed 2304K, reserved 1048576K
}

Deoptimization events (10 events):
Event: 2.956 Thread 0x00007f8d2409f800 Uncommon trap: reason=class_check action=maybe_recompile pc=0x0000000103de43d0 method=java.io.DataInputStream.readShort()S @ 4
Event: 2.956 Thread 0x00007f8d2409f800 Uncommon trap: reason=class_check action=maybe_recompile pc=0x0000000103de43d0 method=java.io.DataInputStream.readShort()S @ 4
Event: 2.957 Thread 0x00007f8d2409f800 Uncommon trap: reason=class_check action=maybe_recompile pc=0x0000000103de43d0 method=java.io.DataInputStream.readShort()S @ 4
Event: 2.957 Thread 0x00007f8d2409f800 Uncommon trap: reason=class_check action=maybe_recompile pc=0x0000000103de43d0 method=java.io.DataInputStream.readShort()S @ 4
Event: 2.961 Thread 0x00007f8d2409f800 Uncommon trap: reason=class_check action=maybe_recompile pc=0x0000000103d0f084 method=java.lang.String.equals(Ljava/lang/Object;)Z @ 8
Event: 2.961 Thread 0x00007f8d2409f800 Uncommon trap: reason=class_check action=maybe_recompile pc=0x0000000103d0f084 method=java.lang.String.equals(Ljava/lang/Object;)Z @ 8
Event: 2.963 Thread 0x00007f8d2409f800 Uncommon trap: reason=class_check action=maybe_recompile pc=0x0000000103d0f084 method=java.lang.String.equals(Ljava/lang/Object;)Z @ 8
Event: 2.963 Thread 0x00007f8d2409f800 Uncommon trap: reason=class_check action=maybe_recompile pc=0x0000000103d0f084 method=java.lang.String.equals(Ljava/lang/Object;)Z @ 8
Event: 3.156 Thread 0x00007f8d2409f800 Uncommon trap: reason=unloaded action=reinterpret pc=0x0000000103dafd18 method=java.lang.CharacterData.of(I)Ljava/lang/CharacterData; @ 96
Event: 6.999 Thread 0x00007f8d2409f800 Uncommon trap: reason=unreached action=reinterpret pc=0x0000000103f23618 method=com.sun.javafx.css.SimpleSelector.stateMatches(Ljavafx/css/Styleable;Ljava/util/Set;)Z @ 1

Internal exceptions (10 events):
Event: 3.019 Thread 0x00007f8d2409f800 Exception <a 'java/security/PrivilegedActionException'> (0x000000076aba3318) thrown at [/HUDSON/workspace/8-2-build-macosx-x86_64/jdk8/2238/hotspot/src/share/vm/prims/jvm.cpp, line 1248]
Event: 3.020 Thread 0x00007f8d2409f800 Exception <a 'java/security/PrivilegedActionException'> (0x000000076abb8e98) thrown at [/HUDSON/workspace/8-2-build-macosx-x86_64/jdk8/2238/hotspot/src/share/vm/prims/jvm.cpp, line 1248]
Event: 5.646 Thread 0x00007f8d2409f800 Exception <a 'java/security/PrivilegedActionException'> (0x000000076ae4e470) thrown at [/HUDSON/workspace/8-2-build-macosx-x86_64/jdk8/2238/hotspot/src/share/vm/prims/jvm.cpp, line 1248]
Event: 5.646 Thread 0x00007f8d2409f800 Exception <a 'java/security/PrivilegedActionException'> (0x000000076ae4f9c8) thrown at [/HUDSON/workspace/8-2-build-macosx-x86_64/jdk8/2238/hotspot/src/share/vm/prims/jvm.cpp, line 1248]
Event: 5.646 Thread 0x00007f8d2409f800 Exception <a 'java/security/PrivilegedActionException'> (0x000000076ae54a70) thrown at [/HUDSON/workspace/8-2-build-macosx-x86_64/jdk8/2238/hotspot/src/share/vm/prims/jvm.cpp, line 1248]
Event: 5.646 Thread 0x00007f8d2409f800 Exception <a 'java/security/PrivilegedActionException'> (0x000000076ae561c8) thrown at [/HUDSON/workspace/8-2-build-macosx-x86_64/jdk8/2238/hotspot/src/share/vm/prims/jvm.cpp, line 1248]
Event: 6.999 Thread 0x00007f8d2409f800 Implicit null exception at 0x0000000103f22f88 to 0x0000000103f235ed
Event: 7.248 Thread 0x00007f8d2409f800 Exception <a 'java/lang/NullPointerException'> (0x000000076af27d30) thrown at [/HUDSON/workspace/8-2-build-macosx-x86_64/jdk8/2238/hotspot/src/share/vm/interpreter/linkResolver.cpp, line 1169]
Event: 7.248 Thread 0x00007f8d2409f800 Exception <a 'java/lang/reflect/InvocationTargetException'> (0x000000076af28070) thrown at [/HUDSON/workspace/8-2-build-macosx-x86_64/jdk8/2238/hotspot/src/share/vm/runtime/reflection.cpp, line 1079]
Event: 7.248 Thread 0x00007f8d2409f800 Exception <a 'java/lang/RuntimeException'> (0x000000076af28700) thrown at [/HUDSON/workspace/8-2-build-macosx-x86_64/jdk8/2238/hotspot/src/share/vm/prims/jvm.cpp, line 1252]

Events (10 events):
Event: 9.669 loading class com/sun/javafx/application/PlatformImpl$8 done
Event: 9.669 loading class com/sun/javafx/application/PlatformImpl$10
Event: 9.669 loading class com/sun/javafx/application/PlatformImpl$10 done
Event: 9.670 loading class com/sun/javafx/tk/quantum/QuantumRenderer$5
Event: 9.670 loading class com/sun/javafx/tk/quantum/QuantumRenderer$5 done
Event: 9.670 Thread 0x00007f8d25087800 Thread exited: 0x00007f8d25087800
Event: 9.670 Thread 0x00007f8d24806000 Thread exited: 0x00007f8d24806000
Event: 9.670 Thread 0x00007f8d2409f800 Thread exited: 0x00007f8d2409f800
Event: 9.670 Thread 0x00007f8d2409e000 Thread exited: 0x00007f8d2409e000
Event: 9.670 Thread 0x00007f8d23a69800 Thread added: 0x00007f8d23a69800


Dynamic libraries:
0x0000000009838000 	/System/Library/Frameworks/Cocoa.framework/Versions/A/Cocoa
0x0000000009838000 	/System/Library/Frameworks/Security.framework/Versions/A/Security
0x0000000009838000 	/System/Library/Frameworks/ApplicationServices.framework/Versions/A/ApplicationServices
0x0000000009838000 	/usr/lib/libz.1.dylib
0x0000000009838000 	/usr/lib/libSystem.B.dylib
0x0000000009838000 	/usr/lib/libobjc.A.dylib
0x0000000009838000 	/System/Library/Frameworks/CoreFoundation.framework/Versions/A/CoreFoundation
0x0000000009838000 	/System/Library/Frameworks/Foundation.framework/Versions/C/Foundation
0x0000000009838000 	/System/Library/Frameworks/AppKit.framework/Versions/C/AppKit
0x0000000009838000 	/System/Library/Frameworks/CoreData.framework/Versions/A/CoreData
0x0000000009838000 	/System/Library/PrivateFrameworks/RemoteViewServices.framework/Versions/A/RemoteViewServices
0x0000000009838000 	/System/Library/PrivateFrameworks/UIFoundation.framework/Versions/A/UIFoundation
0x0000000009838000 	/System/Library/Frameworks/IOSurface.framework/Versions/A/IOSurface
0x0000000009838000 	/System/Library/Frameworks/AudioToolbox.framework/Versions/A/AudioToolbox
0x0000000009838000 	/System/Library/Frameworks/AudioUnit.framework/Versions/A/AudioUnit
0x0000000009838000 	/System/Library/PrivateFrameworks/DataDetectorsCore.framework/Versions/A/DataDetectorsCore
0x0000000009838000 	/System/Library/PrivateFrameworks/DesktopServicesPriv.framework/Versions/A/DesktopServicesPriv
0x0000000009838000 	/System/Library/Frameworks/Carbon.framework/Versions/A/Frameworks/HIToolbox.framework/Versions/A/HIToolbox
0x0000000009838000 	/System/Library/Frameworks/QuartzCore.framework/Versions/A/QuartzCore
0x0000000009838000 	/System/Library/Frameworks/Carbon.framework/Versions/A/Frameworks/SpeechRecognition.framework/Versions/A/SpeechRecognition
0x0000000009838000 	/usr/lib/libauto.dylib
0x0000000009838000 	/usr/lib/libicucore.A.dylib
0x0000000009838000 	/usr/lib/libxml2.2.dylib
0x0000000009838000 	/System/Library/PrivateFrameworks/CoreUI.framework/Versions/A/CoreUI
0x0000000009838000 	/System/Library/Frameworks/CoreAudio.framework/Versions/A/CoreAudio
0x0000000009838000 	/System/Library/Frameworks/DiskArbitration.framework/Versions/A/DiskArbitration
0x0000000009838000 	/usr/lib/liblangid.dylib
0x0000000009838000 	/System/Library/PrivateFrameworks/MultitouchSupport.framework/Versions/A/MultitouchSupport
0x0000000009838000 	/System/Library/Frameworks/IOKit.framework/Versions/A/IOKit
0x0000000009838000 	/usr/lib/libDiagnosticMessagesClient.dylib
0x0000000009838000 	/System/Library/Frameworks/CoreServices.framework/Versions/A/CoreServices
0x0000000009838000 	/System/Library/PrivateFrameworks/PerformanceAnalysis.framework/Versions/A/PerformanceAnalysis
0x0000000009838000 	/System/Library/PrivateFrameworks/GenerationalStorage.framework/Versions/A/GenerationalStorage
0x0000000009838000 	/System/Library/Frameworks/OpenGL.framework/Versions/A/OpenGL
0x0000000009838000 	/System/Library/PrivateFrameworks/Sharing.framework/Versions/A/Sharing
0x0000000009838000 	/System/Library/Frameworks/CoreGraphics.framework/Versions/A/CoreGraphics
0x0000000009838000 	/System/Library/Frameworks/CoreText.framework/Versions/A/CoreText
0x0000000009838000 	/System/Library/Frameworks/ImageIO.framework/Versions/A/ImageIO
0x0000000009838000 	/usr/lib/libextension.dylib
0x0000000009838000 	/System/Library/PrivateFrameworks/Backup.framework/Versions/A/Backup
0x0000000009838000 	/usr/lib/libarchive.2.dylib
0x0000000009838000 	/System/Library/Frameworks/CFNetwork.framework/Versions/A/CFNetwork
0x0000000009838000 	/System/Library/Frameworks/SystemConfiguration.framework/Versions/A/SystemConfiguration
0x0000000009838000 	/usr/lib/libCRFSuite.dylib
0x0000000009838000 	/usr/lib/libc++.1.dylib
0x0000000009838000 	/usr/lib/libc++abi.dylib
0x0000000009838000 	/usr/lib/system/libcache.dylib
0x0000000009838000 	/usr/lib/system/libcommonCrypto.dylib
0x0000000009838000 	/usr/lib/system/libcompiler_rt.dylib
0x0000000009838000 	/usr/lib/system/libcopyfile.dylib
0x0000000009838000 	/usr/lib/system/libcorecrypto.dylib
0x0000000009838000 	/usr/lib/system/libdispatch.dylib
0x0000000009838000 	/usr/lib/system/libdyld.dylib
0x0000000009838000 	/usr/lib/system/libkeymgr.dylib
0x0000000009838000 	/usr/lib/system/liblaunch.dylib
0x0000000009838000 	/usr/lib/system/libmacho.dylib
0x0000000009838000 	/usr/lib/system/libquarantine.dylib
0x0000000009838000 	/usr/lib/system/libremovefile.dylib
0x0000000009838000 	/usr/lib/system/libsystem_asl.dylib
0x0000000009838000 	/usr/lib/system/libsystem_blocks.dylib
0x0000000009838000 	/usr/lib/system/libsystem_c.dylib
0x0000000009838000 	/usr/lib/system/libsystem_configuration.dylib
0x0000000009838000 	/usr/lib/system/libsystem_coreservices.dylib
0x0000000009838000 	/usr/lib/system/libsystem_coretls.dylib
0x0000000009838000 	/usr/lib/system/libsystem_dnssd.dylib
0x0000000009838000 	/usr/lib/system/libsystem_info.dylib
0x0000000009838000 	/usr/lib/system/libsystem_kernel.dylib
0x0000000009838000 	/usr/lib/system/libsystem_m.dylib
0x0000000009838000 	/usr/lib/system/libsystem_malloc.dylib
0x0000000009838000 	/usr/lib/system/libsystem_network.dylib
0x0000000009838000 	/usr/lib/system/libsystem_networkextension.dylib
0x0000000009838000 	/usr/lib/system/libsystem_notify.dylib
0x0000000009838000 	/usr/lib/system/libsystem_platform.dylib
0x0000000009838000 	/usr/lib/system/libsystem_pthread.dylib
0x0000000009838000 	/usr/lib/system/libsystem_sandbox.dylib
0x0000000009838000 	/usr/lib/system/libsystem_secinit.dylib
0x0000000009838000 	/usr/lib/system/libsystem_stats.dylib
0x0000000009838000 	/usr/lib/system/libsystem_trace.dylib
0x0000000009838000 	/usr/lib/system/libunc.dylib
0x0000000009838000 	/usr/lib/system/libunwind.dylib
0x0000000009838000 	/usr/lib/system/libxpc.dylib
0x0000000009838000 	/usr/lib/libbz2.1.0.dylib
0x0000000009838000 	/usr/lib/liblzma.5.dylib
0x0000000009838000 	/usr/lib/libbsm.0.dylib
0x0000000009838000 	/usr/lib/libsqlite3.dylib
0x0000000009838000 	/usr/lib/system/libkxld.dylib
0x0000000009838000 	/usr/lib/libxar.1.dylib
0x0000000009838000 	/usr/lib/libpam.2.dylib
0x0000000009838000 	/usr/lib/libOpenScriptingUtil.dylib
0x0000000009838000 	/System/Library/Frameworks/CoreServices.framework/Versions/A/Frameworks/FSEvents.framework/Versions/A/FSEvents
0x0000000009838000 	/System/Library/Frameworks/CoreServices.framework/Versions/A/Frameworks/CarbonCore.framework/Versions/A/CarbonCore
0x0000000009838000 	/System/Library/Frameworks/CoreServices.framework/Versions/A/Frameworks/Metadata.framework/Versions/A/Metadata
0x0000000009838000 	/System/Library/Frameworks/CoreServices.framework/Versions/A/Frameworks/OSServices.framework/Versions/A/OSServices
0x0000000009838000 	/System/Library/Frameworks/CoreServices.framework/Versions/A/Frameworks/SearchKit.framework/Versions/A/SearchKit
0x0000000009838000 	/System/Library/Frameworks/CoreServices.framework/Versions/A/Frameworks/AE.framework/Versions/A/AE
0x0000000009838000 	/System/Library/Frameworks/CoreServices.framework/Versions/A/Frameworks/LaunchServices.framework/Versions/A/LaunchServices
0x0000000009838000 	/System/Library/Frameworks/CoreServices.framework/Versions/A/Frameworks/DictionaryServices.framework/Versions/A/DictionaryServices
0x0000000009838000 	/System/Library/Frameworks/NetFS.framework/Versions/A/NetFS
0x0000000009838000 	/System/Library/PrivateFrameworks/NetAuth.framework/Versions/A/NetAuth
0x0000000009838000 	/System/Library/PrivateFrameworks/login.framework/Versions/A/Frameworks/loginsupport.framework/Versions/A/loginsupport
0x0000000009838000 	/System/Library/PrivateFrameworks/TCC.framework/Versions/A/TCC
0x0000000009838000 	/usr/lib/libmecabra.dylib
0x0000000009838000 	/System/Library/PrivateFrameworks/LanguageModeling.framework/Versions/A/LanguageModeling
0x0000000009838000 	/usr/lib/libcmph.dylib
0x0000000009838000 	/usr/lib/libiconv.2.dylib
0x0000000009838000 	/System/Library/Frameworks/OpenDirectory.framework/Versions/A/Frameworks/CFOpenDirectory.framework/Versions/A/CFOpenDirectory
0x0000000009838000 	/System/Library/Frameworks/ServiceManagement.framework/Versions/A/ServiceManagement
0x0000000009838000 	/usr/lib/libxslt.1.dylib
0x0000000009838000 	/System/Library/Frameworks/Carbon.framework/Versions/A/Frameworks/Ink.framework/Versions/A/Ink
0x0000000009838000 	/System/Library/Frameworks/ApplicationServices.framework/Versions/A/Frameworks/ATS.framework/Versions/A/ATS
0x0000000009838000 	/System/Library/Frameworks/ApplicationServices.framework/Versions/A/Frameworks/ColorSync.framework/Versions/A/ColorSync
0x0000000009838000 	/System/Library/Frameworks/ApplicationServices.framework/Versions/A/Frameworks/HIServices.framework/Versions/A/HIServices
0x0000000009838000 	/System/Library/Frameworks/ApplicationServices.framework/Versions/A/Frameworks/LangAnalysis.framework/Versions/A/LangAnalysis
0x0000000009838000 	/System/Library/Frameworks/ApplicationServices.framework/Versions/A/Frameworks/PrintCore.framework/Versions/A/PrintCore
0x0000000009838000 	/System/Library/Frameworks/ApplicationServices.framework/Versions/A/Frameworks/QD.framework/Versions/A/QD
0x0000000009838000 	/System/Library/Frameworks/ApplicationServices.framework/Versions/A/Frameworks/SpeechSynthesis.framework/Versions/A/SpeechSynthesis
0x0000000009838000 	/System/Library/Frameworks/Accelerate.framework/Versions/A/Accelerate
0x0000000009838000 	/System/Library/Frameworks/Accelerate.framework/Versions/A/Frameworks/vImage.framework/Versions/A/vImage
0x0000000009838000 	/System/Library/Frameworks/Accelerate.framework/Versions/A/Frameworks/vecLib.framework/Versions/A/vecLib
0x0000000009838000 	/System/Library/Frameworks/Accelerate.framework/Versions/A/Frameworks/vecLib.framework/Versions/A/libvDSP.dylib
0x0000000009838000 	/System/Library/Frameworks/Accelerate.framework/Versions/A/Frameworks/vecLib.framework/Versions/A/libvMisc.dylib
0x0000000009838000 	/System/Library/Frameworks/Accelerate.framework/Versions/A/Frameworks/vecLib.framework/Versions/A/libLAPACK.dylib
0x0000000009838000 	/System/Library/Frameworks/Accelerate.framework/Versions/A/Frameworks/vecLib.framework/Versions/A/libBLAS.dylib
0x0000000009838000 	/System/Library/Frameworks/Accelerate.framework/Versions/A/Frameworks/vecLib.framework/Versions/A/libLinearAlgebra.dylib
0x0000000009838000 	/System/Library/Frameworks/ApplicationServices.framework/Versions/A/Frameworks/ATS.framework/Versions/A/Resources/libFontParser.dylib
0x0000000009838000 	/System/Library/Frameworks/ApplicationServices.framework/Versions/A/Frameworks/ATS.framework/Versions/A/Resources/libFontRegistry.dylib
0x0000000009838000 	/System/Library/PrivateFrameworks/AppleVPA.framework/Versions/A/AppleVPA
0x0000000009838000 	/System/Library/PrivateFrameworks/AppleJPEG.framework/Versions/A/AppleJPEG
0x0000000009838000 	/System/Library/Frameworks/ImageIO.framework/Versions/A/Resources/libJPEG.dylib
0x0000000009838000 	/System/Library/Frameworks/ImageIO.framework/Versions/A/Resources/libTIFF.dylib
0x0000000009838000 	/System/Library/Frameworks/ImageIO.framework/Versions/A/Resources/libPng.dylib
0x0000000009838000 	/System/Library/Frameworks/ImageIO.framework/Versions/A/Resources/libGIF.dylib
0x0000000009838000 	/System/Library/Frameworks/ImageIO.framework/Versions/A/Resources/libJP2.dylib
0x0000000009838000 	/System/Library/Frameworks/ImageIO.framework/Versions/A/Resources/libRadiance.dylib
0x0000000009838000 	/System/Library/Frameworks/CoreVideo.framework/Versions/A/CoreVideo
0x0000000009838000 	/System/Library/Frameworks/OpenGL.framework/Versions/A/Libraries/libGLU.dylib
0x0000000009838000 	/System/Library/Frameworks/OpenGL.framework/Versions/A/Libraries/libGFXShared.dylib
0x0000000009838000 	/System/Library/Frameworks/OpenGL.framework/Versions/A/Libraries/libGL.dylib
0x0000000009838000 	/System/Library/Frameworks/OpenGL.framework/Versions/A/Libraries/libGLImage.dylib
0x0000000009838000 	/System/Library/Frameworks/OpenGL.framework/Versions/A/Libraries/libCVMSPluginSupport.dylib
0x0000000009838000 	/System/Library/Frameworks/OpenGL.framework/Versions/A/Libraries/libCoreVMClient.dylib
0x0000000009838000 	/usr/lib/libcups.2.dylib
0x0000000009838000 	/System/Library/Frameworks/Kerberos.framework/Versions/A/Kerberos
0x0000000009838000 	/System/Library/Frameworks/GSS.framework/Versions/A/GSS
0x0000000009838000 	/usr/lib/libresolv.9.dylib
0x0000000009838000 	/System/Library/PrivateFrameworks/Heimdal.framework/Versions/A/Heimdal
0x0000000009838000 	/usr/lib/libheimdal-asn1.dylib
0x0000000009838000 	/System/Library/Frameworks/OpenDirectory.framework/Versions/A/OpenDirectory
0x0000000009838000 	/System/Library/PrivateFrameworks/CommonAuth.framework/Versions/A/CommonAuth
0x0000000009838000 	/System/Library/Frameworks/SecurityFoundation.framework/Versions/A/SecurityFoundation
0x0000000009838000 	/System/Library/Frameworks/QuartzCore.framework/Versions/A/Frameworks/CoreImage.framework/Versions/A/CoreImage
0x0000000009838000 	/System/Library/PrivateFrameworks/CrashReporterSupport.framework/Versions/A/CrashReporterSupport
0x0000000009838000 	/System/Library/Frameworks/OpenCL.framework/Versions/A/OpenCL
0x0000000009838000 	/System/Library/PrivateFrameworks/FaceCore.framework/Versions/A/FaceCore
0x0000000009838000 	/System/Library/PrivateFrameworks/Ubiquity.framework/Versions/A/Ubiquity
0x0000000009838000 	/System/Library/PrivateFrameworks/IconServices.framework/Versions/A/IconServices
0x0000000009838000 	/System/Library/PrivateFrameworks/ChunkingLibrary.framework/Versions/A/ChunkingLibrary
0x0000000009838000 	/System/Library/PrivateFrameworks/Apple80211.framework/Versions/A/Apple80211
0x0000000009838000 	/System/Library/Frameworks/CoreWLAN.framework/Versions/A/CoreWLAN
0x0000000009838000 	/System/Library/Frameworks/IOBluetooth.framework/Versions/A/IOBluetooth
0x0000000009838000 	/System/Library/PrivateFrameworks/CoreWiFi.framework/Versions/A/CoreWiFi
0x0000000009838000 	/System/Library/Frameworks/CoreBluetooth.framework/Versions/A/CoreBluetooth
0x0000000009838000 	/System/Library/PrivateFrameworks/DebugSymbols.framework/Versions/A/DebugSymbols
0x0000000009838000 	/System/Library/PrivateFrameworks/CoreSymbolication.framework/Versions/A/CoreSymbolication
0x0000000009838000 	/System/Library/PrivateFrameworks/Symbolication.framework/Versions/A/Symbolication
0x0000000009838000 	/System/Library/PrivateFrameworks/SpeechRecognitionCore.framework/Versions/A/SpeechRecognitionCore
0x0000000102c00000 	/Library/Java/JavaVirtualMachines/jdk1.8.0.jdk/Contents/Home/jre/lib/server/libjvm.dylib
0x0000000009838000 	/usr/lib/libstdc++.6.dylib
0x0000000101b52000 	/Library/Java/JavaVirtualMachines/jdk1.8.0.jdk/Contents/Home/jre/lib/libverify.dylib
0x0000000101b60000 	/Library/Java/JavaVirtualMachines/jdk1.8.0.jdk/Contents/Home/jre/lib/libjava.dylib
0x0000000101b9e000 	/Library/Java/JavaVirtualMachines/jdk1.8.0.jdk/Contents/Home/jre/lib/libzip.dylib
0x000000011f744000 	/System/Library/Frameworks/JavaVM.framework/Frameworks/JavaRuntimeSupport.framework/JavaRuntimeSupport
0x000000011f75c000 	/System/Library/Frameworks/JavaVM.framework/Versions/A/Frameworks/JavaNativeFoundation.framework/Versions/A/JavaNativeFoundation
0x000000011f771000 	/System/Library/Frameworks/JavaVM.framework/Versions/A/JavaVM
0x0000000009838000 	/System/Library/Frameworks/Carbon.framework/Versions/A/Carbon
0x000000011f77e000 	/System/Library/PrivateFrameworks/JavaLaunching.framework/Versions/A/JavaLaunching
0x0000000009838000 	/System/Library/Frameworks/Carbon.framework/Versions/A/Frameworks/CommonPanels.framework/Versions/A/CommonPanels
0x0000000009838000 	/System/Library/Frameworks/Carbon.framework/Versions/A/Frameworks/Help.framework/Versions/A/Help
0x0000000009838000 	/System/Library/Frameworks/Carbon.framework/Versions/A/Frameworks/ImageCapture.framework/Versions/A/ImageCapture
0x0000000009838000 	/System/Library/Frameworks/Carbon.framework/Versions/A/Frameworks/OpenScripting.framework/Versions/A/OpenScripting
0x0000000009838000 	/System/Library/Frameworks/Carbon.framework/Versions/A/Frameworks/Print.framework/Versions/A/Print
0x0000000009838000 	/System/Library/Frameworks/Carbon.framework/Versions/A/Frameworks/SecurityHI.framework/Versions/A/SecurityHI
0x00000001216fd000 	/Library/Java/JavaVirtualMachines/jdk1.8.0.jdk/Contents/Home/jre/lib/libnet.dylib
0x0000000121c0d000 	/Library/Java/JavaVirtualMachines/jdk1.8.0.jdk/Contents/Home/jre/lib/libprism_es2.dylib
0x0000000009838000 	/System/Library/Frameworks/OpenGL.framework/Versions/A/Resources/GLEngine.bundle/GLEngine
0x0000000009838000 	/System/Library/Frameworks/OpenGL.framework/Versions/A/Libraries/libGLProgrammability.dylib
0x0000000000000000 	/System/Library/Extensions/AppleIntelHD5000GraphicsGLDriver.bundle/Contents/MacOS/AppleIntelHD5000GraphicsGLDriver
0x0000000009838000 	/System/Library/PrivateFrameworks/IOAccelerator.framework/Versions/A/IOAccelerator
0x0000000009838000 	/System/Library/PrivateFrameworks/GPUSupport.framework/Versions/A/Libraries/libGPUSupportMercury.dylib
0x0000000009838000 	/System/Library/Frameworks/OpenGL.framework/Versions/A/Resources/GLRendererFloat.bundle/GLRendererFloat
0x0000000009838000 	/System/Library/Frameworks/OpenCL.framework/Versions/A/Libraries/libcldcpuengine.dylib
0x0000000009838000 	/System/Library/PrivateFrameworks/DiskImages.framework/Versions/A/DiskImages
0x0000000009838000 	/System/Library/Frameworks/DiscRecording.framework/Versions/A/DiscRecording
0x0000000009838000 	/usr/lib/libcsfde.dylib
0x0000000009838000 	/usr/lib/libcurl.4.dylib
0x0000000009838000 	/System/Library/PrivateFrameworks/MediaKit.framework/Versions/A/MediaKit
0x0000000009838000 	/System/Library/PrivateFrameworks/ProtectedCloudStorage.framework/Versions/A/ProtectedCloudStorage
0x0000000009838000 	/usr/lib/libCoreStorage.dylib
0x0000000009838000 	/System/Library/PrivateFrameworks/EFILogin.framework/Versions/A/EFILogin
0x0000000009838000 	/usr/lib/libutil.dylib
0x0000000009838000 	/System/Library/PrivateFrameworks/FindMyDevice.framework/Versions/A/FindMyDevice
0x0000000009838000 	/System/Library/Frameworks/LDAP.framework/Versions/A/LDAP
0x0000000009838000 	/usr/lib/libsasl2.2.dylib
0x0000000009838000 	/System/Library/PrivateFrameworks/CoreDaemon.framework/Versions/B/CoreDaemon
0x0000000009838000 	/usr/lib/libcrypto.0.9.8.dylib
0x0000000009838000 	/System/Library/PrivateFrameworks/AppleSRP.framework/Versions/A/AppleSRP
0x0000000009838000 	/System/Library/PrivateFrameworks/TrustEvaluationAgent.framework/Versions/A/TrustEvaluationAgent
0x00000001220b9000 	/Library/Java/JavaVirtualMachines/jdk1.8.0.jdk/Contents/Home/jre/lib/libglass.dylib
0x0000000009838000 	/System/Library/PrivateFrameworks/CoreServicesInternal.framework/Versions/A/CoreServicesInternal
0x0000000009838000 	/System/Library/PrivateFrameworks/CloudDocs.framework/Versions/A/CloudDocs
0x0000000009838000 	/System/Library/PrivateFrameworks/CoreDuet.framework/Versions/A/CoreDuet
0x0000000009838000 	/System/Library/Frameworks/CloudKit.framework/Versions/A/CloudKit
0x0000000009838000 	/System/Library/PrivateFrameworks/ProtocolBuffer.framework/Versions/A/ProtocolBuffer
0x0000000009838000 	/System/Library/PrivateFrameworks/CoreDuetDaemonProtocol.framework/Versions/A/CoreDuetDaemonProtocol
0x0000000009838000 	/System/Library/PrivateFrameworks/CoreDuetDebugLogging.framework/Versions/A/CoreDuetDebugLogging
0x0000000009838000 	/System/Library/Frameworks/CoreLocation.framework/Versions/A/CoreLocation
0x0000000009838000 	/System/Library/Frameworks/Accounts.framework/Versions/A/Accounts
0x0000000009838000 	/System/Library/PrivateFrameworks/ApplePushService.framework/Versions/A/ApplePushService
0x0000000009838000 	/System/Library/PrivateFrameworks/GeoServices.framework/Versions/A/GeoServices
0x0000000009838000 	/System/Library/PrivateFrameworks/OAuth.framework/Versions/A/OAuth
0x0000000009838000 	/System/Library/Frameworks/CoreGraphics.framework/Versions/A/Resources/libCGCMS.A.dylib
0x0000000009838000 	/System/Library/CoreServices/RawCamera.bundle/Contents/MacOS/RawCamera
0x0000000009838000 	/System/Library/Frameworks/CoreGraphics.framework/Versions/A/Resources/libRIP.A.dylib
0x0000000009838000 	/System/Library/PrivateFrameworks/FamilyControls.framework/Versions/A/FamilyControls
0x0000000009838000 	/System/Library/PrivateFrameworks/CommerceKit.framework/Versions/A/Frameworks/CommerceCore.framework/Versions/A/CommerceCore
0x0000000009838000 	/System/Library/PrivateFrameworks/SystemAdministration.framework/Versions/A/SystemAdministration
0x0000000009838000 	/System/Library/PrivateFrameworks/AppContainer.framework/Versions/A/AppContainer
0x0000000009838000 	/System/Library/PrivateFrameworks/SecCodeWrapper.framework/Versions/A/SecCodeWrapper
0x0000000009838000 	/System/Library/Frameworks/DirectoryService.framework/Versions/A/DirectoryService
0x0000000009838000 	/System/Library/PrivateFrameworks/LoginUIKit.framework/Versions/A/Frameworks/LoginUICore.framework/Versions/A/LoginUICore
0x0000000009838000 	/usr/lib/libodfde.dylib
0x00000001260dc000 	/Library/Java/JavaVirtualMachines/jdk1.8.0.jdk/Contents/Home/jre/lib/libjavafx_font.dylib
0x0000000009838000 	/System/Library/Frameworks/CoreGraphics.framework/Versions/A/Resources/libCGXType.A.dylib
0x0000000127d82000 	cl_kernels
0x000000012853e000 	/System/Library/Frameworks/OpenCL.framework/Versions/A/Libraries/ImageFormats/unorm8_bgra.dylib
0x0000000127d88000 	cl_kernels
0x000000012886b000 	/Library/Java/JavaVirtualMachines/jdk1.8.0.jdk/Contents/Home/jre/lib/libprism_common.dylib

VM Arguments:
jvm_args: -Dfile.encoding=UTF-8 
java_command: Controller.Chat -a 233.0.0.4 -p 45000 -m -c
java_class_path (initial): /Users/Sekou/Downloads/java-getopt-1.0.9.jar:/Users/Sekou/NetBeansProjects/Chat/build/classes
Launcher Type: SUN_STANDARD

Environment Variables:
PATH=/usr/bin:/bin:/usr/sbin:/sbin
LD_LIBRARY_PATH=/Library/Java/JavaVirtualMachines/jdk1.8.0.jdk/Contents/Home/jre/lib/amd64:/Library/Java/JavaVirtualMachines/jdk1.8.0.jdk/Contents/Home/jre/lib/i386:
SHELL=/bin/bash
DISPLAY=/private/tmp/com.apple.launchd.hJYF7W1W8E/org.macosforge.xquartz:0
DYLD_LIBRARY_PATH=/Applications/NetBeans/NetBeans 8.0.2.app/Contents/Resources/NetBeans/webcommon/bin:

Signal Handlers:
SIGSEGV: [libjvm.dylib+0x55faef], sa_mask[0]=0xfffefeff, sa_flags=0x00000043
SIGBUS: [libjvm.dylib+0x55faef], sa_mask[0]=0xfffefeff, sa_flags=0x00000042
SIGFPE: [libjvm.dylib+0x44305a], sa_mask[0]=0xfffefeff, sa_flags=0x00000042
SIGPIPE: [libjvm.dylib+0x44305a], sa_mask[0]=0xfffefeff, sa_flags=0x00000042
SIGXFSZ: [libjvm.dylib+0x44305a], sa_mask[0]=0xfffefeff, sa_flags=0x00000042
SIGILL: [libjvm.dylib+0x44305a], sa_mask[0]=0xfffefeff, sa_flags=0x00000042
SIGUSR1: SIG_DFL, sa_mask[0]=0x00000000, sa_flags=0x00000000
SIGUSR2: [libjvm.dylib+0x442b78], sa_mask[0]=0x00000004, sa_flags=0x00000042
SIGHUP: [libjvm.dylib+0x440f05], sa_mask[0]=0xfffefeff, sa_flags=0x00000042
SIGINT: SIG_IGN, sa_mask[0]=0x00000000, sa_flags=0x00000000
SIGTERM: [libjvm.dylib+0x440f05], sa_mask[0]=0xfffefeff, sa_flags=0x00000042
SIGQUIT: [libjvm.dylib+0x440f05], sa_mask[0]=0xfffefeff, sa_flags=0x00000042


---------------  S Y S T E M  ---------------

OS:Bsduname:Darwin 14.0.0 Darwin Kernel Version 14.0.0: Fri Sep 19 00:26:44 PDT 2014; root:xnu-2782.1.97~2/RELEASE_X86_64 x86_64
rlimit: STACK 8192k, CORE 0k, NPROC 709, NOFILE 10240, AS infinity
load average:1.94 1.78 1.80

CPU:total 8 (4 cores per cpu, 2 threads per core) family 6 model 70 stepping 1, cmov, cx8, fxsr, mmx, sse, sse2, sse3, ssse3, sse4.1, sse4.2, popcnt, avx, avx2, aes, clmul, erms, ht, tsc, tscinvbit

Memory: 4k page, physical 16777216k(1880456k free)

/proc/meminfo:


vm_info: Java HotSpot(TM) 64-Bit Server VM (25.0-b70) for bsd-amd64 JRE (1.8.0-b132), built on Mar  4 2014 03:11:43 by "java_re" with gcc 4.2.1 (Based on Apple Inc. build 5658) (LLVM build 2336.11.00)

time: Mon Mar 30 14:56:43 2015
elapsed time: 45 seconds

