#
# A fatal error has been detected by the Java Runtime Environment:
#
#  SIGSEGV (0xb) at pc=0x00000001299d9173, pid=4317, tid=8463
#
# JRE version: Java(TM) SE Runtime Environment (8.0-b132) (build 1.8.0-b132)
# Java VM: Java HotSpot(TM) 64-Bit Server VM (25.0-b70 mixed mode bsd-amd64 compressed oops)
# Problematic frame:
# C  [libglass.dylib+0x1b173]  GlassScreenDidChangeScreenParameters+0x53
#
# Failed to write core dump. Core dumps have been disabled. To enable core dumping, try "ulimit -c unlimited" before starting Java again
#
# If you would like to submit a bug report, please visit:
#   http://bugreport.sun.com/bugreport/crash.jsp
#

---------------  T H R E A D  ---------------

Current thread is native thread

siginfo:si_signo=SIGSEGV: si_errno=0, si_code=1 (SEGV_MAPERR), si_addr=0x0000000000000000

Registers:
RAX=0x00007fa519ce1040, RBX=0x0000000000000000, RCX=0x0000000129a0b910, RDX=0x00007fff7a55a1f8
RSP=0x00007fff568c5160, RBP=0x00007fff568c5170, RSI=0x00007fa519c3a268, RDI=0x0000000000000000
R8 =0x00007fff568c5010, R9 =0x00007fff7bb72300, R10=0x0000000000000000, R11=0x0000000000000246
R12=0x00007fa519d01e50, R13=0x00000000000f4268, R14=0x00007fa519c6b8a0, R15=0x00007fff568c52b0
RIP=0x00000001299d9173, EFLAGS=0x0000000000010202, ERR=0x0000000000000004
  TRAPNO=0x000000000000000e

Top of Stack: (sp=0x00007fff568c5160)
0x00007fff568c5160:   00007fff568c5170 00007fff568c5340
0x00007fff568c5170:   00007fff568c5180 00007fff96821cbc
0x00007fff568c5180:   00007fff568c54e0 00007fff967131b4
0x00007fff568c5190:   00007fa510000000 0000000000002800
0x00007fff568c51a0:   00007fa519e00000 00007fa519efc080
0x00007fff568c51b0:   0000000000001004 0000000000000900
0x00007fff568c51c0:   0000000000000006 00007fa519c6b8a0
0x00007fff568c51d0:   0000000000000000 00007fff568c52b0
0x00007fff568c51e0:   0000000000000000 00007fa519c6b810
0x00007fff568c51f0:   00007fff568c5330 0000000000000060
0x00007fff568c5200:   00000000000f430f 00007fa519ee8840
0x00007fff568c5210:   00007fa519c3e830 00007fa519d01e50
0x00007fff568c5220:   0000000000000001 00000000000f4268
0x00007fff568c5230:   00007fa519d01e40 00007fff9537aacb
0x00007fff568c5240:   0000000000000001 0000000000000001
0x00007fff568c5250:   0000000000000030 0000000000000001
0x00007fff568c5260:   00007fff568c5280 00007fff95380231
0x00007fff568c5270:   00007fff7b828dd0 0000000000000000
0x00007fff568c5280:   00007fff568c52a0 0000000000000027
0x00007fff568c5290:   0003020300000000 00007fa519d01e74
0x00007fff568c52a0:   0000000000000000 00007fff96708c8f
0x00007fff568c52b0:   00007fa519c6b8a0 00007fff7b828dd0
0x00007fff568c52c0:   00007fff568c5340 00007fff967117bf
0x00007fff568c52d0:   00007fff568c5344 0000000000476a01
0x00007fff568c52e0:   0000000109355a00 0000000000000002
0x00007fff568c52f0:   0000000109352000 00007fa519e4f462
0x00007fff568c5300:   0000000000000003 0000000109358200
0x00007fff568c5310:   00007fff568c5400 00007fff953792a2
0x00007fff568c5320:   00007fa519c3e4b0 00007fff568c54e8
0x00007fff568c5330:   0000000000000017 0000000000000000
0x00007fff568c5340:   00000000000f4268 00007fff96708f83
0x00007fff568c5350:   00007fff00000000 00007fa519c44650 

Instructions: (pc=0x00000001299d9173)
0x00000001299d9153:   50 01 00 48 89 df ff 90 88 03 00 00 48 8d 0d a2
0x00000001299d9163:   28 03 00 48 89 01 48 8d 0d a0 27 03 00 48 8b 31
0x00000001299d9173:   48 8b 0b 48 89 df 48 89 c2 30 c0 ff 91 68 04 00
0x00000001299d9183:   00 48 83 c4 08 5b 5d c3 0f 1f 44 00 00 55 48 89 

Register to memory mapping:

RAX=0x00007fa519ce1040 is an unknown value
RBX=0x0000000000000000 is an unknown value
RCX=0x0000000129a0b910: jScreenClass+0 in /Library/Java/JavaVirtualMachines/jdk1.8.0.jdk/Contents/Home/jre/lib/libglass.dylib at 0x00000001299be000
RDX=0x00007fff7a55a1f8: __sFX+0x1c8 in /usr/lib/system/libsystem_c.dylib at 0x00007fff8e8de000
RSP=0x00007fff568c5160 is an unknown value
RBP=0x00007fff568c5170 is an unknown value
RSI=0x00007fa519c3a268 is a global jni handle
RDI=0x0000000000000000 is an unknown value
R8 =0x00007fff568c5010 is an unknown value
R9 =0x00007fff7bb72300: _thread+0 in /usr/lib/system/libsystem_pthread.dylib at 0x00007fff97de7000
R10=0x0000000000000000 is an unknown value
R11=0x0000000000000246 is an unknown value
R12=0x00007fa519d01e50 is an unknown value
R13=0x00000000000f4268 is an unknown value
R14=0x00007fa519c6b8a0 is an unknown value
R15=0x00007fff568c52b0 is an unknown value


Stack: [0x00007fff560c8000,0x00007fff568c8000],  sp=0x00007fff568c5160,  free space=8180k
Native frames: (J=compiled Java code, j=interpreted, Vv=VM code, C=native code)
C  [libglass.dylib+0x1b173]  GlassScreenDidChangeScreenParameters+0x53
C  [CoreFoundation+0x11ecbc]  __CFNOTIFICATIONCENTER_IS_CALLING_OUT_TO_AN_OBSERVER__+0xc
C  [CoreFoundation+0x101b4]  _CFXNotificationPost+0xc44
C  [Foundation+0x2ea1]  -[NSNotificationCenter postNotificationName:object:userInfo:]+0x42
C  [AppKit+0x362dee]  -[NSApplication _reactToScreenInvalidationImmediately:]+0x17b
C  [AppKit+0x362c2d]  __44-[NSApplication _reactToScreenInvalidation:]_block_invoke+0x4b
C  [CoreFoundation+0x8054c]  __CFRUNLOOP_IS_CALLING_OUT_TO_A_BLOCK__+0xc
C  [CoreFoundation+0x72655]  __CFRunLoopDoBlocks+0x155
C  [CoreFoundation+0x72196]  __CFRunLoopRun+0x716
C  [CoreFoundation+0x71838]  CFRunLoopRunSpecific+0x128
C  [java+0x56db]  CreateExecutionEnvironment+0x367
C  [java+0x167c]  JLI_Launch+0x7a0
C  [java+0x7699]  main+0x65
C  [java+0xed4]  start+0x34


---------------  P R O C E S S  ---------------

VM state:not at safepoint (normal execution)

VM Mutex/Monitor currently owned by a thread: None

Heap:
 PSYoungGen      total 13312K, used 6745K [0x000000076ab00000, 0x000000076ba80000, 0x00000007c0000000)
  eden space 10752K, 46% used [0x000000076ab00000,0x000000076afde660,0x000000076b580000)
  from space 2560K, 68% used [0x000000076b800000,0x000000076b9b8000,0x000000076ba80000)
  to   space 2560K, 0% used [0x000000076b580000,0x000000076b580000,0x000000076b800000)
 ParOldGen       total 260608K, used 3199K [0x00000006c0000000, 0x00000006cfe80000, 0x000000076ab00000)
  object space 260608K, 1% used [0x00000006c0000000,0x00000006c031fd48,0x00000006cfe80000)
 Metaspace       used 15082K, capacity 15226K, committed 15360K, reserved 1062912K
  class space    used 2247K, capacity 2265K, committed 2304K, reserved 1048576K

Card table byte_map: [0x000000011a87f000,0x000000011b080000] byte_map_base: 0x000000011727f000

Marking Bits: (ParMarkBitMap*) 0x000000010ae660a0
 Begin Bits: [0x000000011bdee000, 0x000000011fdee000)
 End Bits:   [0x000000011fdee000, 0x0000000123dee000)

Polling page: 0x00000001095c4000

CodeCache: size=245760Kb used=4213Kb max_used=4213Kb free=241546Kb
 bounds [0x000000010b4bf000, 0x000000010b8ef000, 0x000000011a4bf000]
 total_blobs=1978 nmethods=1360 adapters=533
 compilation: enabled

Compilation events (10 events):
Event: 12,170 Thread 0x00007fa51b835800 1355       3       com.sun.glass.ui.mac.MacTouchInputSupport::notifyBeginTouchEvent (24 bytes)
Event: 12,170 Thread 0x00007fa51b835800 nmethod 1355 0x000000010b8dda90 code [0x000000010b8ddc00, 0x000000010b8dde08]
Event: 12,499 Thread 0x00007fa51b835800 1356       3       java.util.concurrent.locks.AbstractQueuedSynchronizer$ConditionObject::doSignal (43 bytes)
Event: 12,499 Thread 0x00007fa51b835800 nmethod 1356 0x000000010b8dded0 code [0x000000010b8de040, 0x000000010b8de3c8]
Event: 12,499 Thread 0x00007fa51b835800 1358       3       java.util.concurrent.locks.AbstractQueuedSynchronizer::enq (58 bytes)
Event: 12,499 Thread 0x00007fa51b835800 nmethod 1358 0x000000010b8de850 code [0x000000010b8de9e0, 0x000000010b8def10]
Event: 12,499 Thread 0x00007fa51b835800 1359       3       java.util.concurrent.locks.AbstractQueuedSynchronizer::compareAndSetTail (13 bytes)
Event: 12,499 Thread 0x00007fa51b835800 nmethod 1359 0x000000010b8df110 code [0x000000010b8df260, 0x000000010b8df3f0]
Event: 12,512 Thread 0x00007fa51b835800 1360       3       java.util.concurrent.locks.LockSupport::unpark (12 bytes)
Event: 12,512 Thread 0x00007fa51b835800 nmethod 1360 0x000000010b8df790 code [0x000000010b8df900, 0x000000010b8dfb28]

GC Heap History (10 events):
Event: 3,897 GC heap before
{Heap before GC invocations=6 (full 0):
 PSYoungGen      total 2560K, used 2560K [0x000000076ab00000, 0x000000076b100000, 0x00000007c0000000)
  eden space 2048K, 100% used [0x000000076ab00000,0x000000076ad00000,0x000000076ad00000)
  from space 512K, 100% used [0x000000076ad00000,0x000000076ad80000,0x000000076ad80000)
  to   space 1024K, 0% used [0x000000076b000000,0x000000076b000000,0x000000076b100000)
 ParOldGen       total 260608K, used 650K [0x00000006c0000000, 0x00000006cfe80000, 0x000000076ab00000)
  object space 260608K, 0% used [0x00000006c0000000,0x00000006c00a2928,0x00000006cfe80000)
 Metaspace       used 6363K, capacity 6830K, committed 7040K, reserved 1056768K
  class space    used 767K, capacity 790K, committed 896K, reserved 1048576K
Event: 3,898 GC heap after
Heap after GC invocations=6 (full 0):
 PSYoungGen      total 4608K, used 1008K [0x000000076ab00000, 0x000000076b200000, 0x00000007c0000000)
  eden space 3584K, 0% used [0x000000076ab00000,0x000000076ab00000,0x000000076ae80000)
  from space 1024K, 98% used [0x000000076b000000,0x000000076b0fc050,0x000000076b100000)
  to   space 1536K, 0% used [0x000000076ae80000,0x000000076ae80000,0x000000076b000000)
 ParOldGen       total 260608K, used 746K [0x00000006c0000000, 0x00000006cfe80000, 0x000000076ab00000)
  object space 260608K, 0% used [0x00000006c0000000,0x00000006c00ba928,0x00000006cfe80000)
 Metaspace       used 6363K, capacity 6830K, committed 7040K, reserved 1056768K
  class space    used 767K, capacity 790K, committed 896K, reserved 1048576K
}
Event: 3,958 GC heap before
{Heap before GC invocations=7 (full 0):
 PSYoungGen      total 4608K, used 4578K [0x000000076ab00000, 0x000000076b200000, 0x00000007c0000000)
  eden space 3584K, 99% used [0x000000076ab00000,0x000000076ae7caa8,0x000000076ae80000)
  from space 1024K, 98% used [0x000000076b000000,0x000000076b0fc050,0x000000076b100000)
  to   space 1536K, 0% used [0x000000076ae80000,0x000000076ae80000,0x000000076b000000)
 ParOldGen       total 260608K, used 746K [0x00000006c0000000, 0x00000006cfe80000, 0x000000076ab00000)
  object space 260608K, 0% used [0x00000006c0000000,0x00000006c00ba928,0x00000006cfe80000)
 Metaspace       used 8238K, capacity 8372K, committed 8576K, reserved 1056768K
  class space    used 1019K, capacity 1048K, committed 1152K, reserved 1048576K
Event: 3,959 GC heap after
Heap after GC invocations=7 (full 0):
 PSYoungGen      total 5120K, used 1472K [0x000000076ab00000, 0x000000076b500000, 0x00000007c0000000)
  eden space 3584K, 0% used [0x000000076ab00000,0x000000076ab00000,0x000000076ae80000)
  from space 1536K, 95% used [0x000000076ae80000,0x000000076aff0050,0x000000076b000000)
  to   space 1536K, 0% used [0x000000076b380000,0x000000076b380000,0x000000076b500000)
 ParOldGen       total 260608K, used 954K [0x00000006c0000000, 0x00000006cfe80000, 0x000000076ab00000)
  object space 260608K, 0% used [0x00000006c0000000,0x00000006c00ee978,0x00000006cfe80000)
 Metaspace       used 8238K, capacity 8372K, committed 8576K, reserved 1056768K
  class space    used 1019K, capacity 1048K, committed 1152K, reserved 1048576K
}
Event: 4,020 GC heap before
{Heap before GC invocations=8 (full 0):
 PSYoungGen      total 5120K, used 5056K [0x000000076ab00000, 0x000000076b500000, 0x00000007c0000000)
  eden space 3584K, 100% used [0x000000076ab00000,0x000000076ae80000,0x000000076ae80000)
  from space 1536K, 95% used [0x000000076ae80000,0x000000076aff0050,0x000000076b000000)
  to   space 1536K, 0% used [0x000000076b380000,0x000000076b380000,0x000000076b500000)
 ParOldGen       total 260608K, used 954K [0x00000006c0000000, 0x00000006cfe80000, 0x000000076ab00000)
  object space 260608K, 0% used [0x00000006c0000000,0x00000006c00ee978,0x00000006cfe80000)
 Metaspace       used 9435K, capacity 9594K, committed 9728K, reserved 1058816K
  class space    used 1213K, capacity 1241K, committed 1280K, reserved 1048576K
Event: 4,021 GC heap after
Heap after GC invocations=8 (full 0):
 PSYoungGen      total 8192K, used 1520K [0x000000076ab00000, 0x000000076b600000, 0x00000007c0000000)
  eden space 6656K, 0% used [0x000000076ab00000,0x000000076ab00000,0x000000076b180000)
  from space 1536K, 98% used [0x000000076b380000,0x000000076b4fc030,0x000000076b500000)
  to   space 2048K, 0% used [0x000000076b180000,0x000000076b180000,0x000000076b380000)
 ParOldGen       total 260608K, used 1679K [0x00000006c0000000, 0x00000006cfe80000, 0x000000076ab00000)
  object space 260608K, 0% used [0x00000006c0000000,0x00000006c01a3d18,0x00000006cfe80000)
 Metaspace       used 9435K, capacity 9594K, committed 9728K, reserved 1058816K
  class space    used 1213K, capacity 1241K, committed 1280K, reserved 1048576K
}
Event: 4,183 GC heap before
{Heap before GC invocations=9 (full 0):
 PSYoungGen      total 8192K, used 8176K [0x000000076ab00000, 0x000000076b600000, 0x00000007c0000000)
  eden space 6656K, 100% used [0x000000076ab00000,0x000000076b180000,0x000000076b180000)
  from space 1536K, 98% used [0x000000076b380000,0x000000076b4fc030,0x000000076b500000)
  to   space 2048K, 0% used [0x000000076b180000,0x000000076b180000,0x000000076b380000)
 ParOldGen       total 260608K, used 1679K [0x00000006c0000000, 0x00000006cfe80000, 0x000000076ab00000)
  object space 260608K, 0% used [0x00000006c0000000,0x00000006c01a3d18,0x00000006cfe80000)
 Metaspace       used 11936K, capacity 12122K, committed 12288K, reserved 1060864K
  class space    used 1682K, capacity 1721K, committed 1792K, reserved 1048576K
Event: 4,184 GC heap after
Heap after GC invocations=9 (full 0):
 PSYoungGen      total 8704K, used 1552K [0x000000076ab00000, 0x000000076ba80000, 0x00000007c0000000)
  eden space 6656K, 0% used [0x000000076ab00000,0x000000076ab00000,0x000000076b180000)
  from space 2048K, 75% used [0x000000076b180000,0x000000076b304010,0x000000076b380000)
  to   space 2560K, 0% used [0x000000076b800000,0x000000076b800000,0x000000076ba80000)
 ParOldGen       total 260608K, used 2335K [0x00000006c0000000, 0x00000006cfe80000, 0x000000076ab00000)
  object space 260608K, 0% used [0x00000006c0000000,0x00000006c0247d38,0x00000006cfe80000)
 Metaspace       used 11936K, capacity 12122K, committed 12288K, reserved 1060864K
  class space    used 1682K, capacity 1721K, committed 1792K, reserved 1048576K
}
Event: 4,529 GC heap before
{Heap before GC invocations=10 (full 0):
 PSYoungGen      total 8704K, used 8208K [0x000000076ab00000, 0x000000076ba80000, 0x00000007c0000000)
  eden space 6656K, 100% used [0x000000076ab00000,0x000000076b180000,0x000000076b180000)
  from space 2048K, 75% used [0x000000076b180000,0x000000076b304010,0x000000076b380000)
  to   space 2560K, 0% used [0x000000076b800000,0x000000076b800000,0x000000076ba80000)
 ParOldGen       total 260608K, used 2335K [0x00000006c0000000, 0x00000006cfe80000, 0x000000076ab00000)
  object space 260608K, 0% used [0x00000006c0000000,0x00000006c0247d38,0x00000006cfe80000)
 Metaspace       used 14203K, capacity 14330K, committed 14592K, reserved 1060864K
  class space    used 2140K, capacity 2201K, committed 2304K, reserved 1048576K
Event: 4,532 GC heap after
Heap after GC invocations=10 (full 0):
 PSYoungGen      total 13312K, used 1760K [0x000000076ab00000, 0x000000076ba80000, 0x00000007c0000000)
  eden space 10752K, 0% used [0x000000076ab00000,0x000000076ab00000,0x000000076b580000)
  from space 2560K, 68% used [0x000000076b800000,0x000000076b9b8000,0x000000076ba80000)
  to   space 2560K, 0% used [0x000000076b580000,0x000000076b580000,0x000000076b800000)
 ParOldGen       total 260608K, used 3199K [0x00000006c0000000, 0x00000006cfe80000, 0x000000076ab00000)
  object space 260608K, 1% used [0x00000006c0000000,0x00000006c031fd48,0x00000006cfe80000)
 Metaspace       used 14203K, capacity 14330K, committed 14592K, reserved 1060864K
  class space    used 2140K, capacity 2201K, committed 2304K, reserved 1048576K
}

Deoptimization events (10 events):
Event: 4,136 Thread 0x00007fa51a030000 Uncommon trap: reason=class_check action=maybe_recompile pc=0x000000010b6d49d0 method=java.io.DataInputStream.readShort()S @ 4
Event: 4,137 Thread 0x00007fa51a030000 Uncommon trap: reason=class_check action=maybe_recompile pc=0x000000010b6d49d0 method=java.io.DataInputStream.readShort()S @ 4
Event: 4,137 Thread 0x00007fa51a030000 Uncommon trap: reason=class_check action=maybe_recompile pc=0x000000010b6d49d0 method=java.io.DataInputStream.readShort()S @ 4
Event: 4,137 Thread 0x00007fa51a030000 Uncommon trap: reason=class_check action=maybe_recompile pc=0x000000010b6d49d0 method=java.io.DataInputStream.readShort()S @ 4
Event: 4,142 Thread 0x00007fa51a030000 Uncommon trap: reason=class_check action=maybe_recompile pc=0x000000010b60a944 method=java.lang.String.equals(Ljava/lang/Object;)Z @ 8
Event: 4,142 Thread 0x00007fa51a030000 Uncommon trap: reason=class_check action=maybe_recompile pc=0x000000010b60a944 method=java.lang.String.equals(Ljava/lang/Object;)Z @ 8
Event: 4,144 Thread 0x00007fa51a030000 Uncommon trap: reason=class_check action=maybe_recompile pc=0x000000010b60a944 method=java.lang.String.equals(Ljava/lang/Object;)Z @ 8
Event: 4,145 Thread 0x00007fa51a030000 Uncommon trap: reason=class_check action=maybe_recompile pc=0x000000010b60a944 method=java.lang.String.equals(Ljava/lang/Object;)Z @ 8
Event: 4,323 Thread 0x00007fa51a030000 Uncommon trap: reason=unloaded action=reinterpret pc=0x000000010b6a6558 method=java.lang.CharacterData.of(I)Ljava/lang/CharacterData; @ 96
Event: 8,983 Thread 0x00007fa51a030000 Uncommon trap: reason=unreached action=reinterpret pc=0x000000010b81b194 method=com.sun.javafx.css.SimpleSelector.stateMatches(Ljavafx/css/Styleable;Ljava/util/Set;)Z @ 1

Internal exceptions (10 events):
Event: 4,193 Thread 0x00007fa51a030000 Exception <a 'java/security/PrivilegedActionException'> (0x000000076ab991b8) thrown at [/HUDSON/workspace/8-2-build-macosx-x86_64/jdk8/2238/hotspot/src/share/vm/prims/jvm.cpp, line 1248]
Event: 4,193 Thread 0x00007fa51a030000 Exception <a 'java/security/PrivilegedActionException'> (0x000000076abaed28) thrown at [/HUDSON/workspace/8-2-build-macosx-x86_64/jdk8/2238/hotspot/src/share/vm/prims/jvm.cpp, line 1248]
Event: 6,352 Thread 0x00007fa51a030000 Exception <a 'java/security/PrivilegedActionException'> (0x000000076ae38fd0) thrown at [/HUDSON/workspace/8-2-build-macosx-x86_64/jdk8/2238/hotspot/src/share/vm/prims/jvm.cpp, line 1248]
Event: 6,352 Thread 0x00007fa51a030000 Exception <a 'java/security/PrivilegedActionException'> (0x000000076ae39a20) thrown at [/HUDSON/workspace/8-2-build-macosx-x86_64/jdk8/2238/hotspot/src/share/vm/prims/jvm.cpp, line 1248]
Event: 6,352 Thread 0x00007fa51a030000 Exception <a 'java/security/PrivilegedActionException'> (0x000000076ae3dc88) thrown at [/HUDSON/workspace/8-2-build-macosx-x86_64/jdk8/2238/hotspot/src/share/vm/prims/jvm.cpp, line 1248]
Event: 6,352 Thread 0x00007fa51a030000 Exception <a 'java/security/PrivilegedActionException'> (0x000000076ae3e728) thrown at [/HUDSON/workspace/8-2-build-macosx-x86_64/jdk8/2238/hotspot/src/share/vm/prims/jvm.cpp, line 1248]
Event: 8,983 Thread 0x00007fa51a030000 Implicit null exception at 0x000000010b81ab08 to 0x000000010b81b169
Event: 9,516 Thread 0x00007fa51a030000 Exception <a 'java/lang/NullPointerException'> (0x000000076af31278) thrown at [/HUDSON/workspace/8-2-build-macosx-x86_64/jdk8/2238/hotspot/src/share/vm/interpreter/linkResolver.cpp, line 1169]
Event: 9,516 Thread 0x00007fa51a030000 Exception <a 'java/lang/reflect/InvocationTargetException'> (0x000000076af315b8) thrown at [/HUDSON/workspace/8-2-build-macosx-x86_64/jdk8/2238/hotspot/src/share/vm/runtime/reflection.cpp, line 1079]
Event: 9,517 Thread 0x00007fa51a030000 Exception <a 'java/lang/RuntimeException'> (0x000000076af31c48) thrown at [/HUDSON/workspace/8-2-build-macosx-x86_64/jdk8/2238/hotspot/src/share/vm/prims/jvm.cpp, line 1252]

Events (10 events):
Event: 12,499 loading class com/sun/javafx/application/PlatformImpl$8 done
Event: 12,499 loading class com/sun/javafx/application/PlatformImpl$10
Event: 12,499 loading class com/sun/javafx/application/PlatformImpl$10 done
Event: 12,511 loading class com/sun/javafx/tk/quantum/QuantumRenderer$5
Event: 12,511 loading class com/sun/javafx/tk/quantum/QuantumRenderer$5 done
Event: 12,512 Thread 0x00007fa51a92d000 Thread exited: 0x00007fa51a92d000
Event: 12,512 Thread 0x00007fa51b0b3000 Thread exited: 0x00007fa51b0b3000
Event: 12,512 Thread 0x00007fa51a801000 Thread exited: 0x00007fa51a801000
Event: 12,512 Thread 0x00007fa51d811800 Thread added: 0x00007fa51d811800
Event: 12,512 Thread 0x00007fa51a030000 Thread exited: 0x00007fa51a030000


Dynamic libraries:
0x0000000009838000 	/System/Library/Frameworks/Cocoa.framework/Versions/A/Cocoa
0x0000000009838000 	/System/Library/Frameworks/Security.framework/Versions/A/Security
0x0000000009838000 	/System/Library/Frameworks/ApplicationServices.framework/Versions/A/ApplicationServices
0x0000000009838000 	/usr/lib/libz.1.dylib
0x0000000009838000 	/usr/lib/libSystem.B.dylib
0x0000000009838000 	/usr/lib/libobjc.A.dylib
0x0000000009838000 	/System/Library/Frameworks/CoreFoundation.framework/Versions/A/CoreFoundation
0x0000000009838000 	/System/Library/Frameworks/Foundation.framework/Versions/C/Foundation
0x0000000009838000 	/System/Library/Frameworks/AppKit.framework/Versions/C/AppKit
0x0000000009838000 	/System/Library/Frameworks/CoreData.framework/Versions/A/CoreData
0x0000000009838000 	/System/Library/PrivateFrameworks/RemoteViewServices.framework/Versions/A/RemoteViewServices
0x0000000009838000 	/System/Library/PrivateFrameworks/UIFoundation.framework/Versions/A/UIFoundation
0x0000000009838000 	/System/Library/Frameworks/IOSurface.framework/Versions/A/IOSurface
0x0000000009838000 	/System/Library/Frameworks/AudioToolbox.framework/Versions/A/AudioToolbox
0x0000000009838000 	/System/Library/Frameworks/AudioUnit.framework/Versions/A/AudioUnit
0x0000000009838000 	/System/Library/PrivateFrameworks/DataDetectorsCore.framework/Versions/A/DataDetectorsCore
0x0000000009838000 	/System/Library/PrivateFrameworks/DesktopServicesPriv.framework/Versions/A/DesktopServicesPriv
0x0000000009838000 	/System/Library/Frameworks/Carbon.framework/Versions/A/Frameworks/HIToolbox.framework/Versions/A/HIToolbox
0x0000000009838000 	/System/Library/Frameworks/QuartzCore.framework/Versions/A/QuartzCore
0x0000000009838000 	/System/Library/Frameworks/Carbon.framework/Versions/A/Frameworks/SpeechRecognition.framework/Versions/A/SpeechRecognition
0x0000000009838000 	/usr/lib/libauto.dylib
0x0000000009838000 	/usr/lib/libicucore.A.dylib
0x0000000009838000 	/usr/lib/libxml2.2.dylib
0x0000000009838000 	/System/Library/PrivateFrameworks/CoreUI.framework/Versions/A/CoreUI
0x0000000009838000 	/System/Library/Frameworks/CoreAudio.framework/Versions/A/CoreAudio
0x0000000009838000 	/System/Library/Frameworks/DiskArbitration.framework/Versions/A/DiskArbitration
0x0000000009838000 	/usr/lib/liblangid.dylib
0x0000000009838000 	/System/Library/PrivateFrameworks/MultitouchSupport.framework/Versions/A/MultitouchSupport
0x0000000009838000 	/System/Library/Frameworks/IOKit.framework/Versions/A/IOKit
0x0000000009838000 	/usr/lib/libDiagnosticMessagesClient.dylib
0x0000000009838000 	/System/Library/Frameworks/CoreServices.framework/Versions/A/CoreServices
0x0000000009838000 	/System/Library/PrivateFrameworks/PerformanceAnalysis.framework/Versions/A/PerformanceAnalysis
0x0000000009838000 	/System/Library/PrivateFrameworks/GenerationalStorage.framework/Versions/A/GenerationalStorage
0x0000000009838000 	/System/Library/Frameworks/OpenGL.framework/Versions/A/OpenGL
0x0000000009838000 	/System/Library/PrivateFrameworks/Sharing.framework/Versions/A/Sharing
0x0000000009838000 	/System/Library/Frameworks/CoreGraphics.framework/Versions/A/CoreGraphics
0x0000000009838000 	/System/Library/Frameworks/CoreText.framework/Versions/A/CoreText
0x0000000009838000 	/System/Library/Frameworks/ImageIO.framework/Versions/A/ImageIO
0x0000000009838000 	/usr/lib/libextension.dylib
0x0000000009838000 	/System/Library/PrivateFrameworks/Backup.framework/Versions/A/Backup
0x0000000009838000 	/usr/lib/libarchive.2.dylib
0x0000000009838000 	/System/Library/Frameworks/CFNetwork.framework/Versions/A/CFNetwork
0x0000000009838000 	/System/Library/Frameworks/SystemConfiguration.framework/Versions/A/SystemConfiguration
0x0000000009838000 	/usr/lib/libCRFSuite.dylib
0x0000000009838000 	/usr/lib/libc++.1.dylib
0x0000000009838000 	/usr/lib/libc++abi.dylib
0x0000000009838000 	/usr/lib/system/libcache.dylib
0x0000000009838000 	/usr/lib/system/libcommonCrypto.dylib
0x0000000009838000 	/usr/lib/system/libcompiler_rt.dylib
0x0000000009838000 	/usr/lib/system/libcopyfile.dylib
0x0000000009838000 	/usr/lib/system/libcorecrypto.dylib
0x0000000009838000 	/usr/lib/system/libdispatch.dylib
0x0000000009838000 	/usr/lib/system/libdyld.dylib
0x0000000009838000 	/usr/lib/system/libkeymgr.dylib
0x0000000009838000 	/usr/lib/system/liblaunch.dylib
0x0000000009838000 	/usr/lib/system/libmacho.dylib
0x0000000009838000 	/usr/lib/system/libquarantine.dylib
0x0000000009838000 	/usr/lib/system/libremovefile.dylib
0x0000000009838000 	/usr/lib/system/libsystem_asl.dylib
0x0000000009838000 	/usr/lib/system/libsystem_blocks.dylib
0x0000000009838000 	/usr/lib/system/libsystem_c.dylib
0x0000000009838000 	/usr/lib/system/libsystem_configuration.dylib
0x0000000009838000 	/usr/lib/system/libsystem_coreservices.dylib
0x0000000009838000 	/usr/lib/system/libsystem_coretls.dylib
0x0000000009838000 	/usr/lib/system/libsystem_dnssd.dylib
0x0000000009838000 	/usr/lib/system/libsystem_info.dylib
0x0000000009838000 	/usr/lib/system/libsystem_kernel.dylib
0x0000000009838000 	/usr/lib/system/libsystem_m.dylib
0x0000000009838000 	/usr/lib/system/libsystem_malloc.dylib
0x0000000009838000 	/usr/lib/system/libsystem_network.dylib
0x0000000009838000 	/usr/lib/system/libsystem_networkextension.dylib
0x0000000009838000 	/usr/lib/system/libsystem_notify.dylib
0x0000000009838000 	/usr/lib/system/libsystem_platform.dylib
0x0000000009838000 	/usr/lib/system/libsystem_pthread.dylib
0x0000000009838000 	/usr/lib/system/libsystem_sandbox.dylib
0x0000000009838000 	/usr/lib/system/libsystem_secinit.dylib
0x0000000009838000 	/usr/lib/system/libsystem_stats.dylib
0x0000000009838000 	/usr/lib/system/libsystem_trace.dylib
0x0000000009838000 	/usr/lib/system/libunc.dylib
0x0000000009838000 	/usr/lib/system/libunwind.dylib
0x0000000009838000 	/usr/lib/system/libxpc.dylib
0x0000000009838000 	/usr/lib/libbz2.1.0.dylib
0x0000000009838000 	/usr/lib/liblzma.5.dylib
0x0000000009838000 	/usr/lib/libbsm.0.dylib
0x0000000009838000 	/usr/lib/libsqlite3.dylib
0x0000000009838000 	/usr/lib/system/libkxld.dylib
0x0000000009838000 	/usr/lib/libxar.1.dylib
0x0000000009838000 	/usr/lib/libpam.2.dylib
0x0000000009838000 	/usr/lib/libOpenScriptingUtil.dylib
0x0000000009838000 	/System/Library/Frameworks/CoreServices.framework/Versions/A/Frameworks/FSEvents.framework/Versions/A/FSEvents
0x0000000009838000 	/System/Library/Frameworks/CoreServices.framework/Versions/A/Frameworks/CarbonCore.framework/Versions/A/CarbonCore
0x0000000009838000 	/System/Library/Frameworks/CoreServices.framework/Versions/A/Frameworks/Metadata.framework/Versions/A/Metadata
0x0000000009838000 	/System/Library/Frameworks/CoreServices.framework/Versions/A/Frameworks/OSServices.framework/Versions/A/OSServices
0x0000000009838000 	/System/Library/Frameworks/CoreServices.framework/Versions/A/Frameworks/SearchKit.framework/Versions/A/SearchKit
0x0000000009838000 	/System/Library/Frameworks/CoreServices.framework/Versions/A/Frameworks/AE.framework/Versions/A/AE
0x0000000009838000 	/System/Library/Frameworks/CoreServices.framework/Versions/A/Frameworks/LaunchServices.framework/Versions/A/LaunchServices
0x0000000009838000 	/System/Library/Frameworks/CoreServices.framework/Versions/A/Frameworks/DictionaryServices.framework/Versions/A/DictionaryServices
0x0000000009838000 	/System/Library/Frameworks/NetFS.framework/Versions/A/NetFS
0x0000000009838000 	/System/Library/PrivateFrameworks/NetAuth.framework/Versions/A/NetAuth
0x0000000009838000 	/System/Library/PrivateFrameworks/login.framework/Versions/A/Frameworks/loginsupport.framework/Versions/A/loginsupport
0x0000000009838000 	/System/Library/PrivateFrameworks/TCC.framework/Versions/A/TCC
0x0000000009838000 	/usr/lib/libmecabra.dylib
0x0000000009838000 	/System/Library/PrivateFrameworks/LanguageModeling.framework/Versions/A/LanguageModeling
0x0000000009838000 	/usr/lib/libcmph.dylib
0x0000000009838000 	/usr/lib/libiconv.2.dylib
0x0000000009838000 	/System/Library/Frameworks/OpenDirectory.framework/Versions/A/Frameworks/CFOpenDirectory.framework/Versions/A/CFOpenDirectory
0x0000000009838000 	/System/Library/Frameworks/ServiceManagement.framework/Versions/A/ServiceManagement
0x0000000009838000 	/usr/lib/libxslt.1.dylib
0x0000000009838000 	/System/Library/Frameworks/Carbon.framework/Versions/A/Frameworks/Ink.framework/Versions/A/Ink
0x0000000009838000 	/System/Library/Frameworks/ApplicationServices.framework/Versions/A/Frameworks/ATS.framework/Versions/A/ATS
0x0000000009838000 	/System/Library/Frameworks/ApplicationServices.framework/Versions/A/Frameworks/ColorSync.framework/Versions/A/ColorSync
0x0000000009838000 	/System/Library/Frameworks/ApplicationServices.framework/Versions/A/Frameworks/HIServices.framework/Versions/A/HIServices
0x0000000009838000 	/System/Library/Frameworks/ApplicationServices.framework/Versions/A/Frameworks/LangAnalysis.framework/Versions/A/LangAnalysis
0x0000000009838000 	/System/Library/Frameworks/ApplicationServices.framework/Versions/A/Frameworks/PrintCore.framework/Versions/A/PrintCore
0x0000000009838000 	/System/Library/Frameworks/ApplicationServices.framework/Versions/A/Frameworks/QD.framework/Versions/A/QD
0x0000000009838000 	/System/Library/Frameworks/ApplicationServices.framework/Versions/A/Frameworks/SpeechSynthesis.framework/Versions/A/SpeechSynthesis
0x0000000009838000 	/System/Library/Frameworks/Accelerate.framework/Versions/A/Accelerate
0x0000000009838000 	/System/Library/Frameworks/Accelerate.framework/Versions/A/Frameworks/vImage.framework/Versions/A/vImage
0x0000000009838000 	/System/Library/Frameworks/Accelerate.framework/Versions/A/Frameworks/vecLib.framework/Versions/A/vecLib
0x0000000009838000 	/System/Library/Frameworks/Accelerate.framework/Versions/A/Frameworks/vecLib.framework/Versions/A/libvDSP.dylib
0x0000000009838000 	/System/Library/Frameworks/Accelerate.framework/Versions/A/Frameworks/vecLib.framework/Versions/A/libvMisc.dylib
0x0000000009838000 	/System/Library/Frameworks/Accelerate.framework/Versions/A/Frameworks/vecLib.framework/Versions/A/libLAPACK.dylib
0x0000000009838000 	/System/Library/Frameworks/Accelerate.framework/Versions/A/Frameworks/vecLib.framework/Versions/A/libBLAS.dylib
0x0000000009838000 	/System/Library/Frameworks/Accelerate.framework/Versions/A/Frameworks/vecLib.framework/Versions/A/libLinearAlgebra.dylib
0x0000000009838000 	/System/Library/Frameworks/ApplicationServices.framework/Versions/A/Frameworks/ATS.framework/Versions/A/Resources/libFontParser.dylib
0x0000000009838000 	/System/Library/Frameworks/ApplicationServices.framework/Versions/A/Frameworks/ATS.framework/Versions/A/Resources/libFontRegistry.dylib
0x0000000009838000 	/System/Library/PrivateFrameworks/AppleVPA.framework/Versions/A/AppleVPA
0x0000000009838000 	/System/Library/PrivateFrameworks/AppleJPEG.framework/Versions/A/AppleJPEG
0x0000000009838000 	/System/Library/Frameworks/ImageIO.framework/Versions/A/Resources/libJPEG.dylib
0x0000000009838000 	/System/Library/Frameworks/ImageIO.framework/Versions/A/Resources/libTIFF.dylib
0x0000000009838000 	/System/Library/Frameworks/ImageIO.framework/Versions/A/Resources/libPng.dylib
0x0000000009838000 	/System/Library/Frameworks/ImageIO.framework/Versions/A/Resources/libGIF.dylib
0x0000000009838000 	/System/Library/Frameworks/ImageIO.framework/Versions/A/Resources/libJP2.dylib
0x0000000009838000 	/System/Library/Frameworks/ImageIO.framework/Versions/A/Resources/libRadiance.dylib
0x0000000009838000 	/System/Library/Frameworks/CoreVideo.framework/Versions/A/CoreVideo
0x0000000009838000 	/System/Library/Frameworks/OpenGL.framework/Versions/A/Libraries/libGLU.dylib
0x0000000009838000 	/System/Library/Frameworks/OpenGL.framework/Versions/A/Libraries/libGFXShared.dylib
0x0000000009838000 	/System/Library/Frameworks/OpenGL.framework/Versions/A/Libraries/libGL.dylib
0x0000000009838000 	/System/Library/Frameworks/OpenGL.framework/Versions/A/Libraries/libGLImage.dylib
0x0000000009838000 	/System/Library/Frameworks/OpenGL.framework/Versions/A/Libraries/libCVMSPluginSupport.dylib
0x0000000009838000 	/System/Library/Frameworks/OpenGL.framework/Versions/A/Libraries/libCoreVMClient.dylib
0x0000000009838000 	/usr/lib/libcups.2.dylib
0x0000000009838000 	/System/Library/Frameworks/Kerberos.framework/Versions/A/Kerberos
0x0000000009838000 	/System/Library/Frameworks/GSS.framework/Versions/A/GSS
0x0000000009838000 	/usr/lib/libresolv.9.dylib
0x0000000009838000 	/System/Library/PrivateFrameworks/Heimdal.framework/Versions/A/Heimdal
0x0000000009838000 	/usr/lib/libheimdal-asn1.dylib
0x0000000009838000 	/System/Library/Frameworks/OpenDirectory.framework/Versions/A/OpenDirectory
0x0000000009838000 	/System/Library/PrivateFrameworks/CommonAuth.framework/Versions/A/CommonAuth
0x0000000009838000 	/System/Library/Frameworks/SecurityFoundation.framework/Versions/A/SecurityFoundation
0x0000000009838000 	/System/Library/Frameworks/QuartzCore.framework/Versions/A/Frameworks/CoreImage.framework/Versions/A/CoreImage
0x0000000009838000 	/System/Library/PrivateFrameworks/CrashReporterSupport.framework/Versions/A/CrashReporterSupport
0x0000000009838000 	/System/Library/Frameworks/OpenCL.framework/Versions/A/OpenCL
0x0000000009838000 	/System/Library/PrivateFrameworks/FaceCore.framework/Versions/A/FaceCore
0x0000000009838000 	/System/Library/PrivateFrameworks/Ubiquity.framework/Versions/A/Ubiquity
0x0000000009838000 	/System/Library/PrivateFrameworks/IconServices.framework/Versions/A/IconServices
0x0000000009838000 	/System/Library/PrivateFrameworks/ChunkingLibrary.framework/Versions/A/ChunkingLibrary
0x0000000009838000 	/System/Library/PrivateFrameworks/Apple80211.framework/Versions/A/Apple80211
0x0000000009838000 	/System/Library/Frameworks/CoreWLAN.framework/Versions/A/CoreWLAN
0x0000000009838000 	/System/Library/Frameworks/IOBluetooth.framework/Versions/A/IOBluetooth
0x0000000009838000 	/System/Library/PrivateFrameworks/CoreWiFi.framework/Versions/A/CoreWiFi
0x0000000009838000 	/System/Library/Frameworks/CoreBluetooth.framework/Versions/A/CoreBluetooth
0x0000000009838000 	/System/Library/PrivateFrameworks/DebugSymbols.framework/Versions/A/DebugSymbols
0x0000000009838000 	/System/Library/PrivateFrameworks/CoreSymbolication.framework/Versions/A/CoreSymbolication
0x0000000009838000 	/System/Library/PrivateFrameworks/Symbolication.framework/Versions/A/Symbolication
0x0000000009838000 	/System/Library/PrivateFrameworks/SpeechRecognitionCore.framework/Versions/A/SpeechRecognitionCore
0x000000010a600000 	/Library/Java/JavaVirtualMachines/jdk1.8.0.jdk/Contents/Home/jre/lib/server/libjvm.dylib
0x0000000009838000 	/usr/lib/libstdc++.6.dylib
0x0000000109582000 	/Library/Java/JavaVirtualMachines/jdk1.8.0.jdk/Contents/Home/jre/lib/libverify.dylib
0x0000000109590000 	/Library/Java/JavaVirtualMachines/jdk1.8.0.jdk/Contents/Home/jre/lib/libjava.dylib
0x00000001095ce000 	/Library/Java/JavaVirtualMachines/jdk1.8.0.jdk/Contents/Home/jre/lib/libzip.dylib
0x0000000127049000 	/System/Library/Frameworks/JavaVM.framework/Frameworks/JavaRuntimeSupport.framework/JavaRuntimeSupport
0x0000000127061000 	/System/Library/Frameworks/JavaVM.framework/Versions/A/Frameworks/JavaNativeFoundation.framework/Versions/A/JavaNativeFoundation
0x0000000127076000 	/System/Library/Frameworks/JavaVM.framework/Versions/A/JavaVM
0x0000000009838000 	/System/Library/Frameworks/Carbon.framework/Versions/A/Carbon
0x0000000127083000 	/System/Library/PrivateFrameworks/JavaLaunching.framework/Versions/A/JavaLaunching
0x0000000009838000 	/System/Library/Frameworks/Carbon.framework/Versions/A/Frameworks/CommonPanels.framework/Versions/A/CommonPanels
0x0000000009838000 	/System/Library/Frameworks/Carbon.framework/Versions/A/Frameworks/Help.framework/Versions/A/Help
0x0000000009838000 	/System/Library/Frameworks/Carbon.framework/Versions/A/Frameworks/ImageCapture.framework/Versions/A/ImageCapture
0x0000000009838000 	/System/Library/Frameworks/Carbon.framework/Versions/A/Frameworks/OpenScripting.framework/Versions/A/OpenScripting
0x0000000009838000 	/System/Library/Frameworks/Carbon.framework/Versions/A/Frameworks/Print.framework/Versions/A/Print
0x0000000009838000 	/System/Library/Frameworks/Carbon.framework/Versions/A/Frameworks/SecurityHI.framework/Versions/A/SecurityHI
0x0000000129001000 	/Library/Java/JavaVirtualMachines/jdk1.8.0.jdk/Contents/Home/jre/lib/libnet.dylib
0x0000000129511000 	/Library/Java/JavaVirtualMachines/jdk1.8.0.jdk/Contents/Home/jre/lib/libprism_es2.dylib
0x0000000009838000 	/System/Library/Frameworks/OpenGL.framework/Versions/A/Resources/GLEngine.bundle/GLEngine
0x0000000009838000 	/System/Library/Frameworks/OpenGL.framework/Versions/A/Libraries/libGLProgrammability.dylib
0x0000000000000000 	/System/Library/Extensions/AppleIntelHD5000GraphicsGLDriver.bundle/Contents/MacOS/AppleIntelHD5000GraphicsGLDriver
0x0000000009838000 	/System/Library/PrivateFrameworks/IOAccelerator.framework/Versions/A/IOAccelerator
0x0000000009838000 	/System/Library/PrivateFrameworks/GPUSupport.framework/Versions/A/Libraries/libGPUSupportMercury.dylib
0x0000000009838000 	/System/Library/Frameworks/OpenGL.framework/Versions/A/Resources/GLRendererFloat.bundle/GLRendererFloat
0x0000000009838000 	/System/Library/Frameworks/OpenCL.framework/Versions/A/Libraries/libcldcpuengine.dylib
0x0000000009838000 	/System/Library/PrivateFrameworks/DiskImages.framework/Versions/A/DiskImages
0x0000000009838000 	/System/Library/Frameworks/DiscRecording.framework/Versions/A/DiscRecording
0x0000000009838000 	/usr/lib/libcsfde.dylib
0x0000000009838000 	/usr/lib/libcurl.4.dylib
0x0000000009838000 	/System/Library/PrivateFrameworks/MediaKit.framework/Versions/A/MediaKit
0x0000000009838000 	/System/Library/PrivateFrameworks/ProtectedCloudStorage.framework/Versions/A/ProtectedCloudStorage
0x0000000009838000 	/usr/lib/libCoreStorage.dylib
0x0000000009838000 	/System/Library/PrivateFrameworks/EFILogin.framework/Versions/A/EFILogin
0x0000000009838000 	/usr/lib/libutil.dylib
0x0000000009838000 	/System/Library/PrivateFrameworks/FindMyDevice.framework/Versions/A/FindMyDevice
0x0000000009838000 	/System/Library/Frameworks/LDAP.framework/Versions/A/LDAP
0x0000000009838000 	/usr/lib/libsasl2.2.dylib
0x0000000009838000 	/System/Library/PrivateFrameworks/CoreDaemon.framework/Versions/B/CoreDaemon
0x0000000009838000 	/usr/lib/libcrypto.0.9.8.dylib
0x0000000009838000 	/System/Library/PrivateFrameworks/AppleSRP.framework/Versions/A/AppleSRP
0x0000000009838000 	/System/Library/PrivateFrameworks/TrustEvaluationAgent.framework/Versions/A/TrustEvaluationAgent
0x00000001299be000 	/Library/Java/JavaVirtualMachines/jdk1.8.0.jdk/Contents/Home/jre/lib/libglass.dylib
0x0000000009838000 	/System/Library/PrivateFrameworks/CoreServicesInternal.framework/Versions/A/CoreServicesInternal
0x0000000009838000 	/System/Library/PrivateFrameworks/CloudDocs.framework/Versions/A/CloudDocs
0x0000000009838000 	/System/Library/PrivateFrameworks/CoreDuet.framework/Versions/A/CoreDuet
0x0000000009838000 	/System/Library/Frameworks/CloudKit.framework/Versions/A/CloudKit
0x0000000009838000 	/System/Library/PrivateFrameworks/ProtocolBuffer.framework/Versions/A/ProtocolBuffer
0x0000000009838000 	/System/Library/PrivateFrameworks/CoreDuetDaemonProtocol.framework/Versions/A/CoreDuetDaemonProtocol
0x0000000009838000 	/System/Library/PrivateFrameworks/CoreDuetDebugLogging.framework/Versions/A/CoreDuetDebugLogging
0x0000000009838000 	/System/Library/Frameworks/CoreLocation.framework/Versions/A/CoreLocation
0x0000000009838000 	/System/Library/Frameworks/Accounts.framework/Versions/A/Accounts
0x0000000009838000 	/System/Library/PrivateFrameworks/ApplePushService.framework/Versions/A/ApplePushService
0x0000000009838000 	/System/Library/PrivateFrameworks/GeoServices.framework/Versions/A/GeoServices
0x0000000009838000 	/System/Library/PrivateFrameworks/OAuth.framework/Versions/A/OAuth
0x0000000009838000 	/System/Library/Frameworks/CoreGraphics.framework/Versions/A/Resources/libCGCMS.A.dylib
0x0000000009838000 	/System/Library/CoreServices/RawCamera.bundle/Contents/MacOS/RawCamera
0x0000000009838000 	/System/Library/Frameworks/CoreGraphics.framework/Versions/A/Resources/libRIP.A.dylib
0x0000000009838000 	/System/Library/PrivateFrameworks/FamilyControls.framework/Versions/A/FamilyControls
0x0000000009838000 	/System/Library/PrivateFrameworks/CommerceKit.framework/Versions/A/Frameworks/CommerceCore.framework/Versions/A/CommerceCore
0x0000000009838000 	/System/Library/PrivateFrameworks/SystemAdministration.framework/Versions/A/SystemAdministration
0x0000000009838000 	/System/Library/PrivateFrameworks/AppContainer.framework/Versions/A/AppContainer
0x0000000009838000 	/System/Library/PrivateFrameworks/SecCodeWrapper.framework/Versions/A/SecCodeWrapper
0x0000000009838000 	/System/Library/Frameworks/DirectoryService.framework/Versions/A/DirectoryService
0x0000000009838000 	/System/Library/PrivateFrameworks/LoginUIKit.framework/Versions/A/Frameworks/LoginUICore.framework/Versions/A/LoginUICore
0x0000000009838000 	/usr/lib/libodfde.dylib
0x000000012d8db000 	/Library/Java/JavaVirtualMachines/jdk1.8.0.jdk/Contents/Home/jre/lib/libjavafx_font.dylib
0x0000000009838000 	/System/Library/Frameworks/CoreGraphics.framework/Versions/A/Resources/libCGXType.A.dylib
0x000000012f600000 	/Library/Java/JavaVirtualMachines/jdk1.8.0.jdk/Contents/Home/jre/lib/libprism_common.dylib
0x0000000130033000 	cl_kernels
0x0000000130035000 	/System/Library/Frameworks/OpenCL.framework/Versions/A/Libraries/ImageFormats/unorm8_bgra.dylib
0x0000000130025000 	cl_kernels

VM Arguments:
java_command: Chat.jar -a 233.0.0.4 -p 45000 -m -c
java_class_path (initial): Chat.jar
Launcher Type: SUN_STANDARD

Environment Variables:
PATH=/opt/local/bin:/opt/local/sbin:/opt/local/bin:/opt/local/sbin:/usr/local/bin:/usr/bin:/bin:/usr/sbin:/sbin:/opt/X11/bin:/usr/local/git/bin
SHELL=/bin/bash
DISPLAY=/private/tmp/com.apple.launchd.hJYF7W1W8E/org.macosforge.xquartz:0

Signal Handlers:
SIGSEGV: [libjvm.dylib+0x55faef], sa_mask[0]=0xfffefeff, sa_flags=0x00000043
SIGBUS: [libjvm.dylib+0x55faef], sa_mask[0]=0xfffefeff, sa_flags=0x00000042
SIGFPE: [libjvm.dylib+0x44305a], sa_mask[0]=0xfffefeff, sa_flags=0x00000042
SIGPIPE: [libjvm.dylib+0x44305a], sa_mask[0]=0xfffefeff, sa_flags=0x00000042
SIGXFSZ: [libjvm.dylib+0x44305a], sa_mask[0]=0xfffefeff, sa_flags=0x00000042
SIGILL: [libjvm.dylib+0x44305a], sa_mask[0]=0xfffefeff, sa_flags=0x00000042
SIGUSR1: SIG_DFL, sa_mask[0]=0x63807efb, sa_flags=0x00000000
SIGUSR2: [libjvm.dylib+0x442b78], sa_mask[0]=0x00000000, sa_flags=0x00000042
SIGHUP: [libjvm.dylib+0x440f05], sa_mask[0]=0xfffefeff, sa_flags=0x00000042
SIGINT: [libjvm.dylib+0x440f05], sa_mask[0]=0xfffefeff, sa_flags=0x00000042
SIGTERM: [libjvm.dylib+0x440f05], sa_mask[0]=0xfffefeff, sa_flags=0x00000042
SIGQUIT: [libjvm.dylib+0x440f05], sa_mask[0]=0xfffefeff, sa_flags=0x00000042


---------------  S Y S T E M  ---------------

OS:Bsduname:Darwin 14.0.0 Darwin Kernel Version 14.0.0: Fri Sep 19 00:26:44 PDT 2014; root:xnu-2782.1.97~2/RELEASE_X86_64 x86_64
rlimit: STACK 8192k, CORE 0k, NPROC 709, NOFILE 10240, AS infinity
load average:1,62 1,75 1,80

CPU:total 8 (4 cores per cpu, 2 threads per core) family 6 model 70 stepping 1, cmov, cx8, fxsr, mmx, sse, sse2, sse3, ssse3, sse4.1, sse4.2, popcnt, avx, avx2, aes, clmul, erms, ht, tsc, tscinvbit

Memory: 4k page, physical 16777216k(1632292k free)

/proc/meminfo:


vm_info: Java HotSpot(TM) 64-Bit Server VM (25.0-b70) for bsd-amd64 JRE (1.8.0-b132), built on Mar  4 2014 03:11:43 by "java_re" with gcc 4.2.1 (Based on Apple Inc. build 5658) (LLVM build 2336.11.00)

time: Mon Mar 30 14:55:28 2015
elapsed time: 52 seconds

