#
# A fatal error has been detected by the Java Runtime Environment:
#
#  SIGSEGV (0xb) at pc=0x000000012dd28145, pid=4170, tid=8207
#
# JRE version: Java(TM) SE Runtime Environment (8.0-b132) (build 1.8.0-b132)
# Java VM: Java HotSpot(TM) 64-Bit Server VM (25.0-b70 mixed mode bsd-amd64 compressed oops)
# Problematic frame:
# C  [libglass.dylib+0x1b145]  GlassScreenDidChangeScreenParameters+0x25
#
# Failed to write core dump. Core dumps have been disabled. To enable core dumping, try "ulimit -c unlimited" before starting Java again
#
# If you would like to submit a bug report, please visit:
#   http://bugreport.sun.com/bugreport/crash.jsp
#

---------------  T H R E A D  ---------------

Current thread is native thread

siginfo:si_signo=SIGSEGV: si_errno=0, si_code=1 (SEGV_MAPERR), si_addr=0x0000000000000000

Registers:
RAX=0x000000012dd5a910, RBX=0x0000000000000000, RCX=0x8f005ae6543331e7, RDX=0x00007fff7a55a1f8
RSP=0x00007fff52370130, RBP=0x00007fff52370140, RSI=0x00007fb9abf34348, RDI=0x0000000000000000
R8 =0x00007fff5236ffe0, R9 =0x00007fff7bb72300, R10=0x0000000000000000, R11=0x0000000000000246
R12=0x00007fb9abf0b950, R13=0x00000000000f4268, R14=0x00007fb9abe44a10, R15=0x00007fff52370280
RIP=0x000000012dd28145, EFLAGS=0x0000000000010246, ERR=0x0000000000000004
  TRAPNO=0x000000000000000e

Top of Stack: (sp=0x00007fff52370130)
0x00007fff52370130:   00007fff52370140 00007fff52370310
0x00007fff52370140:   00007fff52370150 00007fff96821cbc
0x00007fff52370150:   00007fff523704b0 00007fff967131b4
0x00007fff52370160:   00007fb9abc60900 0000000000001400
0x00007fff52370170:   0000000000000000 00007fff79e568c8
0x00007fff52370180:   00007fff79e568c8 0000000000000288
0x00007fff52370190:   00007fff52370230 00007fb9abe44a10
0x00007fff523701a0:   0000000000000000 00007fff52370280
0x00007fff523701b0:   0000000000000000 00007fb9abe449d0
0x00007fff523701c0:   00007fff52370300 000000000000001b
0x00007fff523701d0:   00000000000f4290 00007fb9abf68240
0x00007fff523701e0:   00007fb9abd3fd90 00007fb9abf0b950
0x00007fff523701f0:   0000000000000001 00000000000f4268
0x00007fff52370200:   00007fb9abf0b940 00007fff7a41d348
0x00007fff52370210:   00007fff8dc0d1e6 00007fff7a41d348
0x00007fff52370220:   00007fff79e568c8 00007fff928ee8a8
0x00007fff52370230:   00007fff52370280 00007fff8bd76aea
0x00007fff52370240:   00007fb9abc61ed0 00007fff7a41d348
0x00007fff52370250:   0000000000000000 0000000000000002
0x00007fff52370260:   00003b0300000000 00007fb9abf0b974
0x00007fff52370270:   0000000000000000 00007fff7a924840
0x00007fff52370280:   00007fb9abe44a10 00007fff8bd621ac
0x00007fff52370290:   00000000ff000000 0000000000000010
0x00007fff523702a0:   00007fff523703a0 00007fff52370360
0x00007fff523702b0:   000000010d8aaa00 0000000000000002
0x00007fff523702c0:   000000010d8a7000 00007fb9abf31af2
0x00007fff523702d0:   0000000000000003 000000010d8abe00
0x00007fff523702e0:   00007fff523703d0 00007fff953792a2
0x00007fff523702f0:   4095380000000000 4050000000000000
0x00007fff52370300:   0000000000000017 0000000000000000
0x00007fff52370310:   00000000000f4268 00007fb9abd3fd90
0x00007fff52370320:   0000000000000000 0000000000000000 

Instructions: (pc=0x000000012dd28145)
0x000000012dd28125:   48 83 ec 08 48 8d 05 d8 28 03 00 48 8b 00 48 85
0x000000012dd28135:   c0 48 89 fb 75 2e 48 8d 05 ce 27 03 00 48 8b 30
0x000000012dd28145:   48 8b 03 48 8d 15 88 90 01 00 48 8d 0d da 50 01
0x000000012dd28155:   00 48 89 df ff 90 88 03 00 00 48 8d 0d a2 28 03 

Register to memory mapping:

RAX=0x000000012dd5a910: jScreenClass+0 in /Library/Java/JavaVirtualMachines/jdk1.8.0.jdk/Contents/Home/jre/lib/libglass.dylib at 0x000000012dd0d000
RBX=0x0000000000000000 is an unknown value
RCX=0x8f005ae6543331e7 is an unknown value
RDX=0x00007fff7a55a1f8: __sFX+0x1c8 in /usr/lib/system/libsystem_c.dylib at 0x00007fff8e8de000
RSP=0x00007fff52370130 is an unknown value
RBP=0x00007fff52370140 is an unknown value
RSI=0x00007fb9abf34348 is a global jni handle
RDI=0x0000000000000000 is an unknown value
R8 =0x00007fff5236ffe0 is an unknown value
R9 =0x00007fff7bb72300: _thread+0 in /usr/lib/system/libsystem_pthread.dylib at 0x00007fff97de7000
R10=0x0000000000000000 is an unknown value
R11=0x0000000000000246 is an unknown value
R12=0x00007fb9abf0b950 is an unknown value
R13=0x00000000000f4268 is an unknown value
R14=0x00007fb9abe44a10 is an unknown value
R15=0x00007fff52370280 is an unknown value


Stack: [0x00007fff51b73000,0x00007fff52373000],  sp=0x00007fff52370130,  free space=8180k
Native frames: (J=compiled Java code, j=interpreted, Vv=VM code, C=native code)
C  [libglass.dylib+0x1b145]  GlassScreenDidChangeScreenParameters+0x25
C  [CoreFoundation+0x11ecbc]  __CFNOTIFICATIONCENTER_IS_CALLING_OUT_TO_AN_OBSERVER__+0xc
C  [CoreFoundation+0x101b4]  _CFXNotificationPost+0xc44
C  [Foundation+0x2ea1]  -[NSNotificationCenter postNotificationName:object:userInfo:]+0x42
C  [AppKit+0x362dee]  -[NSApplication _reactToScreenInvalidationImmediately:]+0x17b
C  [AppKit+0x362c2d]  __44-[NSApplication _reactToScreenInvalidation:]_block_invoke+0x4b
C  [CoreFoundation+0x8054c]  __CFRUNLOOP_IS_CALLING_OUT_TO_A_BLOCK__+0xc
C  [CoreFoundation+0x72655]  __CFRunLoopDoBlocks+0x155
C  [CoreFoundation+0x72196]  __CFRunLoopRun+0x716
C  [CoreFoundation+0x71838]  CFRunLoopRunSpecific+0x128
C  [java+0x56db]  CreateExecutionEnvironment+0x367
C  [java+0x167c]  JLI_Launch+0x7a0
C  [java+0x7699]  main+0x65
C  [java+0xed4]  start+0x34


---------------  P R O C E S S  ---------------

VM state:at safepoint (normal execution)

VM Mutex/Monitor currently owned by a thread:  ([mutex/lock_event])
[0x00007fb9abc1fd60] Threads_lock - owner thread: 0x00007fb9ad04d800
[0x00007fb9abc20260] Heap_lock - owner thread: 0x00007fb9ae0de000

Heap:
 PSYoungGen      total 8192K, used 3168K [0x000000076ab00000, 0x000000076b600000, 0x00000007c0000000)
  eden space 6656K, 24% used [0x000000076ab00000,0x000000076ac9c030,0x000000076b180000)
  from space 1536K, 98% used [0x000000076b380000,0x000000076b4fc030,0x000000076b500000)
  to   space 2048K, 0% used [0x000000076b180000,0x000000076b180000,0x000000076b380000)
 ParOldGen       total 260608K, used 1666K [0x00000006c0000000, 0x00000006cfe80000, 0x000000076ab00000)
  object space 260608K, 0% used [0x00000006c0000000,0x00000006c01a0988,0x00000006cfe80000)
 Metaspace       used 9726K, capacity 9946K, committed 10112K, reserved 1058816K
  class space    used 1272K, capacity 1337K, committed 1408K, reserved 1048576K

Card table byte_map: [0x000000011edb6000,0x000000011f5b7000] byte_map_base: 0x000000011b7b6000

Marking Bits: (ParMarkBitMap*) 0x000000010f2660a0
 Begin Bits: [0x0000000120325000, 0x0000000124325000)
 End Bits:   [0x0000000124325000, 0x0000000128325000)

Polling page: 0x000000010d9e2000

CodeCache: size=245760Kb used=2517Kb max_used=2525Kb free=243242Kb
 bounds [0x000000010f9f6000, 0x000000010fc76000, 0x000000011e9f6000]
 total_blobs=996 nmethods=584 adapters=328
 compilation: enabled

Compilation events (10 events):
Event: 2,283 Thread 0x00007fb9ae00b800 nmethod 578 0x000000010fc69550 code [0x000000010fc696c0, 0x000000010fc69a08]
Event: 2,283 Thread 0x00007fb9ae00b800  580       3       java.lang.NoSuchMethodException::<init> (6 bytes)
Event: 2,283 Thread 0x00007fb9ae00b800 nmethod 580 0x000000010fc6abd0 code [0x000000010fc6ad40, 0x000000010fc6af68]
Event: 2,283 Thread 0x00007fb9ae00b800  581       3       java.lang.ReflectiveOperationException::<init> (6 bytes)
Event: 2,283 Thread 0x00007fb9ae00b800 nmethod 581 0x000000010fc69150 code [0x000000010fc692c0, 0x000000010fc69488]
Event: 2,284 Thread 0x00007fb9ac803000  582       4       java.util.HashMap::get (23 bytes)
Event: 2,288 Thread 0x00007fb9ac803000 nmethod 582 0x000000010fc6de10 code [0x000000010fc6df80, 0x000000010fc6e238]
Event: 2,358 Thread 0x00007fb9ae00b800  583       3       java.nio.Buffer::position (43 bytes)
Event: 2,358 Thread 0x00007fb9ae00b800 nmethod 583 0x000000010fc68a50 code [0x000000010fc68bc0, 0x000000010fc68e68]
Event: 2,358 Thread 0x00007fb9ae00b800  584       3       java.nio.ByteBuffer::arrayOffset (35 bytes)

GC Heap History (10 events):
Event: 1,956 GC heap before
{Heap before GC invocations=4 (full 0):
 PSYoungGen      total 1536K, used 1519K [0x000000076ab00000, 0x000000076ae00000, 0x00000007c0000000)
  eden space 1024K, 100% used [0x000000076ab00000,0x000000076ac00000,0x000000076ac00000)
  from space 512K, 96% used [0x000000076ac00000,0x000000076ac7bc20,0x000000076ac80000)
  to   space 512K, 0% used [0x000000076ad80000,0x000000076ad80000,0x000000076ae00000)
 ParOldGen       total 260608K, used 490K [0x00000006c0000000, 0x00000006cfe80000, 0x000000076ab00000)
  object space 260608K, 0% used [0x00000006c0000000,0x00000006c007a928,0x00000006cfe80000)
 Metaspace       used 4440K, capacity 5294K, committed 5504K, reserved 1056768K
  class space    used 489K, capacity 534K, committed 640K, reserved 1048576K
Event: 1,956 GC heap after
Heap after GC invocations=4 (full 0):
 PSYoungGen      total 2560K, used 496K [0x000000076ab00000, 0x000000076ae00000, 0x00000007c0000000)
  eden space 2048K, 0% used [0x000000076ab00000,0x000000076ab00000,0x000000076ad00000)
  from space 512K, 96% used [0x000000076ad80000,0x000000076adfc010,0x000000076ae00000)
  to   space 512K, 0% used [0x000000076ad00000,0x000000076ad00000,0x000000076ad80000)
 ParOldGen       total 260608K, used 546K [0x00000006c0000000, 0x00000006cfe80000, 0x000000076ab00000)
  object space 260608K, 0% used [0x00000006c0000000,0x00000006c0088928,0x00000006cfe80000)
 Metaspace       used 4440K, capacity 5294K, committed 5504K, reserved 1056768K
  class space    used 489K, capacity 534K, committed 640K, reserved 1048576K
}
Event: 2,095 GC heap before
{Heap before GC invocations=5 (full 0):
 PSYoungGen      total 2560K, used 2535K [0x000000076ab00000, 0x000000076ae00000, 0x00000007c0000000)
  eden space 2048K, 99% used [0x000000076ab00000,0x000000076acfdfc8,0x000000076ad00000)
  from space 512K, 96% used [0x000000076ad80000,0x000000076adfc010,0x000000076ae00000)
  to   space 512K, 0% used [0x000000076ad00000,0x000000076ad00000,0x000000076ad80000)
 ParOldGen       total 260608K, used 546K [0x00000006c0000000, 0x00000006cfe80000, 0x000000076ab00000)
  object space 260608K, 0% used [0x00000006c0000000,0x00000006c0088928,0x00000006cfe80000)
 Metaspace       used 5645K, capacity 6254K, committed 6400K, reserved 1056768K
  class space    used 618K, capacity 662K, committed 768K, reserved 1048576K
Event: 2,096 GC heap after
Heap after GC invocations=5 (full 0):
 PSYoungGen      total 2560K, used 480K [0x000000076ab00000, 0x000000076b100000, 0x00000007c0000000)
  eden space 2048K, 0% used [0x000000076ab00000,0x000000076ab00000,0x000000076ad00000)
  from space 512K, 93% used [0x000000076ad00000,0x000000076ad78020,0x000000076ad80000)
  to   space 1024K, 0% used [0x000000076b000000,0x000000076b000000,0x000000076b100000)
 ParOldGen       total 260608K, used 642K [0x00000006c0000000, 0x00000006cfe80000, 0x000000076ab00000)
  object space 260608K, 0% used [0x00000006c0000000,0x00000006c00a0928,0x00000006cfe80000)
 Metaspace       used 5645K, capacity 6254K, committed 6400K, reserved 1056768K
  class space    used 618K, capacity 662K, committed 768K, reserved 1048576K
}
Event: 2,146 GC heap before
{Heap before GC invocations=6 (full 0):
 PSYoungGen      total 2560K, used 2528K [0x000000076ab00000, 0x000000076b100000, 0x00000007c0000000)
  eden space 2048K, 100% used [0x000000076ab00000,0x000000076ad00000,0x000000076ad00000)
  from space 512K, 93% used [0x000000076ad00000,0x000000076ad78020,0x000000076ad80000)
  to   space 1024K, 0% used [0x000000076b000000,0x000000076b000000,0x000000076b100000)
 ParOldGen       total 260608K, used 642K [0x00000006c0000000, 0x00000006cfe80000, 0x000000076ab00000)
  object space 260608K, 0% used [0x00000006c0000000,0x00000006c00a0928,0x00000006cfe80000)
 Metaspace       used 6343K, capacity 6830K, committed 7040K, reserved 1056768K
  class space    used 761K, capacity 790K, committed 896K, reserved 1048576K
Event: 2,147 GC heap after
Heap after GC invocations=6 (full 0):
 PSYoungGen      total 4608K, used 1008K [0x000000076ab00000, 0x000000076b200000, 0x00000007c0000000)
  eden space 3584K, 0% used [0x000000076ab00000,0x000000076ab00000,0x000000076ae80000)
  from space 1024K, 98% used [0x000000076b000000,0x000000076b0fc030,0x000000076b100000)
  to   space 1536K, 0% used [0x000000076ae80000,0x000000076ae80000,0x000000076b000000)
 ParOldGen       total 260608K, used 730K [0x00000006c0000000, 0x00000006cfe80000, 0x000000076ab00000)
  object space 260608K, 0% used [0x00000006c0000000,0x00000006c00b6928,0x00000006cfe80000)
 Metaspace       used 6343K, capacity 6830K, committed 7040K, reserved 1056768K
  class space    used 761K, capacity 790K, committed 896K, reserved 1048576K
}
Event: 2,205 GC heap before
{Heap before GC invocations=7 (full 0):
 PSYoungGen      total 4608K, used 4592K [0x000000076ab00000, 0x000000076b200000, 0x00000007c0000000)
  eden space 3584K, 100% used [0x000000076ab00000,0x000000076ae80000,0x000000076ae80000)
  from space 1024K, 98% used [0x000000076b000000,0x000000076b0fc030,0x000000076b100000)
  to   space 1536K, 0% used [0x000000076ae80000,0x000000076ae80000,0x000000076b000000)
 ParOldGen       total 260608K, used 730K [0x00000006c0000000, 0x00000006cfe80000, 0x000000076ab00000)
  object space 260608K, 0% used [0x00000006c0000000,0x00000006c00b6928,0x00000006cfe80000)
 Metaspace       used 8227K, capacity 8372K, committed 8576K, reserved 1056768K
  class space    used 1015K, capacity 1048K, committed 1152K, reserved 1048576K
Event: 2,206 GC heap after
Heap after GC invocations=7 (full 0):
 PSYoungGen      total 5120K, used 1456K [0x000000076ab00000, 0x000000076b500000, 0x00000007c0000000)
  eden space 3584K, 0% used [0x000000076ab00000,0x000000076ab00000,0x000000076ae80000)
  from space 1536K, 94% used [0x000000076ae80000,0x000000076afec040,0x000000076b000000)
  to   space 1536K, 0% used [0x000000076b380000,0x000000076b380000,0x000000076b500000)
 ParOldGen       total 260608K, used 954K [0x00000006c0000000, 0x00000006cfe80000, 0x000000076ab00000)
  object space 260608K, 0% used [0x00000006c0000000,0x00000006c00ee978,0x00000006cfe80000)
 Metaspace       used 8227K, capacity 8372K, committed 8576K, reserved 1056768K
  class space    used 1015K, capacity 1048K, committed 1152K, reserved 1048576K
}
Event: 2,266 GC heap before
{Heap before GC invocations=8 (full 0):
 PSYoungGen      total 5120K, used 5040K [0x000000076ab00000, 0x000000076b500000, 0x00000007c0000000)
  eden space 3584K, 100% used [0x000000076ab00000,0x000000076ae80000,0x000000076ae80000)
  from space 1536K, 94% used [0x000000076ae80000,0x000000076afec040,0x000000076b000000)
  to   space 1536K, 0% used [0x000000076b380000,0x000000076b380000,0x000000076b500000)
 ParOldGen       total 260608K, used 954K [0x00000006c0000000, 0x00000006cfe80000, 0x000000076ab00000)
  object space 260608K, 0% used [0x00000006c0000000,0x00000006c00ee978,0x00000006cfe80000)
 Metaspace       used 9425K, capacity 9594K, committed 9728K, reserved 1058816K
  class space    used 1209K, capacity 1241K, committed 1280K, reserved 1048576K
Event: 2,268 GC heap after
Heap after GC invocations=8 (full 0):
 PSYoungGen      total 8192K, used 1520K [0x000000076ab00000, 0x000000076b600000, 0x00000007c0000000)
  eden space 6656K, 0% used [0x000000076ab00000,0x000000076ab00000,0x000000076b180000)
  from space 1536K, 98% used [0x000000076b380000,0x000000076b4fc030,0x000000076b500000)
  to   space 2048K, 0% used [0x000000076b180000,0x000000076b180000,0x000000076b380000)
 ParOldGen       total 260608K, used 1666K [0x00000006c0000000, 0x00000006cfe80000, 0x000000076ab00000)
  object space 260608K, 0% used [0x00000006c0000000,0x00000006c01a0988,0x00000006cfe80000)
 Metaspace       used 9425K, capacity 9594K, committed 9728K, reserved 1058816K
  class space    used 1209K, capacity 1241K, committed 1280K, reserved 1048576K
}

Deoptimization events (2 events):
Event: 2,223 Thread 0x00007fb9ad10a000 Uncommon trap: reason=unreached action=reinterpret pc=0x000000010fc15314 method=java.util.HashMap.getNode(ILjava/lang/Object;)Ljava/util/HashMap$Node; @ 84
Event: 2,224 Thread 0x00007fb9ad10a000 Uncommon trap: reason=unreached action=reinterpret pc=0x000000010fc10414 method=java.util.HashMap.getNode(ILjava/lang/Object;)Ljava/util/HashMap$Node; @ 84

Internal exceptions (10 events):
Event: 2,268 Thread 0x00007fb9ad10a000 Exception <a 'java/security/PrivilegedActionException'> (0x000000076ab01c78) thrown at [/HUDSON/workspace/8-2-build-macosx-x86_64/jdk8/2238/hotspot/src/share/vm/prims/jvm.cpp, line 1248]
Event: 2,268 Thread 0x00007fb9ad10a000 Exception <a 'java/security/PrivilegedActionException'> (0x000000076ab20468) thrown at [/HUDSON/workspace/8-2-build-macosx-x86_64/jdk8/2238/hotspot/src/share/vm/prims/jvm.cpp, line 1248]
Event: 2,268 Thread 0x00007fb9ad10a000 Exception <a 'java/security/PrivilegedActionException'> (0x000000076ab20a50) thrown at [/HUDSON/workspace/8-2-build-macosx-x86_64/jdk8/2238/hotspot/src/share/vm/prims/jvm.cpp, line 1248]
Event: 2,276 Thread 0x00007fb9ad10a000 Exception <a 'java/security/PrivilegedActionException'> (0x000000076ab8fb08) thrown at [/HUDSON/workspace/8-2-build-macosx-x86_64/jdk8/2238/hotspot/src/share/vm/prims/jvm.cpp, line 1248]
Event: 2,276 Thread 0x00007fb9ad10a000 Exception <a 'java/security/PrivilegedActionException'> (0x000000076ab900f0) thrown at [/HUDSON/workspace/8-2-build-macosx-x86_64/jdk8/2238/hotspot/src/share/vm/prims/jvm.cpp, line 1248]
Event: 2,276 Thread 0x00007fb9ad10a000 Exception <a 'java/security/PrivilegedActionException'> (0x000000076ab91388) thrown at [/HUDSON/workspace/8-2-build-macosx-x86_64/jdk8/2238/hotspot/src/share/vm/prims/jvm.cpp, line 1248]
Event: 2,276 Thread 0x00007fb9ad10a000 Exception <a 'java/security/PrivilegedActionException'> (0x000000076ab91970) thrown at [/HUDSON/workspace/8-2-build-macosx-x86_64/jdk8/2238/hotspot/src/share/vm/prims/jvm.cpp, line 1248]
Event: 2,276 Thread 0x00007fb9ad10a000 Exception <a 'java/security/PrivilegedActionException'> (0x000000076abb0220) thrown at [/HUDSON/workspace/8-2-build-macosx-x86_64/jdk8/2238/hotspot/src/share/vm/prims/jvm.cpp, line 1248]
Event: 2,276 Thread 0x00007fb9ad10a000 Exception <a 'java/security/PrivilegedActionException'> (0x000000076abb0820) thrown at [/HUDSON/workspace/8-2-build-macosx-x86_64/jdk8/2238/hotspot/src/share/vm/prims/jvm.cpp, line 1248]
Event: 2,284 Thread 0x00007fb9ad10a000 Exception <a 'java/lang/NullPointerException'> (0x000000076ac4f700) thrown at [/HUDSON/workspace/8-2-build-macosx-x86_64/jdk8/2238/hotspot/src/share/vm/interpreter/linkResolver.cpp, line 1169]

Events (10 events):
Event: 2,357 loading class java/lang/Throwable$WrappedPrintStream done
Event: 2,357 loading class java/util/IdentityHashMap$KeySet
Event: 2,357 loading class java/util/IdentityHashMap$KeySet done
Event: 2,358 Thread 0x00007fb9ac010800 Thread exited: 0x00007fb9ac010800
Event: 2,358 Thread 0x00007fb9ae0de000 Thread added: 0x00007fb9ae0de000
Event: 2,358 loading class java/lang/Shutdown
Event: 2,358 loading class java/lang/Shutdown done
Event: 2,358 loading class java/lang/Shutdown$Lock
Event: 2,358 loading class java/lang/Shutdown$Lock done
Event: 2,358 Thread 0x00007fb9ae0de000 Thread exited: 0x00007fb9ae0de000


Dynamic libraries:
0x0000000009838000 	/System/Library/Frameworks/Cocoa.framework/Versions/A/Cocoa
0x0000000009838000 	/System/Library/Frameworks/Security.framework/Versions/A/Security
0x0000000009838000 	/System/Library/Frameworks/ApplicationServices.framework/Versions/A/ApplicationServices
0x0000000009838000 	/usr/lib/libz.1.dylib
0x0000000009838000 	/usr/lib/libSystem.B.dylib
0x0000000009838000 	/usr/lib/libobjc.A.dylib
0x0000000009838000 	/System/Library/Frameworks/CoreFoundation.framework/Versions/A/CoreFoundation
0x0000000009838000 	/System/Library/Frameworks/Foundation.framework/Versions/C/Foundation
0x0000000009838000 	/System/Library/Frameworks/AppKit.framework/Versions/C/AppKit
0x0000000009838000 	/System/Library/Frameworks/CoreData.framework/Versions/A/CoreData
0x0000000009838000 	/System/Library/PrivateFrameworks/RemoteViewServices.framework/Versions/A/RemoteViewServices
0x0000000009838000 	/System/Library/PrivateFrameworks/UIFoundation.framework/Versions/A/UIFoundation
0x0000000009838000 	/System/Library/Frameworks/IOSurface.framework/Versions/A/IOSurface
0x0000000009838000 	/System/Library/Frameworks/AudioToolbox.framework/Versions/A/AudioToolbox
0x0000000009838000 	/System/Library/Frameworks/AudioUnit.framework/Versions/A/AudioUnit
0x0000000009838000 	/System/Library/PrivateFrameworks/DataDetectorsCore.framework/Versions/A/DataDetectorsCore
0x0000000009838000 	/System/Library/PrivateFrameworks/DesktopServicesPriv.framework/Versions/A/DesktopServicesPriv
0x0000000009838000 	/System/Library/Frameworks/Carbon.framework/Versions/A/Frameworks/HIToolbox.framework/Versions/A/HIToolbox
0x0000000009838000 	/System/Library/Frameworks/QuartzCore.framework/Versions/A/QuartzCore
0x0000000009838000 	/System/Library/Frameworks/Carbon.framework/Versions/A/Frameworks/SpeechRecognition.framework/Versions/A/SpeechRecognition
0x0000000009838000 	/usr/lib/libauto.dylib
0x0000000009838000 	/usr/lib/libicucore.A.dylib
0x0000000009838000 	/usr/lib/libxml2.2.dylib
0x0000000009838000 	/System/Library/PrivateFrameworks/CoreUI.framework/Versions/A/CoreUI
0x0000000009838000 	/System/Library/Frameworks/CoreAudio.framework/Versions/A/CoreAudio
0x0000000009838000 	/System/Library/Frameworks/DiskArbitration.framework/Versions/A/DiskArbitration
0x0000000009838000 	/usr/lib/liblangid.dylib
0x0000000009838000 	/System/Library/PrivateFrameworks/MultitouchSupport.framework/Versions/A/MultitouchSupport
0x0000000009838000 	/System/Library/Frameworks/IOKit.framework/Versions/A/IOKit
0x0000000009838000 	/usr/lib/libDiagnosticMessagesClient.dylib
0x0000000009838000 	/System/Library/Frameworks/CoreServices.framework/Versions/A/CoreServices
0x0000000009838000 	/System/Library/PrivateFrameworks/PerformanceAnalysis.framework/Versions/A/PerformanceAnalysis
0x0000000009838000 	/System/Library/PrivateFrameworks/GenerationalStorage.framework/Versions/A/GenerationalStorage
0x0000000009838000 	/System/Library/Frameworks/OpenGL.framework/Versions/A/OpenGL
0x0000000009838000 	/System/Library/PrivateFrameworks/Sharing.framework/Versions/A/Sharing
0x0000000009838000 	/System/Library/Frameworks/CoreGraphics.framework/Versions/A/CoreGraphics
0x0000000009838000 	/System/Library/Frameworks/CoreText.framework/Versions/A/CoreText
0x0000000009838000 	/System/Library/Frameworks/ImageIO.framework/Versions/A/ImageIO
0x0000000009838000 	/usr/lib/libextension.dylib
0x0000000009838000 	/System/Library/PrivateFrameworks/Backup.framework/Versions/A/Backup
0x0000000009838000 	/usr/lib/libarchive.2.dylib
0x0000000009838000 	/System/Library/Frameworks/CFNetwork.framework/Versions/A/CFNetwork
0x0000000009838000 	/System/Library/Frameworks/SystemConfiguration.framework/Versions/A/SystemConfiguration
0x0000000009838000 	/usr/lib/libCRFSuite.dylib
0x0000000009838000 	/usr/lib/libc++.1.dylib
0x0000000009838000 	/usr/lib/libc++abi.dylib
0x0000000009838000 	/usr/lib/system/libcache.dylib
0x0000000009838000 	/usr/lib/system/libcommonCrypto.dylib
0x0000000009838000 	/usr/lib/system/libcompiler_rt.dylib
0x0000000009838000 	/usr/lib/system/libcopyfile.dylib
0x0000000009838000 	/usr/lib/system/libcorecrypto.dylib
0x0000000009838000 	/usr/lib/system/libdispatch.dylib
0x0000000009838000 	/usr/lib/system/libdyld.dylib
0x0000000009838000 	/usr/lib/system/libkeymgr.dylib
0x0000000009838000 	/usr/lib/system/liblaunch.dylib
0x0000000009838000 	/usr/lib/system/libmacho.dylib
0x0000000009838000 	/usr/lib/system/libquarantine.dylib
0x0000000009838000 	/usr/lib/system/libremovefile.dylib
0x0000000009838000 	/usr/lib/system/libsystem_asl.dylib
0x0000000009838000 	/usr/lib/system/libsystem_blocks.dylib
0x0000000009838000 	/usr/lib/system/libsystem_c.dylib
0x0000000009838000 	/usr/lib/system/libsystem_configuration.dylib
0x0000000009838000 	/usr/lib/system/libsystem_coreservices.dylib
0x0000000009838000 	/usr/lib/system/libsystem_coretls.dylib
0x0000000009838000 	/usr/lib/system/libsystem_dnssd.dylib
0x0000000009838000 	/usr/lib/system/libsystem_info.dylib
0x0000000009838000 	/usr/lib/system/libsystem_kernel.dylib
0x0000000009838000 	/usr/lib/system/libsystem_m.dylib
0x0000000009838000 	/usr/lib/system/libsystem_malloc.dylib
0x0000000009838000 	/usr/lib/system/libsystem_network.dylib
0x0000000009838000 	/usr/lib/system/libsystem_networkextension.dylib
0x0000000009838000 	/usr/lib/system/libsystem_notify.dylib
0x0000000009838000 	/usr/lib/system/libsystem_platform.dylib
0x0000000009838000 	/usr/lib/system/libsystem_pthread.dylib
0x0000000009838000 	/usr/lib/system/libsystem_sandbox.dylib
0x0000000009838000 	/usr/lib/system/libsystem_secinit.dylib
0x0000000009838000 	/usr/lib/system/libsystem_stats.dylib
0x0000000009838000 	/usr/lib/system/libsystem_trace.dylib
0x0000000009838000 	/usr/lib/system/libunc.dylib
0x0000000009838000 	/usr/lib/system/libunwind.dylib
0x0000000009838000 	/usr/lib/system/libxpc.dylib
0x0000000009838000 	/usr/lib/libbz2.1.0.dylib
0x0000000009838000 	/usr/lib/liblzma.5.dylib
0x0000000009838000 	/usr/lib/libbsm.0.dylib
0x0000000009838000 	/usr/lib/libsqlite3.dylib
0x0000000009838000 	/usr/lib/system/libkxld.dylib
0x0000000009838000 	/usr/lib/libxar.1.dylib
0x0000000009838000 	/usr/lib/libpam.2.dylib
0x0000000009838000 	/usr/lib/libOpenScriptingUtil.dylib
0x0000000009838000 	/System/Library/Frameworks/CoreServices.framework/Versions/A/Frameworks/FSEvents.framework/Versions/A/FSEvents
0x0000000009838000 	/System/Library/Frameworks/CoreServices.framework/Versions/A/Frameworks/CarbonCore.framework/Versions/A/CarbonCore
0x0000000009838000 	/System/Library/Frameworks/CoreServices.framework/Versions/A/Frameworks/Metadata.framework/Versions/A/Metadata
0x0000000009838000 	/System/Library/Frameworks/CoreServices.framework/Versions/A/Frameworks/OSServices.framework/Versions/A/OSServices
0x0000000009838000 	/System/Library/Frameworks/CoreServices.framework/Versions/A/Frameworks/SearchKit.framework/Versions/A/SearchKit
0x0000000009838000 	/System/Library/Frameworks/CoreServices.framework/Versions/A/Frameworks/AE.framework/Versions/A/AE
0x0000000009838000 	/System/Library/Frameworks/CoreServices.framework/Versions/A/Frameworks/LaunchServices.framework/Versions/A/LaunchServices
0x0000000009838000 	/System/Library/Frameworks/CoreServices.framework/Versions/A/Frameworks/DictionaryServices.framework/Versions/A/DictionaryServices
0x0000000009838000 	/System/Library/Frameworks/NetFS.framework/Versions/A/NetFS
0x0000000009838000 	/System/Library/PrivateFrameworks/NetAuth.framework/Versions/A/NetAuth
0x0000000009838000 	/System/Library/PrivateFrameworks/login.framework/Versions/A/Frameworks/loginsupport.framework/Versions/A/loginsupport
0x0000000009838000 	/System/Library/PrivateFrameworks/TCC.framework/Versions/A/TCC
0x0000000009838000 	/usr/lib/libmecabra.dylib
0x0000000009838000 	/System/Library/PrivateFrameworks/LanguageModeling.framework/Versions/A/LanguageModeling
0x0000000009838000 	/usr/lib/libcmph.dylib
0x0000000009838000 	/usr/lib/libiconv.2.dylib
0x0000000009838000 	/System/Library/Frameworks/OpenDirectory.framework/Versions/A/Frameworks/CFOpenDirectory.framework/Versions/A/CFOpenDirectory
0x0000000009838000 	/System/Library/Frameworks/ServiceManagement.framework/Versions/A/ServiceManagement
0x0000000009838000 	/usr/lib/libxslt.1.dylib
0x0000000009838000 	/System/Library/Frameworks/Carbon.framework/Versions/A/Frameworks/Ink.framework/Versions/A/Ink
0x0000000009838000 	/System/Library/Frameworks/ApplicationServices.framework/Versions/A/Frameworks/ATS.framework/Versions/A/ATS
0x0000000009838000 	/System/Library/Frameworks/ApplicationServices.framework/Versions/A/Frameworks/ColorSync.framework/Versions/A/ColorSync
0x0000000009838000 	/System/Library/Frameworks/ApplicationServices.framework/Versions/A/Frameworks/HIServices.framework/Versions/A/HIServices
0x0000000009838000 	/System/Library/Frameworks/ApplicationServices.framework/Versions/A/Frameworks/LangAnalysis.framework/Versions/A/LangAnalysis
0x0000000009838000 	/System/Library/Frameworks/ApplicationServices.framework/Versions/A/Frameworks/PrintCore.framework/Versions/A/PrintCore
0x0000000009838000 	/System/Library/Frameworks/ApplicationServices.framework/Versions/A/Frameworks/QD.framework/Versions/A/QD
0x0000000009838000 	/System/Library/Frameworks/ApplicationServices.framework/Versions/A/Frameworks/SpeechSynthesis.framework/Versions/A/SpeechSynthesis
0x0000000009838000 	/System/Library/Frameworks/Accelerate.framework/Versions/A/Accelerate
0x0000000009838000 	/System/Library/Frameworks/Accelerate.framework/Versions/A/Frameworks/vImage.framework/Versions/A/vImage
0x0000000009838000 	/System/Library/Frameworks/Accelerate.framework/Versions/A/Frameworks/vecLib.framework/Versions/A/vecLib
0x0000000009838000 	/System/Library/Frameworks/Accelerate.framework/Versions/A/Frameworks/vecLib.framework/Versions/A/libvDSP.dylib
0x0000000009838000 	/System/Library/Frameworks/Accelerate.framework/Versions/A/Frameworks/vecLib.framework/Versions/A/libvMisc.dylib
0x0000000009838000 	/System/Library/Frameworks/Accelerate.framework/Versions/A/Frameworks/vecLib.framework/Versions/A/libLAPACK.dylib
0x0000000009838000 	/System/Library/Frameworks/Accelerate.framework/Versions/A/Frameworks/vecLib.framework/Versions/A/libBLAS.dylib
0x0000000009838000 	/System/Library/Frameworks/Accelerate.framework/Versions/A/Frameworks/vecLib.framework/Versions/A/libLinearAlgebra.dylib
0x0000000009838000 	/System/Library/Frameworks/ApplicationServices.framework/Versions/A/Frameworks/ATS.framework/Versions/A/Resources/libFontParser.dylib
0x0000000009838000 	/System/Library/Frameworks/ApplicationServices.framework/Versions/A/Frameworks/ATS.framework/Versions/A/Resources/libFontRegistry.dylib
0x0000000009838000 	/System/Library/PrivateFrameworks/AppleVPA.framework/Versions/A/AppleVPA
0x0000000009838000 	/System/Library/PrivateFrameworks/AppleJPEG.framework/Versions/A/AppleJPEG
0x0000000009838000 	/System/Library/Frameworks/ImageIO.framework/Versions/A/Resources/libJPEG.dylib
0x0000000009838000 	/System/Library/Frameworks/ImageIO.framework/Versions/A/Resources/libTIFF.dylib
0x0000000009838000 	/System/Library/Frameworks/ImageIO.framework/Versions/A/Resources/libPng.dylib
0x0000000009838000 	/System/Library/Frameworks/ImageIO.framework/Versions/A/Resources/libGIF.dylib
0x0000000009838000 	/System/Library/Frameworks/ImageIO.framework/Versions/A/Resources/libJP2.dylib
0x0000000009838000 	/System/Library/Frameworks/ImageIO.framework/Versions/A/Resources/libRadiance.dylib
0x0000000009838000 	/System/Library/Frameworks/CoreVideo.framework/Versions/A/CoreVideo
0x0000000009838000 	/System/Library/Frameworks/OpenGL.framework/Versions/A/Libraries/libGLU.dylib
0x0000000009838000 	/System/Library/Frameworks/OpenGL.framework/Versions/A/Libraries/libGFXShared.dylib
0x0000000009838000 	/System/Library/Frameworks/OpenGL.framework/Versions/A/Libraries/libGL.dylib
0x0000000009838000 	/System/Library/Frameworks/OpenGL.framework/Versions/A/Libraries/libGLImage.dylib
0x0000000009838000 	/System/Library/Frameworks/OpenGL.framework/Versions/A/Libraries/libCVMSPluginSupport.dylib
0x0000000009838000 	/System/Library/Frameworks/OpenGL.framework/Versions/A/Libraries/libCoreVMClient.dylib
0x0000000009838000 	/usr/lib/libcups.2.dylib
0x0000000009838000 	/System/Library/Frameworks/Kerberos.framework/Versions/A/Kerberos
0x0000000009838000 	/System/Library/Frameworks/GSS.framework/Versions/A/GSS
0x0000000009838000 	/usr/lib/libresolv.9.dylib
0x0000000009838000 	/System/Library/PrivateFrameworks/Heimdal.framework/Versions/A/Heimdal
0x0000000009838000 	/usr/lib/libheimdal-asn1.dylib
0x0000000009838000 	/System/Library/Frameworks/OpenDirectory.framework/Versions/A/OpenDirectory
0x0000000009838000 	/System/Library/PrivateFrameworks/CommonAuth.framework/Versions/A/CommonAuth
0x0000000009838000 	/System/Library/Frameworks/SecurityFoundation.framework/Versions/A/SecurityFoundation
0x0000000009838000 	/System/Library/Frameworks/QuartzCore.framework/Versions/A/Frameworks/CoreImage.framework/Versions/A/CoreImage
0x0000000009838000 	/System/Library/PrivateFrameworks/CrashReporterSupport.framework/Versions/A/CrashReporterSupport
0x0000000009838000 	/System/Library/Frameworks/OpenCL.framework/Versions/A/OpenCL
0x0000000009838000 	/System/Library/PrivateFrameworks/FaceCore.framework/Versions/A/FaceCore
0x0000000009838000 	/System/Library/PrivateFrameworks/Ubiquity.framework/Versions/A/Ubiquity
0x0000000009838000 	/System/Library/PrivateFrameworks/IconServices.framework/Versions/A/IconServices
0x0000000009838000 	/System/Library/PrivateFrameworks/ChunkingLibrary.framework/Versions/A/ChunkingLibrary
0x0000000009838000 	/System/Library/PrivateFrameworks/Apple80211.framework/Versions/A/Apple80211
0x0000000009838000 	/System/Library/Frameworks/CoreWLAN.framework/Versions/A/CoreWLAN
0x0000000009838000 	/System/Library/Frameworks/IOBluetooth.framework/Versions/A/IOBluetooth
0x0000000009838000 	/System/Library/PrivateFrameworks/CoreWiFi.framework/Versions/A/CoreWiFi
0x0000000009838000 	/System/Library/Frameworks/CoreBluetooth.framework/Versions/A/CoreBluetooth
0x0000000009838000 	/System/Library/PrivateFrameworks/DebugSymbols.framework/Versions/A/DebugSymbols
0x0000000009838000 	/System/Library/PrivateFrameworks/CoreSymbolication.framework/Versions/A/CoreSymbolication
0x0000000009838000 	/System/Library/PrivateFrameworks/Symbolication.framework/Versions/A/Symbolication
0x0000000009838000 	/System/Library/PrivateFrameworks/SpeechRecognitionCore.framework/Versions/A/SpeechRecognitionCore
0x000000010ea00000 	/Library/Java/JavaVirtualMachines/jdk1.8.0.jdk/Contents/Home/jre/lib/server/libjvm.dylib
0x0000000009838000 	/usr/lib/libstdc++.6.dylib
0x000000010d9d4000 	/Library/Java/JavaVirtualMachines/jdk1.8.0.jdk/Contents/Home/jre/lib/libverify.dylib
0x000000010f9c2000 	/Library/Java/JavaVirtualMachines/jdk1.8.0.jdk/Contents/Home/jre/lib/libjava.dylib
0x000000010d9ec000 	/Library/Java/JavaVirtualMachines/jdk1.8.0.jdk/Contents/Home/jre/lib/libzip.dylib
0x000000012b5a0000 	/System/Library/Frameworks/JavaVM.framework/Frameworks/JavaRuntimeSupport.framework/JavaRuntimeSupport
0x000000012b5b8000 	/System/Library/Frameworks/JavaVM.framework/Versions/A/Frameworks/JavaNativeFoundation.framework/Versions/A/JavaNativeFoundation
0x000000012b5cd000 	/System/Library/Frameworks/JavaVM.framework/Versions/A/JavaVM
0x0000000009838000 	/System/Library/Frameworks/Carbon.framework/Versions/A/Carbon
0x000000012b5da000 	/System/Library/PrivateFrameworks/JavaLaunching.framework/Versions/A/JavaLaunching
0x0000000009838000 	/System/Library/Frameworks/Carbon.framework/Versions/A/Frameworks/CommonPanels.framework/Versions/A/CommonPanels
0x0000000009838000 	/System/Library/Frameworks/Carbon.framework/Versions/A/Frameworks/Help.framework/Versions/A/Help
0x0000000009838000 	/System/Library/Frameworks/Carbon.framework/Versions/A/Frameworks/ImageCapture.framework/Versions/A/ImageCapture
0x0000000009838000 	/System/Library/Frameworks/Carbon.framework/Versions/A/Frameworks/OpenScripting.framework/Versions/A/OpenScripting
0x0000000009838000 	/System/Library/Frameworks/Carbon.framework/Versions/A/Frameworks/Print.framework/Versions/A/Print
0x0000000009838000 	/System/Library/Frameworks/Carbon.framework/Versions/A/Frameworks/SecurityHI.framework/Versions/A/SecurityHI
0x000000012d556000 	/Library/Java/JavaVirtualMachines/jdk1.8.0.jdk/Contents/Home/jre/lib/libnet.dylib
0x000000012d860000 	/Library/Java/JavaVirtualMachines/jdk1.8.0.jdk/Contents/Home/jre/lib/libprism_es2.dylib
0x0000000009838000 	/System/Library/Frameworks/OpenGL.framework/Versions/A/Resources/GLEngine.bundle/GLEngine
0x0000000009838000 	/System/Library/Frameworks/OpenGL.framework/Versions/A/Libraries/libGLProgrammability.dylib
0x0000000000000000 	/System/Library/Extensions/AppleIntelHD5000GraphicsGLDriver.bundle/Contents/MacOS/AppleIntelHD5000GraphicsGLDriver
0x0000000009838000 	/System/Library/PrivateFrameworks/IOAccelerator.framework/Versions/A/IOAccelerator
0x0000000009838000 	/System/Library/PrivateFrameworks/GPUSupport.framework/Versions/A/Libraries/libGPUSupportMercury.dylib
0x0000000009838000 	/System/Library/Frameworks/OpenGL.framework/Versions/A/Resources/GLRendererFloat.bundle/GLRendererFloat
0x0000000009838000 	/System/Library/Frameworks/OpenCL.framework/Versions/A/Libraries/libcldcpuengine.dylib
0x0000000009838000 	/System/Library/PrivateFrameworks/DiskImages.framework/Versions/A/DiskImages
0x0000000009838000 	/System/Library/Frameworks/DiscRecording.framework/Versions/A/DiscRecording
0x0000000009838000 	/usr/lib/libcsfde.dylib
0x0000000009838000 	/usr/lib/libcurl.4.dylib
0x0000000009838000 	/System/Library/PrivateFrameworks/MediaKit.framework/Versions/A/MediaKit
0x0000000009838000 	/System/Library/PrivateFrameworks/ProtectedCloudStorage.framework/Versions/A/ProtectedCloudStorage
0x0000000009838000 	/usr/lib/libCoreStorage.dylib
0x0000000009838000 	/System/Library/PrivateFrameworks/EFILogin.framework/Versions/A/EFILogin
0x0000000009838000 	/usr/lib/libutil.dylib
0x0000000009838000 	/System/Library/PrivateFrameworks/FindMyDevice.framework/Versions/A/FindMyDevice
0x0000000009838000 	/System/Library/Frameworks/LDAP.framework/Versions/A/LDAP
0x0000000009838000 	/usr/lib/libsasl2.2.dylib
0x0000000009838000 	/System/Library/PrivateFrameworks/CoreDaemon.framework/Versions/B/CoreDaemon
0x0000000009838000 	/usr/lib/libcrypto.0.9.8.dylib
0x0000000009838000 	/System/Library/PrivateFrameworks/AppleSRP.framework/Versions/A/AppleSRP
0x0000000009838000 	/System/Library/PrivateFrameworks/TrustEvaluationAgent.framework/Versions/A/TrustEvaluationAgent
0x000000012dd0d000 	/Library/Java/JavaVirtualMachines/jdk1.8.0.jdk/Contents/Home/jre/lib/libglass.dylib
0x0000000009838000 	/System/Library/PrivateFrameworks/CoreServicesInternal.framework/Versions/A/CoreServicesInternal
0x0000000009838000 	/System/Library/PrivateFrameworks/CloudDocs.framework/Versions/A/CloudDocs
0x0000000009838000 	/System/Library/PrivateFrameworks/CoreDuet.framework/Versions/A/CoreDuet
0x0000000009838000 	/System/Library/Frameworks/CloudKit.framework/Versions/A/CloudKit
0x0000000009838000 	/System/Library/PrivateFrameworks/ProtocolBuffer.framework/Versions/A/ProtocolBuffer
0x0000000009838000 	/System/Library/PrivateFrameworks/CoreDuetDaemonProtocol.framework/Versions/A/CoreDuetDaemonProtocol
0x0000000009838000 	/System/Library/PrivateFrameworks/CoreDuetDebugLogging.framework/Versions/A/CoreDuetDebugLogging
0x0000000009838000 	/System/Library/Frameworks/CoreLocation.framework/Versions/A/CoreLocation
0x0000000009838000 	/System/Library/Frameworks/Accounts.framework/Versions/A/Accounts
0x0000000009838000 	/System/Library/PrivateFrameworks/ApplePushService.framework/Versions/A/ApplePushService
0x0000000009838000 	/System/Library/PrivateFrameworks/GeoServices.framework/Versions/A/GeoServices
0x0000000009838000 	/System/Library/PrivateFrameworks/OAuth.framework/Versions/A/OAuth
0x0000000009838000 	/System/Library/Frameworks/CoreGraphics.framework/Versions/A/Resources/libCGCMS.A.dylib
0x0000000009838000 	/System/Library/CoreServices/RawCamera.bundle/Contents/MacOS/RawCamera
0x0000000009838000 	/System/Library/Frameworks/CoreGraphics.framework/Versions/A/Resources/libRIP.A.dylib
0x0000000009838000 	/System/Library/PrivateFrameworks/FamilyControls.framework/Versions/A/FamilyControls
0x0000000009838000 	/System/Library/PrivateFrameworks/CommerceKit.framework/Versions/A/Frameworks/CommerceCore.framework/Versions/A/CommerceCore
0x0000000009838000 	/System/Library/PrivateFrameworks/SystemAdministration.framework/Versions/A/SystemAdministration
0x0000000009838000 	/System/Library/PrivateFrameworks/AppContainer.framework/Versions/A/AppContainer
0x0000000009838000 	/System/Library/PrivateFrameworks/SecCodeWrapper.framework/Versions/A/SecCodeWrapper
0x0000000009838000 	/System/Library/Frameworks/DirectoryService.framework/Versions/A/DirectoryService
0x0000000009838000 	/System/Library/PrivateFrameworks/LoginUIKit.framework/Versions/A/Frameworks/LoginUICore.framework/Versions/A/LoginUICore
0x0000000009838000 	/usr/lib/libodfde.dylib
0x0000000009838000 	/System/Library/Frameworks/CoreGraphics.framework/Versions/A/Resources/libCGXType.A.dylib
0x0000000132aad000 	cl_kernels
0x0000000132aaf000 	/System/Library/Frameworks/OpenCL.framework/Versions/A/Libraries/ImageFormats/unorm8_bgra.dylib
0x0000000132a9f000 	cl_kernels

VM Arguments:
jvm_args: -Djava.net.preferIPv4Stack=true 
java_command: Chat.jar -a 233.0.0.4 -p 45000 -m -c
java_class_path (initial): Chat.jar
Launcher Type: SUN_STANDARD

Environment Variables:
PATH=/opt/local/bin:/opt/local/sbin:/opt/local/bin:/opt/local/sbin:/usr/local/bin:/usr/bin:/bin:/usr/sbin:/sbin:/opt/X11/bin:/usr/local/git/bin
SHELL=/bin/bash
DISPLAY=/private/tmp/com.apple.launchd.hJYF7W1W8E/org.macosforge.xquartz:0

Signal Handlers:
SIGSEGV: [libjvm.dylib+0x55faef], sa_mask[0]=0xfffefeff, sa_flags=0x00000043
SIGBUS: [libjvm.dylib+0x55faef], sa_mask[0]=0xfffefeff, sa_flags=0x00000042
SIGFPE: [libjvm.dylib+0x44305a], sa_mask[0]=0xfffefeff, sa_flags=0x00000042
SIGPIPE: [libjvm.dylib+0x44305a], sa_mask[0]=0xfffefeff, sa_flags=0x00000042
SIGXFSZ: [libjvm.dylib+0x44305a], sa_mask[0]=0xfffefeff, sa_flags=0x00000042
SIGILL: [libjvm.dylib+0x44305a], sa_mask[0]=0xfffefeff, sa_flags=0x00000042
SIGUSR1: SIG_DFL, sa_mask[0]=0x63807efb, sa_flags=0x00000000
SIGUSR2: [libjvm.dylib+0x442b78], sa_mask[0]=0x00000000, sa_flags=0x00000042
SIGHUP: [libjvm.dylib+0x440f05], sa_mask[0]=0xfffefeff, sa_flags=0x00000042
SIGINT: [libjvm.dylib+0x440f05], sa_mask[0]=0xfffefeff, sa_flags=0x00000042
SIGTERM: [libjvm.dylib+0x440f05], sa_mask[0]=0xfffefeff, sa_flags=0x00000042
SIGQUIT: [libjvm.dylib+0x440f05], sa_mask[0]=0xfffefeff, sa_flags=0x00000042


---------------  S Y S T E M  ---------------

OS:Bsduname:Darwin 14.0.0 Darwin Kernel Version 14.0.0: Fri Sep 19 00:26:44 PDT 2014; root:xnu-2782.1.97~2/RELEASE_X86_64 x86_64
rlimit: STACK 8192k, CORE 0k, NPROC 709, NOFILE 10240, AS infinity
load average:2,02 1,91 1,86

CPU:total 8 (4 cores per cpu, 2 threads per core) family 6 model 70 stepping 1, cmov, cx8, fxsr, mmx, sse, sse2, sse3, ssse3, sse4.1, sse4.2, popcnt, avx, avx2, aes, clmul, erms, ht, tsc, tscinvbit

Memory: 4k page, physical 16777216k(2866716k free)

/proc/meminfo:


vm_info: Java HotSpot(TM) 64-Bit Server VM (25.0-b70) for bsd-amd64 JRE (1.8.0-b132), built on Mar  4 2014 03:11:43 by "java_re" with gcc 4.2.1 (Based on Apple Inc. build 5658) (LLVM build 2336.11.00)

time: Mon Mar 30 14:37:50 2015
elapsed time: 2 seconds

